{"meta": {"version": "7.4.0", "timestamp": "2026-01-13T11:50:51.536856", "branch_coverage": true, "show_contexts": false}, "files": {"src\\__init__.py": {"executed_lines": [1, 3, 4], "summary": {"covered_lines": 2, "num_statements": 2, "percent_covered": 100.0, "percent_covered_display": "100", "missing_lines": 0, "excluded_lines": 0, "num_branches": 0, "num_partial_branches": 0, "covered_branches": 0, "missing_branches": 0}, "missing_lines": [], "excluded_lines": [], "executed_branches": [], "missing_branches": []}, "src\\agents\\__init__.py": {"executed_lines": [1], "summary": {"covered_lines": 0, "num_statements": 0, "percent_covered": 100.0, "percent_covered_display": "100", "missing_lines": 0, "excluded_lines": 0, "num_branches": 0, "num_partial_branches": 0, "covered_branches": 0, "missing_branches": 0}, "missing_lines": [], "excluded_lines": [], "executed_branches": [], "missing_branches": []}, "src\\agents\\brief_enhancer.py": {"executed_lines": [], "summary": {"covered_lines": 0, "num_statements": 95, "percent_covered": 0.0, "percent_covered_display": "0", "missing_lines": 95, "excluded_lines": 0, "num_branches": 36, "num_partial_branches": 0, "covered_branches": 0, "missing_branches": 36}, "missing_lines": [3, 4, 6, 7, 8, 9, 12, 18, 25, 27, 41, 47, 48, 49, 52, 54, 55, 56, 59, 60, 61, 62, 64, 65, 67, 81, 84, 87, 88, 89, 94, 96, 97, 101, 102, 105, 107, 108, 116, 118, 119, 121, 122, 123, 125, 138, 145, 152, 179, 181, 194, 195, 197, 199, 200, 201, 204, 207, 209, 210, 211, 212, 213, 214, 215, 217, 219, 220, 221, 222, 224, 225, 227, 228, 229, 230, 232, 234, 247, 250, 251, 252, 255, 257, 258, 259, 260, 261, 263, 278, 281, 282, 283, 284, 286], "excluded_lines": [], "executed_branches": [], "missing_branches": [[47, 48], [47, 52], [54, 55], [54, 59], [59, 60], [59, 64], [87, 88], [87, 94], [94, 96], [94, 101], [96, 94], [96, 97], [101, 102], [101, 105], [197, 199], [197, 224], [199, 200], [199, 204], [209, 210], [209, 211], [211, 212], [211, 213], [213, 214], [213, 215], [215, 217], [215, 219], [219, 197], [219, 220], [224, 225], [224, 227], [251, 252], [251, 255], [282, 283], [282, 286], [283, 282], [283, 284]]}, "src\\agents\\brief_parser.py": {"executed_lines": [1, 3, 4, 6, 7, 8, 9, 10, 11, 14, 15, 20, 22, 29, 31, 44, 46, 48, 55, 58, 60, 61, 63, 66, 67, 68, 70, 85, 88, 89, 90, 93, 95, 96, 97, 98, 99, 101, 115, 116, 117, 118, 119, 120, 123, 124, 125, 126, 127, 128, 131, 132, 133, 134, 135, 136, 139, 140, 156, 162, 173, 176, 178, 191, 192, 198, 199, 201, 202, 204, 205, 207, 208], "summary": {"covered_lines": 71, "num_statements": 75, "percent_covered": 93.97590361445783, "percent_covered_display": "94", "missing_lines": 4, "excluded_lines": 0, "num_branches": 8, "num_partial_branches": 1, "covered_branches": 7, "missing_branches": 1}, "missing_lines": [65, 158, 159, 160], "excluded_lines": [], "executed_branches": [[63, 66], [89, 90], [89, 93], [116, 117], [116, 123], [124, 125], [124, 131]], "missing_branches": [[63, 65]]}, "src\\agents\\brief_quality_checker.py": {"executed_lines": [], "summary": {"covered_lines": 0, "num_statements": 122, "percent_covered": 0.0, "percent_covered_display": "0", "missing_lines": 122, "excluded_lines": 0, "num_branches": 63, "num_partial_branches": 0, "covered_branches": 0, "missing_branches": 63}, "missing_lines": [3, 5, 6, 7, 8, 11, 18, 40, 47, 49, 59, 62, 63, 64, 65, 67, 68, 69, 71, 72, 73, 74, 75, 76, 79, 80, 81, 82, 85, 90, 91, 94, 101, 107, 113, 130, 135, 137, 148, 151, 152, 154, 155, 156, 159, 168, 169, 172, 173, 174, 175, 176, 178, 180, 181, 182, 183, 184, 185, 186, 188, 191, 193, 203, 204, 206, 207, 209, 210, 211, 212, 213, 214, 217, 219, 230, 235, 246, 247, 255, 256, 257, 259, 260, 261, 263, 274, 281, 287, 289, 300, 307, 308, 309, 312, 319, 325, 327, 341, 344, 346, 348, 365, 368, 369, 370, 371, 374, 375, 376, 377, 380, 381, 385, 386, 388, 389, 391, 392, 394, 395, 398], "excluded_lines": [], "executed_branches": [], "missing_branches": [[67, 68], [67, 79], [71, 72], [71, 73], [73, 74], [73, 75], [75, 67], [75, 76], [94, -94], [94, 101], [107, -107], [107, 113], [151, 152], [151, 154], [154, 155], [154, 180], [155, 156], [155, 159], [168, -168], [168, 169], [168, 172], [173, 174], [173, 175], [175, 176], [175, 178], [180, 181], [180, 191], [181, 182], [181, 183], [183, 184], [183, 185], [185, 186], [185, 188], [206, 207], [206, 217], [209, 210], [209, 211], [211, 212], [211, 213], [213, 206], [213, 214], [281, -281], [281, 287], [307, 308], [307, 312], [308, 307], [308, 309], [319, -319], [319, 325], [369, 370], [369, 374], [375, 376], [375, 380], [380, 381], [380, 385], [385, 386], [385, 388], [388, 389], [388, 391], [391, 392], [391, 394], [394, 395], [394, 398]]}, "src\\agents\\client_classifier.py": {"executed_lines": [1, 3, 5, 6, 7, 10, 11, 15, 27, 30, 33, 35, 36, 37, 40, 41, 42, 43, 44, 47, 48, 49, 50, 54, 55, 60, 63, 64, 67, 73, 75, 77], "summary": {"covered_lines": 30, "num_statements": 44, "percent_covered": 67.6470588235294, "percent_covered_display": "68", "missing_lines": 14, "excluded_lines": 0, "num_branches": 24, "num_partial_branches": 6, "covered_branches": 16, "missing_branches": 8}, "missing_lines": [51, 57, 61, 68, 71, 91, 92, 94, 95, 96, 98, 99, 100, 102], "excluded_lines": [], "executed_branches": [[35, 36], [35, 60], [40, 41], [41, 42], [41, 47], [43, 41], [43, 44], [47, 48], [48, 49], [48, 54], [50, 48], [54, 55], [60, 63], [63, -63], [63, 64], [67, 73]], "missing_branches": [[40, 47], [47, 54], [50, 51], [54, 57], [60, 61], [67, 68], [94, 95], [94, 98]]}, "src\\agents\\content_generator.py": {"executed_lines": [1, 3, 4, 5, 6, 8, 13, 14, 15, 16, 17, 18, 19, 20, 21, 22, 23, 24, 25, 31, 35, 36, 41, 43, 59, 60, 61, 62, 64, 93, 94, 95, 99, 108, 114, 115, 116, 117, 132, 134, 135, 136, 137, 138, 142, 145, 148, 156, 157, 160, 161, 164, 165, 167, 169, 170, 179, 180, 181, 184, 185, 186, 187, 196, 197, 198, 201, 202, 203, 205, 206, 208, 240, 241, 242, 246, 256, 262, 263, 264, 265, 280, 296, 304, 305, 308, 309, 312, 313, 315, 317, 318, 327, 330, 331, 332, 333, 342, 345, 347, 349, 350, 362, 365, 366, 367, 369, 370, 372, 407, 408, 409, 411, 416, 417, 419, 421, 422, 427, 437, 543, 572, 573, 579, 580, 584, 585, 588, 589, 592, 594, 595, 596, 597, 600, 601, 610, 611, 612, 615, 616, 617, 619, 620, 622, 653, 654, 660, 661, 665, 666, 669, 670, 673, 675, 676, 681, 682, 691, 694, 696, 698, 699, 711, 714, 715, 716, 718, 719, 721, 746, 750, 755, 756, 764, 773, 776, 786, 788, 790, 791, 796, 804, 805, 807, 832, 836, 842, 843, 851, 853, 856, 857, 865, 874, 877, 887, 890, 892, 894, 895, 900, 908, 909, 911, 941, 943, 945, 956, 959, 969, 970, 974, 977, 985, 986, 992, 994, 1002, 1005, 1006, 1009, 1010, 1012, 1013, 1015, 1016, 1018, 1021, 1024, 1025, 1028, 1030, 1048, 1051, 1054, 1056, 1059, 1062, 1067, 1068, 1073, 1078, 1079, 1081, 1082, 1085, 1090, 1110, 1113, 1114, 1115, 1116, 1118, 1121, 1122, 1123, 1125, 1127, 1144, 1147, 1148, 1149, 1151, 1154, 1155, 1156, 1157, 1160, 1161, 1180, 1181, 1202, 1205, 1206, 1227, 1228, 1327, 1328, 1330, 1333, 1334, 1335, 1337, 1338, 1339, 1341, 1342, 1343, 1346, 1365, 1369, 1370, 1371, 1372, 1375, 1376, 1378, 1380, 1412, 1427, 1429, 1439, 1442, 1445, 1446, 1449, 1456, 1463, 1464, 1466, 1469, 1472, 1473, 1476, 1479, 1481, 1483, 1487, 1490, 1491, 1496, 1497, 1498, 1500, 1501, 1502, 1505, 1509, 1523, 1525, 1527, 1528, 1548, 1549, 1551, 1553, 1576, 1582, 1583, 1593, 1594, 1595, 1596, 1597, 1599, 1611, 1612, 1614, 1617, 1618, 1620, 1622, 1627, 1630, 1635, 1637, 1642, 1648, 1650, 1651, 1655, 1656, 1657, 1660, 1661, 1663, 1665, 1668, 1669, 1670, 1671, 1673, 1675, 1678, 1680, 1681, 1682, 1683, 1685, 1703, 1704, 1707, 1716, 1738, 1740, 1747, 1750, 1762, 1763], "summary": {"covered_lines": 387, "num_statements": 512, "percent_covered": 72.3076923076923, "percent_covered_display": "72", "missing_lines": 125, "excluded_lines": 2, "num_branches": 203, "num_partial_branches": 25, "covered_branches": 130, "missing_branches": 73}, "missing_lines": [118, 122, 123, 126, 127, 140, 143, 266, 270, 271, 274, 275, 282, 283, 284, 285, 286, 288, 290, 291, 293, 440, 445, 447, 448, 449, 459, 462, 463, 465, 466, 472, 481, 484, 485, 486, 487, 488, 492, 493, 496, 497, 498, 500, 501, 502, 503, 506, 518, 521, 522, 524, 525, 529, 537, 539, 540, 541, 574, 575, 576, 581, 655, 656, 657, 662, 677, 678, 765, 770, 866, 871, 1074, 1347, 1350, 1351, 1352, 1353, 1356, 1357, 1358, 1361, 1362, 1366, 1382, 1383, 1385, 1386, 1389, 1390, 1393, 1394, 1395, 1396, 1399, 1400, 1401, 1402, 1403, 1404, 1406, 1410, 1431, 1434, 1435, 1436, 1452, 1453, 1459, 1460, 1492, 1493, 1506, 1507, 1534, 1537, 1545, 1546, 1652, 1662, 1765, 1766, 1768, 1779, 1780], "excluded_lines": [31, 32], "executed_branches": [[93, 94], [93, 108], [115, 116], [115, 132], [117, 132], [132, 134], [132, 148], [135, 136], [135, 142], [137, 138], [142, 145], [167, 169], [167, 184], [169, 167], [169, 170], [184, 185], [184, 201], [201, 202], [201, 205], [240, 241], [240, 256], [263, 264], [263, 280], [265, 280], [280, 296], [315, 317], [315, 330], [317, 315], [317, 318], [330, 331], [330, 345], [349, -347], [349, 350], [365, 366], [365, 369], [416, 417], [421, 422], [580, 584], [592, 594], [592, 615], [595, 596], [595, 600], [600, 592], [600, 601], [615, 616], [615, 619], [661, 665], [673, 675], [673, 694], [676, 681], [681, 673], [681, 682], [698, -696], [698, 699], [714, 715], [714, 718], [764, 773], [764, 790], [842, 843], [842, 853], [865, 874], [943, 945], [943, 985], [969, 970], [969, 977], [985, -985], [985, 986], [1005, 1006], [1005, 1009], [1009, 1010], [1010, 1012], [1010, 1013], [1013, 1015], [1013, 1016], [1016, 1018], [1016, 1021], [1024, 1025], [1024, 1028], [1067, 1068], [1067, 1073], [1073, 1078], [1113, 1114], [1113, 1115], [1115, 1116], [1115, 1118], [1160, 1161], [1160, 1180], [1180, 1181], [1180, 1202], [1205, 1206], [1205, 1227], [1227, 1228], [1227, 1327], [1327, 1328], [1327, 1330], [1333, 1334], [1333, 1337], [1337, 1338], [1337, 1341], [1341, 1342], [1341, 1346], [1346, 1365], [1365, 1369], [1370, 1371], [1429, 1439], [1442, -1442], [1442, 1442], [1442, 1445], [1442, 1449], [1449, -1449], [1449, 1449], [1449, 1456], [1456, -1456], [1456, 1456], [1456, 1463], [1472, 1473], [1472, 1476], [1490, 1491], [1490, 1496], [1491, 1490], [1496, 1497], [1496, 1500], [1500, 1501], [1500, 1505], [1505, -1483], [1594, 1595], [1594, 1614], [1620, 1622], [1620, 1637], [1651, 1655], [1656, 1657], [1656, 1660], [1661, 1663], [1681, 1682]], "missing_branches": [[117, 118], [122, 123], [122, 126], [126, 127], [126, 132], [137, 140], [142, 143], [265, 266], [270, 271], [270, 274], [274, 275], [274, 280], [280, 282], [283, 284], [283, 290], [285, 286], [285, 288], [290, 291], [290, 293], [416, 419], [421, 440], [447, 448], [447, 462], [485, 486], [485, 487], [487, 488], [487, 492], [492, 493], [492, 496], [496, 497], [496, 500], [500, 501], [500, 506], [580, 581], [661, 662], [676, 677], [764, 765], [865, 866], [1009, 1024], [1073, 1074], [1346, 1347], [1350, 1351], [1350, 1356], [1352, 1353], [1352, 1356], [1356, 1357], [1356, 1361], [1361, 1362], [1361, 1365], [1365, 1366], [1370, 1375], [1382, 1383], [1382, 1385], [1389, 1390], [1389, 1399], [1393, 1394], [1393, 1399], [1395, 1396], [1395, 1399], [1399, 1400], [1399, 1406], [1401, 1402], [1401, 1406], [1403, 1404], [1403, 1406], [1429, 1431], [1449, 1452], [1456, 1459], [1491, 1492], [1505, 1506], [1651, 1652], [1661, 1662], [1681, 1683]]}, "src\\agents\\coordinator.py": {"executed_lines": [1, 13, 14, 15, 17, 18, 19, 20, 21, 22, 23, 24, 25, 26, 27, 30, 31, 42, 44, 45, 46, 47, 48, 49, 50, 52, 83, 84, 85, 88, 89, 90, 91, 94, 95, 101, 104, 105, 106, 107, 110, 111, 113, 119, 120, 121, 122, 124, 125, 139, 140, 143, 144, 145, 146, 148, 149, 150, 151, 154, 155, 158, 159, 160, 188, 190, 192, 202, 205, 206, 207, 208, 211, 219, 220, 221, 222, 223, 224, 225, 228, 229, 230, 231, 233, 235, 237, 253, 254, 255, 257, 260, 261, 262, 263, 265, 268, 269, 270, 271, 273, 274, 275, 277, 279, 281, 283, 293, 296, 303, 304, 305, 306, 307, 309, 310, 311, 315, 316, 321, 322, 324, 340, 341, 342, 354, 357, 362, 364, 371, 372, 373, 375, 378, 379, 380, 381, 384, 385, 386, 387, 388, 389, 390, 392, 393, 396, 399, 400, 402, 521, 547, 548], "summary": {"covered_lines": 151, "num_statements": 225, "percent_covered": 61.980830670926515, "percent_covered_display": "62", "missing_lines": 74, "excluded_lines": 0, "num_branches": 88, "num_partial_branches": 7, "covered_branches": 43, "missing_branches": 45}, "missing_lines": [96, 97, 98, 99, 132, 163, 170, 176, 177, 180, 182, 183, 184, 185, 256, 264, 278, 413, 414, 415, 416, 417, 418, 420, 421, 424, 425, 426, 427, 428, 429, 430, 432, 433, 436, 437, 438, 439, 440, 441, 442, 444, 445, 448, 449, 450, 452, 460, 461, 462, 463, 464, 465, 467, 468, 471, 472, 473, 476, 477, 479, 486, 489, 490, 491, 494, 509, 510, 511, 512, 513, 514, 515, 517], "excluded_lines": [], "executed_branches": [[91, -91], [91, 91], [91, 94], [95, 101], [120, 121], [120, 124], [124, 125], [140, -140], [140, 140], [140, 143], [148, 149], [150, 151], [150, 154], [154, 155], [154, 188], [219, 220], [219, 228], [221, 219], [221, 222], [223, 219], [223, 224], [228, 229], [253, 254], [253, 260], [255, 257], [260, 261], [260, 268], [263, 265], [268, 269], [268, 281], [270, 271], [270, 273], [277, 279], [304, 305], [304, 309], [306, 304], [306, 307], [309, 310], [309, 321], [341, 342], [341, 357], [388, 389], [388, 390], [392, 393], [392, 396]], "missing_branches": [[95, 96], [124, 132], [148, 154], [163, -163], [163, 170], [182, 183], [182, 188], [184, 185], [184, 188], [228, 233], [255, 256], [263, 264], [277, 278], [414, 415], [414, 420], [415, 416], [415, 420], [417, 415], [417, 418], [420, 421], [420, 424], [428, 429], [428, 430], [432, 433], [432, 436], [440, 441], [440, 442], [444, 445], [444, 448], [461, 462], [461, 467], [462, 463], [462, 467], [464, 462], [464, 465], [467, 468], [467, 471], [472, 473], [472, 476], [490, 491], [490, 494], [513, -513], [513, 514], [514, -514], [514, 515]]}, "src\\agents\\keyword_agent.py": {"executed_lines": [], "summary": {"covered_lines": 0, "num_statements": 96, "percent_covered": 0.0, "percent_covered_display": "0", "missing_lines": 96, "excluded_lines": 0, "num_branches": 32, "num_partial_branches": 0, "covered_branches": 0, "missing_branches": 32}, "missing_lines": [6, 7, 9, 11, 12, 13, 14, 17, 20, 22, 23, 25, 35, 38, 42, 56, 57, 60, 62, 68, 70, 83, 86, 87, 89, 90, 91, 94, 95, 96, 97, 98, 99, 103, 104, 105, 106, 109, 110, 111, 112, 113, 114, 115, 119, 120, 122, 124, 125, 126, 127, 130, 131, 132, 133, 135, 136, 137, 138, 139, 140, 143, 149, 151, 153, 154, 155, 156, 158, 159, 160, 161, 163, 164, 165, 166, 168, 169, 170, 171, 173, 175, 177, 236, 239, 241, 242, 243, 244, 252, 253, 254, 255, 256, 258, 264], "excluded_lines": [], "executed_branches": [], "missing_branches": [[87, 89], [87, 103], [90, 91], [90, 94], [95, 96], [95, 97], [97, 98], [97, 99], [103, 104], [103, 109], [105, 106], [105, 109], [119, 120], [119, 143], [130, 131], [130, 132], [132, 133], [132, 135], [158, 159], [158, 163], [160, 161], [160, 163], [163, 164], [163, 168], [165, 166], [165, 168], [168, 169], [168, 173], [170, 171], [170, 173], [242, 243], [242, 256]]}, "src\\agents\\keyword_refiner.py": {"executed_lines": [], "summary": {"covered_lines": 0, "num_statements": 64, "percent_covered": 0.0, "percent_covered_display": "0", "missing_lines": 64, "excluded_lines": 0, "num_branches": 18, "num_partial_branches": 0, "covered_branches": 0, "missing_branches": 18}, "missing_lines": [6, 8, 10, 11, 12, 15, 18, 20, 21, 23, 33, 36, 39, 40, 41, 43, 44, 45, 48, 49, 51, 52, 54, 71, 74, 75, 76, 84, 87, 88, 89, 90, 92, 94, 96, 109, 112, 117, 122, 128, 130, 132, 133, 134, 136, 137, 138, 139, 140, 142, 143, 144, 145, 146, 148, 160, 166, 171, 183, 192, 194, 195, 198, 200], "excluded_lines": [], "executed_branches": [], "missing_branches": [[43, 44], [43, 48], [75, 76], [75, 87], [87, 88], [87, 89], [89, 90], [89, 92], [133, 134], [133, 136], [137, 138], [137, 139], [139, 140], [139, 142], [143, 144], [143, 145], [145, -130], [145, 146]]}, "src\\agents\\memory_learning_agent.py": {"executed_lines": [1, 7, 9, 10, 11, 12, 13, 14, 16, 19, 20, 22, 28, 30, 43, 46, 49, 56, 57, 60, 63, 65, 67, 69, 81, 84, 85, 90, 91, 94, 97, 98, 99, 102, 103, 113, 115, 117, 119, 129, 132, 133, 134, 135, 137, 138, 139, 140, 142, 143, 144, 145, 148, 163, 166, 168, 170, 171, 172, 182, 183, 184, 185, 187, 189, 199, 202, 203, 204, 205, 208, 209, 210, 217, 219, 228, 230, 233, 240, 241, 242, 243, 246, 247, 248, 252, 253, 254, 259, 263, 264, 268, 272, 273, 277, 278, 282, 284, 286, 295, 297, 298, 299, 300, 303, 306, 307, 309, 310, 311, 312, 313, 314, 316, 317, 320, 323, 324, 325, 326, 329, 330, 331, 332, 335, 338, 353, 355, 359, 361, 370, 371, 372, 374, 390, 391, 396, 397, 403], "summary": {"covered_lines": 137, "num_statements": 161, "percent_covered": 78.49056603773585, "percent_covered_display": "78", "missing_lines": 24, "excluded_lines": 0, "num_branches": 104, "num_partial_branches": 21, "covered_branches": 71, "missing_branches": 33}, "missing_lines": [86, 87, 105, 175, 176, 249, 255, 256, 265, 274, 339, 340, 342, 343, 344, 345, 346, 347, 349, 350, 392, 393, 398, 401], "excluded_lines": [], "executed_branches": [[56, 57], [56, 60], [85, 90], [90, 91], [98, 99], [98, 102], [103, 113], [133, 134], [134, 135], [134, 137], [138, 139], [139, 140], [139, 142], [143, 144], [144, 145], [144, 148], [166, 168], [170, 171], [171, 172], [182, 183], [203, 204], [203, 208], [208, 209], [208, 217], [209, 208], [209, 210], [240, 241], [240, 246], [241, -241], [241, 240], [241, 241], [241, 242], [246, -246], [246, 246], [246, 247], [246, 248], [248, -248], [248, 248], [248, 252], [252, -252], [252, 252], [252, 253], [252, 259], [253, 254], [259, -259], [259, 259], [259, 263], [259, 264], [264, -264], [264, 264], [264, 268], [268, -268], [268, 268], [268, 272], [268, 273], [273, -273], [273, 273], [273, 277], [277, -277], [277, 277], [277, 278], [277, 282], [298, 299], [298, 303], [309, 310], [309, 316], [310, 311], [311, 312], [311, 313], [313, 314], [324, 325], [324, 329], [329, 330], [329, 335], [330, 331], [338, 353], [371, 372], [371, 374], [391, 396], [397, 403]], "missing_branches": [[85, 86], [90, 94], [103, 105], [133, 137], [138, 142], [143, 148], [166, 170], [170, 182], [171, 175], [182, 187], [248, 249], [253, -253], [253, 255], [255, 256], [255, 259], [264, 265], [273, 274], [310, 309], [313, 309], [330, 329], [338, 339], [339, -339], [339, 340], [340, 342], [340, 353], [342, 343], [342, 345], [345, 346], [345, 349], [391, 392], [397, 398], [398, -398], [398, 401]]}, "src\\agents\\post_regenerator.py": {"executed_lines": [1, 7, 9, 10, 11, 12, 13, 14, 15, 16, 19, 20, 22, 34, 41, 42, 44, 55, 56, 57, 59, 135, 223, 282, 300], "summary": {"covered_lines": 21, "num_statements": 119, "percent_covered": 12.42603550295858, "percent_covered_display": "12", "missing_lines": 98, "excluded_lines": 5, "num_branches": 50, "num_partial_branches": 0, "covered_branches": 0, "missing_branches": 50}, "missing_lines": [30, 31, 32, 68, 71, 72, 74, 75, 82, 83, 92, 93, 100, 101, 110, 111, 114, 115, 116, 118, 119, 120, 121, 122, 129, 130, 132, 133, 157, 158, 161, 163, 169, 172, 173, 174, 175, 176, 178, 180, 188, 191, 201, 203, 205, 206, 215, 216, 218, 219, 221, 236, 240, 241, 242, 248, 249, 255, 256, 261, 262, 267, 268, 273, 274, 280, 284, 286, 289, 290, 293, 296, 298, 318, 319, 328, 330, 331, 333, 335, 336, 341, 342, 343, 344, 345, 346, 349, 354, 356, 357, 358, 360, 361, 363, 365, 367, 372], "excluded_lines": [34, 35, 36, 37, 38], "executed_branches": [], "missing_branches": [[71, 72], [71, 92], [74, 75], [74, 82], [82, 83], [82, 92], [92, 93], [92, 100], [100, 101], [100, 110], [110, 111], [110, 114], [114, 115], [114, 132], [116, 118], [116, 132], [121, 122], [121, 132], [157, 158], [157, 163], [163, -163], [163, 169], [203, 205], [203, 215], [240, 241], [240, 280], [241, 242], [241, 248], [248, 249], [248, 255], [255, 256], [255, 261], [261, 262], [261, 267], [267, 268], [267, 273], [273, 240], [273, 274], [289, 290], [289, 293], [330, 331], [330, 367], [333, 335], [333, 365], [335, 336], [335, 341], [342, 343], [342, 349], [356, 357], [356, 360]]}, "src\\agents\\qa_agent.py": {"executed_lines": [1, 3, 5, 6, 7, 8, 9, 10, 11, 12, 13, 16, 17, 21, 28, 29, 30, 31, 34, 35, 36, 38, 49, 52, 53, 54, 55, 58, 59, 60, 63, 64, 65, 66, 67, 68, 69, 72, 73, 74, 75, 76, 77, 78, 80, 81, 85, 87, 88, 90, 93, 102, 116, 121], "summary": {"covered_lines": 52, "num_statements": 52, "percent_covered": 98.52941176470588, "percent_covered_display": "99", "missing_lines": 0, "excluded_lines": 0, "num_branches": 16, "num_partial_branches": 1, "covered_branches": 15, "missing_branches": 1}, "missing_lines": [], "excluded_lines": [], "executed_branches": [[35, -21], [35, 36], [59, 60], [59, 63], [68, 69], [68, 72], [73, 74], [73, 75], [75, 76], [77, 78], [77, 80], [80, 81], [80, 87], [87, 88], [87, 90]], "missing_branches": [[75, 77]]}, "src\\agents\\question_generator.py": {"executed_lines": [], "summary": {"covered_lines": 0, "num_statements": 77, "percent_covered": 0.0, "percent_covered_display": "0", "missing_lines": 77, "excluded_lines": 0, "num_branches": 32, "num_partial_branches": 0, "covered_branches": 0, "missing_branches": 32}, "missing_lines": [3, 4, 6, 7, 8, 9, 10, 13, 20, 76, 94, 101, 103, 117, 123, 126, 127, 128, 129, 130, 133, 134, 135, 138, 139, 142, 143, 144, 145, 146, 147, 148, 149, 150, 153, 154, 156, 157, 159, 174, 175, 176, 177, 180, 182, 184, 185, 186, 189, 190, 191, 193, 202, 218, 220, 240, 241, 249, 251, 252, 253, 262, 263, 265, 266, 267, 269, 282, 285, 286, 287, 290, 292, 293, 294, 295, 296], "excluded_lines": [], "executed_branches": [], "missing_branches": [[126, 127], [126, 133], [127, 126], [127, 128], [129, 126], [129, 130], [133, 134], [133, 142], [134, 133], [134, 135], [138, 133], [138, 139], [142, 143], [142, 153], [144, 145], [144, 153], [145, 144], [145, 146], [147, 144], [147, 148], [149, 144], [149, 150], [153, -153], [153, 154], [175, 176], [175, 180], [182, 184], [182, 189], [251, 252], [251, 262], [286, 287], [286, 290]]}, "src\\agents\\revision_agent.py": {"executed_lines": [1, 7, 9, 10, 11, 12, 13, 14, 15, 18, 19, 21, 27, 29, 49, 55, 59, 61, 69, 72, 82, 86, 91, 93, 94, 96, 98, 118, 119, 121, 122, 123, 124, 125, 126, 128, 135, 137, 139, 157, 160, 161, 162, 163, 164, 165, 168, 169, 191, 193, 202, 205, 207, 208, 210, 211, 215, 216, 218, 223, 225, 230, 232, 233, 234, 235, 236, 238, 245, 248, 249, 252, 253, 255, 257, 266, 284, 286, 288, 291, 292, 293, 297, 300, 302, 304, 315, 318, 319, 320, 321, 330, 331, 332, 334, 337, 342, 348, 349, 350, 354, 356, 357, 359, 360, 361, 365, 366, 368, 370, 383, 385, 388, 389, 390, 396], "summary": {"covered_lines": 114, "num_statements": 123, "percent_covered": 89.50276243093923, "percent_covered_display": "90", "missing_lines": 9, "excluded_lines": 0, "num_branches": 58, "num_partial_branches": 8, "covered_branches": 48, "missing_branches": 10}, "missing_lines": [243, 246, 294, 325, 351, 362, 391, 392, 394], "excluded_lines": [], "executed_branches": [[121, 122], [121, 137], [123, 124], [123, 128], [207, 208], [207, 210], [210, 211], [210, 215], [215, 216], [215, 218], [218, 218], [218, 223], [218, 225], [225, 225], [225, 230], [225, 232], [232, 233], [232, 238], [233, 234], [233, 235], [235, 236], [238, 238], [238, 245], [245, 248], [248, 249], [248, 252], [252, 253], [252, 255], [291, 292], [291, 293], [293, 297], [319, 320], [319, 330], [320, 321], [330, 331], [330, 337], [331, 332], [331, 334], [337, -337], [337, 337], [337, 342], [342, -342], [342, 342], [342, 348], [348, 349], [348, 350], [350, 354], [359, 360], [359, 361], [361, 365], [365, 366], [365, 368], [389, 390]], "missing_branches": [[235, 238], [238, 243], [245, 246], [293, 294], [320, 325], [350, 351], [361, 362], [389, 391], [391, 392], [391, 394]]}, "src\\agents\\voice_analyzer.py": {"executed_lines": [1, 3, 4, 5, 6, 8, 9, 10, 11, 12, 13, 16, 17, 19, 21, 23, 27, 29, 30, 32, 33, 34, 35, 37, 38, 40, 41, 43, 44, 45, 47, 48, 49, 50, 51, 54, 55, 56, 57, 60, 63, 65, 66, 68, 71, 75, 97, 160, 198, 276, 278, 279, 280, 281, 282, 284, 286, 300, 301, 303, 304, 305, 306, 307, 308, 310, 312, 314, 315, 317, 318, 319, 321, 323, 325, 326, 328, 329, 330, 332, 333, 336, 337, 338, 339, 340, 344, 345, 347, 356, 358, 360, 361, 363, 364, 365, 366, 367, 369, 370, 372, 373, 374, 375, 377, 379, 381, 382, 383, 384, 385, 387, 389, 390, 392, 394, 403, 404, 405, 406, 407, 408, 410, 411, 414, 415, 417, 419, 421, 422, 424, 431, 433, 434, 437, 438, 439, 440, 442, 449, 451, 453, 455, 456, 458, 466, 467, 470, 472, 476, 478, 479, 480, 481, 482, 483, 486, 487, 489, 490, 491, 492, 493, 495, 497, 499, 504, 506, 508, 509, 517, 529, 530, 531, 534, 536, 541], "summary": {"covered_lines": 175, "num_statements": 230, "percent_covered": 76.43504531722054, "percent_covered_display": "76", "missing_lines": 55, "excluded_lines": 0, "num_branches": 101, "num_partial_branches": 13, "covered_branches": 78, "missing_branches": 23}, "missing_lines": [64, 69, 114, 117, 129, 131, 139, 142, 143, 144, 145, 148, 149, 150, 151, 154, 155, 156, 158, 167, 168, 171, 183, 184, 186, 187, 190, 193, 194, 196, 205, 206, 210, 216, 217, 218, 219, 222, 261, 263, 264, 265, 268, 271, 272, 274, 334, 341, 342, 468, 510, 511, 512, 513, 515], "excluded_lines": [], "executed_branches": [[33, 34], [33, 35], [43, -43], [43, 43], [43, 44], [45, -45], [45, 45], [45, 47], [63, 65], [65, 66], [65, 68], [68, 71], [280, 281], [280, 282], [303, 304], [303, 310], [304, 303], [304, 305], [306, 303], [306, 307], [307, 306], [307, 308], [317, 318], [317, 321], [318, -318], [318, 317], [318, 318], [318, 319], [325, 326], [325, 328], [332, 333], [332, 356], [333, 336], [337, 338], [337, 344], [338, 337], [338, 339], [340, 337], [345, -345], [345, 345], [345, 347], [356, -356], [356, -323], [364, 365], [364, 369], [365, 364], [365, 366], [373, 374], [373, 377], [374, -374], [374, 375], [382, 383], [382, 385], [403, 404], [403, 410], [404, 405], [406, -406], [406, 406], [406, 407], [410, 411], [410, 417], [411, -411], [411, 411], [411, 414], [433, 434], [437, 438], [437, 439], [439, 440], [455, 456], [455, 458], [466, -466], [466, 466], [466, 467], [467, 470], [478, 479], [480, 481], [480, 489], [481, 480], [481, 482], [482, 481], [482, 483], [490, 491], [491, -491], [491, 492], [508, 509]], "missing_branches": [[63, 64], [68, 69], [186, 187], [186, 190], [217, 218], [217, 222], [264, 265], [264, 268], [333, 334], [340, 341], [374, 373], [404, 403], [433, 437], [439, 442], [467, 468], [478, 489], [490, 495], [508, -508], [508, 510], [510, 511], [510, 512], [512, 513], [512, 515]]}, "src\\cli\\__init__.py": {"executed_lines": [], "summary": {"covered_lines": 0, "num_statements": 0, "percent_covered": 100.0, "percent_covered_display": "100", "missing_lines": 0, "excluded_lines": 0, "num_branches": 0, "num_partial_branches": 0, "covered_branches": 0, "missing_branches": 0}, "missing_lines": [], "excluded_lines": [], "executed_branches": [], "missing_branches": []}, "src\\cli\\interactive_mode.py": {"executed_lines": [], "summary": {"covered_lines": 0, "num_statements": 278, "percent_covered": 0.0, "percent_covered_display": "0", "missing_lines": 278, "excluded_lines": 0, "num_branches": 95, "num_partial_branches": 0, "covered_branches": 0, "missing_branches": 95}, "missing_lines": [3, 4, 5, 6, 8, 9, 10, 11, 13, 14, 15, 16, 17, 18, 19, 20, 22, 25, 30, 32, 33, 34, 35, 36, 37, 39, 46, 47, 52, 54, 55, 57, 60, 63, 66, 68, 70, 71, 72, 73, 74, 75, 76, 77, 78, 80, 82, 84, 85, 86, 88, 93, 94, 96, 99, 101, 102, 103, 104, 106, 108, 110, 112, 116, 118, 120, 122, 129, 131, 132, 134, 135, 138, 141, 144, 145, 146, 149, 153, 154, 155, 158, 161, 164, 166, 167, 172, 174, 177, 178, 179, 181, 182, 183, 184, 185, 186, 187, 191, 194, 195, 197, 198, 200, 202, 204, 205, 209, 210, 212, 215, 216, 218, 219, 221, 223, 224, 227, 230, 231, 232, 235, 236, 239, 240, 244, 245, 246, 250, 251, 252, 254, 263, 264, 265, 268, 270, 272, 273, 275, 277, 279, 280, 281, 282, 283, 284, 285, 286, 288, 290, 291, 292, 293, 294, 295, 296, 297, 301, 302, 304, 307, 308, 310, 311, 312, 314, 325, 326, 328, 329, 333, 334, 336, 337, 340, 342, 344, 346, 347, 349, 350, 351, 355, 357, 358, 360, 362, 364, 366, 368, 370, 375, 376, 380, 382, 383, 384, 388, 390, 391, 392, 394, 395, 396, 398, 399, 401, 403, 404, 406, 408, 409, 411, 412, 413, 414, 417, 419, 420, 422, 423, 425, 427, 434, 435, 437, 438, 440, 450, 451, 452, 454, 455, 457, 458, 460, 467, 468, 469, 470, 472, 473, 474, 475, 476, 478, 479, 480, 481, 482, 484, 485, 486, 487, 488, 490, 491, 492, 494, 496, 499, 501, 502, 505, 506, 507, 509, 510, 511, 514, 516, 517, 520, 521, 522, 527, 528], "excluded_lines": [], "executed_branches": [], "missing_branches": [[54, 55], [54, 57], [70, 71], [70, 74], [72, -39], [72, 73], [77, -39], [77, 78], [88, 93], [88, 96], [134, 135], [134, 166], [144, 145], [144, 149], [145, 146], [145, 149], [153, 154], [153, 158], [166, -129], [166, 167], [194, 195], [194, 197], [209, -202], [209, 210], [218, 219], [218, 221], [223, 224], [223, 227], [230, 231], [230, 235], [239, -212], [239, 240], [244, -212], [244, 245], [250, -212], [250, 251], [268, 270], [268, 277], [272, 273], [272, 275], [277, 279], [277, 288], [281, 282], [281, 286], [288, 290], [288, 301], [292, 293], [292, 297], [301, 302], [301, 304], [325, 326], [325, 328], [328, 329], [328, 333], [333, -333], [333, 334], [333, 340], [357, 358], [357, 360], [370, 375], [370, 380], [398, 399], [398, 401], [419, 420], [419, 422], [434, 435], [434, 437], [437, 438], [437, 440], [450, 451], [450, 454], [454, 455], [454, 457], [457, 458], [457, 460], [467, 468], [467, 472], [469, 470], [469, 472], [472, 473], [472, 478], [475, 476], [475, 478], [478, 479], [478, 484], [481, 482], [481, 484], [484, 485], [484, 490], [487, 488], [487, 490], [490, 491], [490, 494], [527, -496], [527, 528]]}, "src\\config\\__init__.py": {"executed_lines": [1], "summary": {"covered_lines": 0, "num_statements": 0, "percent_covered": 100.0, "percent_covered_display": "100", "missing_lines": 0, "excluded_lines": 0, "num_branches": 0, "num_partial_branches": 0, "covered_branches": 0, "missing_branches": 0}, "missing_lines": [], "excluded_lines": [], "executed_branches": [], "missing_branches": []}, "src\\config\\brand_frameworks.py": {"executed_lines": [1, 8, 12, 57, 147, 156, 166, 168, 171, 179, 186, 203, 218, 219, 221, 224, 226, 236, 243, 246], "summary": {"covered_lines": 19, "num_statements": 34, "percent_covered": 48.148148148148145, "percent_covered_display": "48", "missing_lines": 15, "excluded_lines": 0, "num_branches": 20, "num_partial_branches": 5, "covered_branches": 7, "missing_branches": 13}, "missing_lines": [169, 220, 222, 227, 228, 229, 230, 231, 232, 234, 237, 238, 240, 256, 264], "excluded_lines": [], "executed_branches": [[168, 171], [218, 219], [218, 226], [219, 221], [221, 224], [226, 236], [236, 243]], "missing_branches": [[168, 169], [219, 220], [221, 222], [226, 227], [227, 228], [227, 229], [229, 230], [229, 231], [231, 232], [231, 234], [236, 237], [237, 238], [237, 240]]}, "src\\config\\constants.py": {"executed_lines": [1, 16, 19, 22, 23, 31, 35, 39, 46, 49, 52, 55, 58, 65, 68, 71, 74, 81, 84, 87, 90, 97, 137, 141, 144, 151, 154, 161, 164, 167, 174, 177, 186, 187, 190, 191, 194, 197, 200, 203, 210, 213, 216], "summary": {"covered_lines": 42, "num_statements": 42, "percent_covered": 100.0, "percent_covered_display": "100", "missing_lines": 0, "excluded_lines": 0, "num_branches": 0, "num_partial_branches": 0, "covered_branches": 0, "missing_branches": 0}, "missing_lines": [], "excluded_lines": [], "executed_branches": [], "missing_branches": []}, "src\\config\\platform_specs.py": {"executed_lines": [1, 7, 9, 12, 72, 107, 180, 182, 183, 186, 187, 189, 192, 194, 197], "summary": {"covered_lines": 14, "num_statements": 31, "percent_covered": 34.883720930232556, "percent_covered_display": "35", "missing_lines": 17, "excluded_lines": 0, "num_branches": 12, "num_partial_branches": 1, "covered_branches": 1, "missing_branches": 11}, "missing_lines": [184, 204, 205, 206, 208, 209, 210, 211, 213, 214, 215, 216, 217, 218, 222, 223, 228], "excluded_lines": [], "executed_branches": [[183, 186]], "missing_branches": [[183, 184], [205, 206], [205, 208], [213, 214], [213, 215], [215, 216], [215, 217], [217, 218], [217, 222], [222, 223], [222, 228]]}, "src\\config\\pricing.py": {"executed_lines": [1, 10, 11, 12, 15, 16, 17, 18, 19, 20, 23, 24, 27, 28, 31, 32, 35, 38, 45, 46, 48, 49, 50, 51, 52, 53, 56, 64, 65, 67, 72, 140, 166, 167, 168, 171, 188, 189, 190, 194, 216, 217], "summary": {"covered_lines": 38, "num_statements": 39, "percent_covered": 95.74468085106383, "percent_covered_display": "96", "missing_lines": 1, "excluded_lines": 0, "num_branches": 8, "num_partial_branches": 1, "covered_branches": 7, "missing_branches": 1}, "missing_lines": [191], "excluded_lines": [], "executed_branches": [[56, -56], [56, 56], [56, 64], [65, -45], [65, 64], [188, 189], [189, 188], [189, 190]], "missing_branches": [[188, 191]]}, "src\\config\\prompts.py": {"executed_lines": [1, 13, 14, 16, 41, 73, 83, 89, 103, 104, 106, 107, 117, 125, 126, 137], "summary": {"covered_lines": 13, "num_statements": 13, "percent_covered": 100.0, "percent_covered_display": "100", "missing_lines": 0, "excluded_lines": 0, "num_branches": 4, "num_partial_branches": 0, "covered_branches": 4, "missing_branches": 0}, "missing_lines": [], "excluded_lines": [], "executed_branches": [[107, 106], [107, 125], [126, -103], [126, 125]], "missing_branches": []}, "src\\config\\secrets_manager.py": {"executed_lines": [], "summary": {"covered_lines": 0, "num_statements": 137, "percent_covered": 0.0, "percent_covered_display": "0", "missing_lines": 137, "excluded_lines": 12, "num_branches": 42, "num_partial_branches": 0, "covered_branches": 0, "missing_branches": 42}, "missing_lines": [18, 19, 20, 21, 22, 23, 25, 28, 32, 52, 67, 68, 70, 72, 74, 75, 81, 82, 84, 85, 87, 89, 90, 95, 97, 98, 99, 101, 104, 105, 111, 123, 124, 125, 126, 128, 133, 135, 136, 137, 139, 140, 141, 142, 145, 146, 149, 150, 151, 152, 154, 156, 158, 160, 161, 162, 164, 166, 168, 169, 174, 175, 177, 178, 180, 182, 183, 184, 189, 191, 192, 193, 194, 195, 197, 199, 202, 215, 223, 224, 226, 227, 229, 231, 240, 242, 243, 245, 246, 249, 250, 251, 252, 254, 255, 257, 272, 273, 276, 282, 284, 285, 286, 287, 289, 290, 296, 298, 305, 306, 308, 310, 311, 313, 315, 317, 327, 329, 330, 331, 332, 333, 335, 336, 341, 343, 351, 353, 368, 369, 373, 376, 388, 389, 391, 395, 404], "excluded_lines": [35, 36, 37, 39, 40, 41, 43, 44, 45, 47, 48, 49], "executed_branches": [], "missing_branches": [[74, 75], [74, 81], [81, 82], [81, 84], [97, -95], [97, 98], [105, -105], [105, -101], [135, 136], [135, 139], [140, 141], [140, 158], [141, 140], [141, 142], [145, 146], [145, 149], [149, 141], [149, 150], [168, 169], [168, 174], [174, 175], [174, 177], [191, 192], [191, 193], [193, 194], [193, 195], [223, 224], [223, 226], [242, 243], [242, 245], [245, 246], [245, 249], [250, 251], [250, 254], [285, 286], [285, 289], [329, 330], [329, 335], [335, 336], [335, 341], [388, 389], [388, 391]]}, "src\\config\\settings.py": {"executed_lines": [1, 2, 3, 5, 6, 8, 11, 12, 15, 16, 18, 19, 20, 29, 37, 38, 45, 52, 58, 59, 60, 61, 62, 63, 66, 67, 70, 71, 72, 73, 76, 77, 78, 79, 80, 81, 84, 85, 86, 89, 90, 91, 92, 95, 96, 97, 98, 101, 102, 103, 106, 107, 108, 110, 111, 113, 114, 115, 116, 120], "summary": {"covered_lines": 57, "num_statements": 62, "percent_covered": 88.15789473684211, "percent_covered_display": "88", "missing_lines": 5, "excluded_lines": 0, "num_branches": 14, "num_partial_branches": 4, "covered_branches": 10, "missing_branches": 4}, "missing_lines": [30, 34, 39, 46, 53], "excluded_lines": [], "executed_branches": [[18, 19], [18, 20], [19, 18], [19, 20], [20, 19], [20, 60], [29, 37], [38, 45], [45, 52], [52, 58]], "missing_branches": [[29, 30], [38, 39], [45, 46], [52, 53]]}, "src\\config\\template_rules.py": {"executed_lines": [1, 9, 10, 12, 15, 16, 19, 20, 21, 22, 25, 26, 27, 30, 31, 32, 35, 36, 37, 40, 44, 230, 528, 546, 564], "summary": {"covered_lines": 23, "num_statements": 23, "percent_covered": 100.0, "percent_covered_display": "100", "missing_lines": 0, "excluded_lines": 0, "num_branches": 0, "num_partial_branches": 0, "covered_branches": 0, "missing_branches": 0}, "missing_lines": [], "excluded_lines": [], "executed_branches": [], "missing_branches": []}, "src\\config\\template_rules_expanded.py": {"executed_lines": [], "summary": {"covered_lines": 0, "num_statements": 23, "percent_covered": 0.0, "percent_covered_display": "0", "missing_lines": 23, "excluded_lines": 0, "num_branches": 0, "num_partial_branches": 0, "covered_branches": 0, "missing_branches": 0}, "missing_lines": [9, 10, 12, 15, 19, 20, 21, 22, 25, 26, 27, 30, 31, 32, 35, 36, 37, 40, 44, 230, 528, 546, 564], "excluded_lines": [], "executed_branches": [], "missing_branches": []}, "src\\config\\template_rules_original_backup.py": {"executed_lines": [], "summary": {"covered_lines": 0, "num_statements": 11, "percent_covered": 0.0, "percent_covered_display": "0", "missing_lines": 11, "excluded_lines": 0, "num_branches": 0, "num_partial_branches": 0, "covered_branches": 0, "missing_branches": 0}, "missing_lines": [3, 4, 6, 9, 12, 13, 14, 15, 16, 20, 87], "excluded_lines": [], "executed_branches": [], "missing_branches": []}, "src\\database\\__init__.py": {"executed_lines": [1, 6, 8], "summary": {"covered_lines": 2, "num_statements": 2, "percent_covered": 100.0, "percent_covered_display": "100", "missing_lines": 0, "excluded_lines": 0, "num_branches": 0, "num_partial_branches": 0, "covered_branches": 0, "missing_branches": 0}, "missing_lines": [], "excluded_lines": [], "executed_branches": [], "missing_branches": []}, "src\\database\\migrate_phase8b.py": {"executed_lines": [], "summary": {"covered_lines": 0, "num_statements": 78, "percent_covered": 0.0, "percent_covered_display": "0", "missing_lines": 78, "excluded_lines": 2, "num_branches": 6, "num_partial_branches": 0, "covered_branches": 0, "missing_branches": 6}, "missing_lines": [7, 8, 9, 12, 15, 17, 18, 20, 22, 23, 25, 26, 27, 29, 34, 37, 40, 41, 42, 45, 48, 53, 54, 55, 58, 61, 64, 67, 71, 76, 79, 82, 83, 86, 89, 91, 96, 99, 114, 117, 120, 124, 127, 149, 152, 155, 159, 164, 166, 169, 173, 176, 178, 181, 182, 184, 185, 187, 188, 189, 190, 192, 193, 194, 195, 198, 201, 203, 205, 206, 207, 208, 211, 212, 214, 216, 217, 220], "excluded_lines": [223, 224], "executed_branches": [], "missing_branches": [[25, 26], [25, 29], [82, 83], [82, 91], [205, 206], [205, 211]]}, "src\\database\\project_db.py": {"executed_lines": [1, 7, 8, 9, 10, 11, 13, 14, 22, 25, 26, 28, 34, 36, 38, 39, 42, 44, 46, 48, 49, 50, 51, 52, 54, 55, 57, 58, 59, 60, 62, 68, 77, 78, 79, 80, 101, 102, 120, 121, 125, 134, 135, 136, 137, 139, 140, 143, 161, 179, 201, 210, 211, 212, 214, 234, 248, 249, 253, 278, 309, 338, 347, 348, 349, 357, 358, 360, 400, 418, 453, 470, 500, 553, 569, 578, 580, 581, 582, 583, 585, 586, 587, 589, 598, 599, 600, 601, 602, 638, 639, 643, 652, 653, 654, 655, 704, 705, 707, 716, 718, 719, 721, 722, 723, 725, 734, 735, 736, 737, 761, 762, 764, 774, 776, 777, 778, 787, 788, 792, 836, 877, 924, 934, 935, 937, 950, 951, 959, 961, 971, 972, 975, 983, 985, 987, 998, 999, 1016, 1017, 1019, 1031, 1033, 1034, 1036, 1046, 1055, 1056, 1058, 1072, 1073, 1076, 1085, 1087, 1089, 1090, 1091, 1092, 1095, 1096, 1097, 1101, 1124, 1125, 1126, 1128, 1145, 1146, 1148, 1158, 1159, 1161, 1172, 1180, 1181, 1183, 1199, 1256, 1322, 1372, 1446, 1505, 1551, 1592, 1661, 1720], "summary": {"covered_lines": 184, "num_statements": 444, "percent_covered": 38.62876254180602, "percent_covered_display": "39", "missing_lines": 260, "excluded_lines": 0, "num_branches": 154, "num_partial_branches": 5, "covered_branches": 47, "missing_branches": 107}, "missing_lines": [122, 123, 141, 152, 153, 154, 158, 159, 170, 171, 172, 176, 177, 189, 190, 191, 194, 195, 250, 251, 262, 263, 264, 265, 267, 268, 271, 272, 273, 275, 276, 287, 288, 289, 293, 294, 295, 296, 299, 302, 303, 305, 307, 322, 323, 325, 326, 327, 335, 336, 370, 371, 372, 373, 393, 394, 409, 410, 411, 412, 414, 415, 416, 427, 428, 429, 450, 451, 462, 463, 464, 467, 468, 480, 481, 482, 493, 494, 509, 510, 513, 516, 519, 528, 531, 534, 543, 545, 559, 560, 561, 562, 563, 640, 641, 803, 804, 805, 820, 823, 832, 834, 849, 851, 852, 854, 855, 865, 874, 875, 887, 888, 891, 898, 899, 902, 911, 921, 922, 952, 1037, 1162, 1169, 1170, 1189, 1190, 1191, 1192, 1193, 1226, 1228, 1229, 1231, 1233, 1252, 1253, 1254, 1275, 1277, 1278, 1280, 1281, 1283, 1284, 1285, 1287, 1288, 1289, 1291, 1292, 1293, 1295, 1297, 1298, 1299, 1301, 1302, 1304, 1305, 1306, 1318, 1320, 1332, 1333, 1335, 1341, 1343, 1344, 1345, 1347, 1349, 1350, 1353, 1354, 1356, 1401, 1402, 1404, 1425, 1426, 1429, 1443, 1444, 1463, 1464, 1466, 1467, 1469, 1470, 1471, 1473, 1474, 1475, 1477, 1479, 1480, 1481, 1483, 1484, 1486, 1487, 1488, 1501, 1503, 1512, 1513, 1515, 1527, 1529, 1530, 1538, 1539, 1569, 1571, 1572, 1574, 1576, 1590, 1613, 1615, 1616, 1618, 1619, 1621, 1622, 1623, 1625, 1626, 1627, 1629, 1630, 1631, 1633, 1634, 1635, 1637, 1639, 1640, 1641, 1643, 1644, 1646, 1647, 1648, 1657, 1659, 1671, 1673, 1674, 1676, 1678, 1695, 1698, 1699, 1700, 1701, 1702, 1704, 1714, 1722], "excluded_lines": [], "executed_branches": [[34, 36], [34, 38], [48, -44], [48, 49], [49, 50], [49, 52], [55, 54], [55, 68], [77, -68], [77, 78], [134, -125], [134, 135], [139, 140], [210, -201], [210, 211], [347, -338], [347, 348], [580, -569], [580, 581], [585, 586], [585, 587], [598, -589], [598, 599], [652, -643], [652, 653], [719, 721], [734, -725], [734, 735], [776, -764], [776, 777], [934, -924], [934, 935], [951, 959], [971, -961], [971, 972], [985, 987], [985, 998], [1033, -1019], [1033, 1034], [1036, 1046], [1072, -1058], [1072, 1073], [1087, 1089], [1087, 1124], [1158, -1148], [1158, 1159], [1161, 1172]], "missing_branches": [[139, 141], [152, -143], [152, 153], [170, -161], [170, 171], [189, -179], [189, 190], [262, -253], [262, 263], [267, 268], [267, 276], [287, -278], [287, 288], [295, 296], [295, 307], [322, 323], [322, 325], [325, -309], [325, 326], [370, -360], [370, 371], [372, 373], [372, 393], [409, -400], [409, 410], [414, 415], [414, 416], [427, -418], [427, 428], [462, -453], [462, 463], [480, -470], [480, 481], [509, -500], [509, 510], [559, -553], [559, 560], [719, 723], [803, -792], [803, 804], [851, -836], [851, 852], [854, 855], [854, 865], [887, -877], [887, 888], [951, 952], [1036, 1037], [1161, 1162], [1189, -1183], [1189, 1190], [1228, -1199], [1228, 1229], [1277, -1256], [1277, 1278], [1283, 1284], [1283, 1287], [1287, 1288], [1287, 1291], [1291, 1292], [1291, 1295], [1297, 1298], [1297, 1301], [1305, 1306], [1305, 1320], [1332, -1322], [1332, 1333], [1343, 1344], [1343, 1347], [1401, -1372], [1401, 1402], [1463, -1446], [1463, 1464], [1469, 1470], [1469, 1473], [1473, 1474], [1473, 1477], [1479, 1480], [1479, 1483], [1487, 1488], [1487, 1503], [1512, -1505], [1512, 1513], [1529, 1530], [1529, 1538], [1571, -1551], [1571, 1572], [1615, -1592], [1615, 1616], [1621, 1622], [1621, 1625], [1625, 1626], [1625, 1629], [1629, 1630], [1629, 1633], [1633, 1634], [1633, 1637], [1639, 1640], [1639, 1643], [1647, 1648], [1647, 1659], [1673, -1661], [1673, 1674], [1699, 1700], [1699, 1714], [1701, 1702], [1701, 1704]]}, "src\\exceptions.py": {"executed_lines": [1, 25, 26, 38, 39, 48, 49, 63, 64, 67, 68, 77, 78, 93, 94, 97, 98, 108, 109, 123, 124, 127, 128, 142, 143, 146, 147, 156, 157, 171, 189, 190, 191, 192, 195, 212, 218, 219, 222, 223, 232], "summary": {"covered_lines": 26, "num_statements": 26, "percent_covered": 100.0, "percent_covered_display": "100", "missing_lines": 0, "excluded_lines": 0, "num_branches": 6, "num_partial_branches": 0, "covered_branches": 6, "missing_branches": 0}, "missing_lines": [], "excluded_lines": [], "executed_branches": [[190, 191], [190, 192], [218, 219], [218, 222], [232, -232], [232, -195], [232, 232]], "missing_branches": []}, "src\\models\\__init__.py": {"executed_lines": [1], "summary": {"covered_lines": 0, "num_statements": 0, "percent_covered": 100.0, "percent_covered_display": "100", "missing_lines": 0, "excluded_lines": 0, "num_branches": 0, "num_partial_branches": 0, "covered_branches": 0, "missing_branches": 0}, "missing_lines": [], "excluded_lines": [], "executed_branches": [], "missing_branches": []}, "src\\models\\audience_research_models.py": {"executed_lines": [1, 3, 4, 6, 9, 10, 12, 13, 14, 15, 16, 17, 20, 21, 23, 24, 25, 26, 29, 30, 32, 33, 34, 35, 36, 39, 40, 42, 45, 46, 49, 52, 55, 58, 64, 65, 67, 70, 73, 74, 77, 82, 83, 85, 86, 90, 91, 92, 95, 96, 98, 99, 100, 101, 104, 107, 110, 111, 113, 114, 115, 116, 119, 120, 125, 128, 131, 134, 139, 144, 149, 154, 159, 164, 169, 174, 179, 184, 189, 193, 194], "summary": {"covered_lines": 72, "num_statements": 72, "percent_covered": 100.0, "percent_covered_display": "100", "missing_lines": 0, "excluded_lines": 0, "num_branches": 0, "num_partial_branches": 0, "covered_branches": 0, "missing_branches": 0}, "missing_lines": [], "excluded_lines": [], "executed_branches": [], "missing_branches": []}, "src\\models\\brief_quality.py": {"executed_lines": [], "summary": {"covered_lines": 0, "num_statements": 31, "percent_covered": 0.0, "percent_covered_display": "0", "missing_lines": 31, "excluded_lines": 0, "num_branches": 4, "num_partial_branches": 0, "covered_branches": 0, "missing_branches": 4}, "missing_lines": [3, 4, 6, 9, 12, 13, 14, 15, 18, 22, 23, 24, 27, 32, 33, 36, 39, 42, 45, 46, 49, 50, 51, 53, 55, 65, 66, 67, 68, 69, 71], "excluded_lines": [], "executed_branches": [], "missing_branches": [[65, 66], [65, 71], [68, 69], [68, 71]]}, "src\\models\\client_brief.py": {"executed_lines": [1, 2, 3, 5, 8, 9, 11, 12, 13, 14, 15, 16, 17, 20, 21, 23, 24, 25, 26, 27, 28, 30, 31, 33, 34, 35, 36, 37, 40, 41, 43, 44, 45, 48, 49, 52, 53, 54, 55, 58, 59, 60, 65, 68, 69, 70, 73, 76, 79, 84, 85, 86, 91, 92, 97, 100, 105, 107, 108, 109, 111, 112, 114, 116, 129, 131], "summary": {"covered_lines": 61, "num_statements": 72, "percent_covered": 78.72340425531915, "percent_covered_display": "79", "missing_lines": 11, "excluded_lines": 0, "num_branches": 22, "num_partial_branches": 1, "covered_branches": 13, "missing_branches": 9}, "missing_lines": [113, 118, 119, 120, 121, 122, 123, 124, 125, 126, 127], "excluded_lines": [], "executed_branches": [[31, -20], [31, 30], [34, 35], [34, 37], [35, 34], [35, 36], [107, 108], [107, 109], [108, 107], [108, 109], [109, 108], [109, 116], [112, 114]], "missing_branches": [[112, 113], [119, 120], [119, 121], [121, 122], [121, 123], [123, 124], [123, 125], [125, 126], [125, 127]]}, "src\\models\\client_memory.py": {"executed_lines": [1, 6, 7, 8, 10, 13, 14, 17, 20, 21, 24, 29, 30, 31, 36, 39, 42, 47, 53, 56, 59, 64, 67, 70, 75, 80, 81, 84, 89, 91, 92, 94, 96, 97, 99, 101, 103, 104, 106, 108, 118, 119, 120, 122, 123, 125, 126, 128, 129, 131, 137, 138, 140, 166, 176, 178, 206, 207, 210, 211, 212, 216, 217, 218, 222, 223, 224, 228, 229, 230, 234, 235, 236, 241, 242, 244, 245, 247, 248, 250, 253, 254, 256, 259, 260, 263, 264, 266, 271, 273, 282, 283, 286, 287, 289, 290, 293, 295, 298, 299, 301, 302, 303, 306, 309, 312, 313, 314, 319, 320, 321, 322, 324, 326, 341, 342], "summary": {"covered_lines": 112, "num_statements": 160, "percent_covered": 64.35185185185185, "percent_covered_display": "64", "missing_lines": 48, "excluded_lines": 0, "num_branches": 56, "num_partial_branches": 11, "covered_branches": 27, "missing_branches": 29}, "missing_lines": [100, 147, 150, 152, 154, 155, 157, 159, 161, 162, 164, 173, 174, 213, 214, 219, 220, 225, 226, 231, 232, 237, 238, 268, 269, 345, 346, 347, 348, 349, 351, 352, 353, 354, 355, 357, 358, 359, 360, 361, 363, 364, 365, 366, 367, 370, 371, 373], "excluded_lines": [], "executed_branches": [[92, 91], [92, 96], [97, 96], [97, 103], [99, 101], [104, 103], [104, 108], [122, 123], [122, 125], [125, 126], [125, 128], [207, -13], [207, 206], [210, 211], [216, 217], [222, 223], [228, 229], [234, 235], [241, 242], [244, 245], [247, 248], [283, -253], [283, 282], [286, 287], [289, 290], [342, -298], [342, 341]], "missing_branches": [[99, 100], [150, 152], [150, 157], [154, 155], [154, 164], [157, 159], [157, 164], [161, 162], [161, 164], [210, 216], [216, 222], [222, 228], [228, 234], [234, 241], [241, 244], [244, 247], [247, 250], [286, 289], [289, 293], [345, 346], [345, 351], [351, 352], [351, 357], [357, 358], [357, 363], [363, 364], [363, 370], [370, 371], [370, 373]]}, "src\\models\\competitive_analysis_models.py": {"executed_lines": [1, 3, 4, 6, 9, 10, 12, 13, 14, 17, 18, 20, 21, 22, 23, 24, 25, 26, 27, 30, 31, 33, 34, 35, 38, 41, 44, 47, 48, 51, 52, 55, 56, 59, 60, 62, 63, 64, 65, 68, 73, 74, 76, 77, 78, 79, 80, 83, 84, 86, 87, 88, 89, 94, 95, 97, 98, 99, 102, 107, 108, 111, 114, 117, 122, 125, 128, 132, 133], "summary": {"covered_lines": 61, "num_statements": 61, "percent_covered": 100.0, "percent_covered_display": "100", "missing_lines": 0, "excluded_lines": 0, "num_branches": 0, "num_partial_branches": 0, "covered_branches": 0, "missing_branches": 0}, "missing_lines": [], "excluded_lines": [], "executed_branches": [], "missing_branches": []}, "src\\models\\content_audit_models.py": {"executed_lines": [1, 3, 4, 6, 9, 10, 12, 13, 14, 15, 16, 19, 20, 22, 23, 24, 25, 26, 27, 28, 29, 30, 31, 34, 35, 37, 38, 39, 40, 43, 44, 46, 47, 48, 49, 50, 53, 54, 55, 60, 61, 62, 65, 66, 67, 70, 71, 74, 77, 78, 83, 84, 86, 87, 88, 89, 90, 93, 96, 97, 99, 100, 101, 102, 105, 106, 108, 109, 110, 111, 112, 113, 116, 117, 119, 120, 121, 122, 123, 126, 127, 129, 130, 131, 132, 135, 136, 138, 139, 140, 141, 144, 145, 148, 153, 156, 161, 166, 170, 174, 178, 183, 186, 191, 195, 199, 204, 205, 206, 210, 211], "summary": {"covered_lines": 100, "num_statements": 100, "percent_covered": 100.0, "percent_covered_display": "100", "missing_lines": 0, "excluded_lines": 0, "num_branches": 0, "num_partial_branches": 0, "covered_branches": 0, "missing_branches": 0}, "missing_lines": [], "excluded_lines": [], "executed_branches": [], "missing_branches": []}, "src\\models\\content_calendar_models.py": {"executed_lines": [1, 3, 4, 6, 9, 10, 12, 13, 14, 15, 16, 17, 18, 21, 22, 24, 25, 26, 27, 28, 31, 32, 34, 35, 36, 37, 38, 39, 42, 43, 45, 46, 47, 50, 51, 52, 55, 60, 61, 62, 65, 68, 71, 72, 74, 75, 76, 79, 80, 83, 84, 86, 87, 88, 92, 95, 98, 99, 101, 102, 103, 104, 105, 108, 109, 114, 117, 120, 125, 130, 135, 136, 137, 143, 148, 152, 156, 161, 165, 168, 172, 176, 177], "summary": {"covered_lines": 75, "num_statements": 75, "percent_covered": 100.0, "percent_covered_display": "100", "missing_lines": 0, "excluded_lines": 0, "num_branches": 0, "num_partial_branches": 0, "covered_branches": 0, "missing_branches": 0}, "missing_lines": [], "excluded_lines": [], "executed_branches": [], "missing_branches": []}, "src\\models\\content_gap_models.py": {"executed_lines": [1, 3, 4, 6, 9, 10, 12, 13, 14, 15, 18, 19, 21, 22, 23, 24, 25, 26, 29, 30, 32, 33, 34, 37, 38, 39, 44, 45, 46, 49, 50, 53, 56, 57, 59, 60, 61, 64, 65, 70, 71, 73, 74, 75, 76, 79, 82, 83, 85, 86, 87, 90, 93, 94, 96, 97, 98, 101, 106, 111, 116, 121, 126, 131, 136, 141, 142, 143, 148, 152, 156, 157], "summary": {"covered_lines": 64, "num_statements": 64, "percent_covered": 100.0, "percent_covered_display": "100", "missing_lines": 0, "excluded_lines": 0, "num_branches": 0, "num_partial_branches": 0, "covered_branches": 0, "missing_branches": 0}, "missing_lines": [], "excluded_lines": [], "executed_branches": [], "missing_branches": []}, "src\\models\\icp_workshop_models.py": {"executed_lines": [1, 7, 8, 10, 13, 14, 16, 17, 18, 19, 20, 21, 24, 29, 30, 32, 33, 36, 37, 40, 43, 44, 46, 47, 50, 51, 54, 59, 60, 62, 65, 68, 69, 72, 77, 78, 80, 83, 84, 85, 88, 93, 94, 97, 98, 102, 105, 108, 111, 114, 117, 122, 125, 128, 131, 136, 137, 139, 140, 141, 144], "summary": {"covered_lines": 53, "num_statements": 53, "percent_covered": 98.18181818181819, "percent_covered_display": "98", "missing_lines": 0, "excluded_lines": 0, "num_branches": 2, "num_partial_branches": 1, "covered_branches": 1, "missing_branches": 1}, "missing_lines": [], "excluded_lines": [], "executed_branches": [[98, 98], [98, 102]], "missing_branches": [[98, -98]]}, "src\\models\\market_trends_models.py": {"executed_lines": [1, 3, 4, 6, 9, 10, 12, 13, 14, 15, 16, 19, 20, 22, 23, 24, 27, 28, 30, 31, 32, 33, 36, 37, 40, 41, 42, 45, 48, 51, 52, 54, 55, 56, 57, 60, 61, 63, 64, 65, 66, 67, 70, 71, 73, 74, 75, 76, 79, 80, 82, 83, 84, 87, 92, 95, 100, 105, 110, 114, 119, 120, 123, 125, 126], "summary": {"covered_lines": 57, "num_statements": 57, "percent_covered": 100.0, "percent_covered_display": "100", "missing_lines": 0, "excluded_lines": 0, "num_branches": 0, "num_partial_branches": 0, "covered_branches": 0, "missing_branches": 0}, "missing_lines": [], "excluded_lines": [], "executed_branches": [], "missing_branches": []}, "src\\models\\platform_strategy_models.py": {"executed_lines": [1, 3, 4, 6, 9, 10, 12, 13, 14, 15, 16, 17, 18, 19, 20, 21, 22, 25, 26, 28, 29, 30, 31, 32, 33, 34, 37, 38, 40, 41, 42, 43, 46, 47, 49, 50, 51, 52, 53, 54, 57, 58, 60, 61, 62, 65, 66, 69, 72, 73, 76, 77, 78, 79, 82, 83, 85, 88, 91, 94, 97, 100, 101, 103, 104, 107, 108, 111, 112, 114, 115, 116, 117, 120, 121, 123, 124, 125, 126, 129, 130, 133, 138, 143, 148, 151, 154, 159, 163, 167, 172, 176, 180, 181], "summary": {"covered_lines": 84, "num_statements": 84, "percent_covered": 100.0, "percent_covered_display": "100", "missing_lines": 0, "excluded_lines": 0, "num_branches": 0, "num_partial_branches": 0, "covered_branches": 0, "missing_branches": 0}, "missing_lines": [], "excluded_lines": [], "executed_branches": [], "missing_branches": []}, "src\\models\\post.py": {"executed_lines": [1, 2, 3, 5, 7, 10, 11, 14, 15, 16, 17, 20, 21, 22, 25, 30, 33, 36, 39, 40, 43, 44, 46, 47, 48, 50, 51, 52, 54, 56, 58, 59, 60, 61, 64, 65, 67, 68, 70, 71, 85, 87, 89, 90, 92, 94, 96, 97, 98, 101, 102, 103, 104, 105, 106, 108], "summary": {"covered_lines": 54, "num_statements": 54, "percent_covered": 97.5, "percent_covered_display": "98", "missing_lines": 0, "excluded_lines": 0, "num_branches": 26, "num_partial_branches": 2, "covered_branches": 24, "missing_branches": 2}, "missing_lines": [], "excluded_lines": [], "executed_branches": [[46, 47], [46, 48], [47, 46], [47, 48], [48, 47], [48, 54], [50, 51], [50, 52], [56, 58], [58, 59], [58, 60], [60, 61], [64, -54], [64, 65], [68, 67], [68, 87], [85, -85], [85, -67], [85, 85], [96, 97], [96, 108], [102, 103], [102, 104], [105, 106], [105, 108]], "missing_branches": [[56, -54], [60, 64]]}, "src\\models\\posting_schedule.py": {"executed_lines": [1, 2, 3, 4, 5, 6, 8, 11, 12, 14, 15, 16, 17, 18, 19, 20, 23, 24, 38, 39, 40, 41, 42, 43, 44, 45, 46, 49, 50, 66, 67, 68, 69, 70, 71, 72, 73, 75, 77, 78, 79, 82, 83, 85, 86, 87, 88, 89, 91, 92, 93, 94, 97, 101, 102, 103, 104, 108, 109, 110, 111, 112, 113, 114, 116, 119, 120, 121, 123, 125, 126, 127, 130, 131, 144, 146, 148, 149, 151, 155, 156, 157, 158, 160, 161, 162, 163, 164, 165, 166, 167, 168, 169, 170, 172, 173], "summary": {"covered_lines": 92, "num_statements": 94, "percent_covered": 94.91525423728814, "percent_covered_display": "95", "missing_lines": 2, "excluded_lines": 0, "num_branches": 24, "num_partial_branches": 4, "covered_branches": 20, "missing_branches": 4}, "missing_lines": [152, 153], "excluded_lines": [], "executed_branches": [[86, 87], [86, 91], [87, 88], [87, 89], [91, 92], [91, 108], [101, 91], [101, 102], [109, 110], [112, 113], [114, -114], [114, 114], [114, 116], [119, 120], [125, 126], [125, 144], [130, 125], [130, 131], [160, 161], [160, 172], [168, 169]], "missing_branches": [[109, 116], [112, 116], [119, 121], [168, 170]]}, "src\\models\\project.py": {"executed_lines": [1, 6, 7, 8, 10, 13, 14, 16, 17, 18, 21, 22, 24, 25, 26, 27, 30, 31, 33, 36, 37, 38, 39, 40, 41, 42, 43, 45, 59, 60, 62, 63, 64, 67, 68, 70, 71, 72, 73, 74, 75, 76, 77, 79, 94, 95, 97, 98, 99, 100, 101, 102, 103, 104, 105, 107, 120, 121, 130, 135, 141, 142, 144, 145, 146, 147, 148, 149, 151, 152, 154, 156, 157, 161, 162, 166, 172, 178, 190, 191, 198, 199, 201, 202, 203, 204, 205, 206, 207, 209], "summary": {"covered_lines": 82, "num_statements": 116, "percent_covered": 68.1159420289855, "percent_covered_display": "68", "missing_lines": 34, "excluded_lines": 0, "num_branches": 22, "num_partial_branches": 0, "covered_branches": 12, "missing_branches": 10}, "missing_lines": [47, 81, 109, 123, 124, 125, 126, 127, 128, 132, 133, 137, 138, 159, 164, 168, 169, 170, 174, 175, 176, 180, 194, 195, 211, 212, 213, 215, 216, 217, 218, 220, 221, 223], "excluded_lines": [], "executed_branches": [[60, -30], [60, 59], [121, 120], [121, 130], [152, 151], [152, 156], [157, 156], [157, 161], [162, 161], [162, 166], [191, -141], [191, 190]], "missing_branches": [[124, 125], [124, 126], [169, -166], [169, 170], [215, 216], [215, 220], [217, 218], [217, 220], [220, 221], [220, 223]]}, "src\\models\\qa_report.py": {"executed_lines": [1, 6, 7, 9, 12, 13, 16, 17, 18, 23, 24, 27, 28, 29, 30, 31, 36, 37, 41, 48, 51, 52, 53, 54, 55, 56, 59, 60, 61, 62, 63, 64, 67, 68, 69, 70, 71, 72, 73, 74, 75, 76, 77, 78, 81, 82, 83, 84, 85, 86, 87, 88, 89, 90, 95, 96, 97, 98, 99, 100, 101, 104, 105, 106, 107, 108, 109, 110, 111, 112, 113, 114, 115, 116, 117, 118, 119, 120, 121, 122, 125, 126, 127, 128, 129, 132, 133, 134, 135, 136, 137, 138, 139, 142, 145, 146, 147, 148, 151, 152, 155, 156, 161, 162, 163, 166, 167, 168, 169, 170, 173, 174, 175, 176, 177, 178, 181, 183, 185, 192, 193], "summary": {"covered_lines": 119, "num_statements": 123, "percent_covered": 94.57831325301204, "percent_covered_display": "95", "missing_lines": 4, "excluded_lines": 0, "num_branches": 43, "num_partial_branches": 3, "covered_branches": 38, "missing_branches": 5}, "missing_lines": [157, 158, 159, 160], "excluded_lines": [], "executed_branches": [[73, 74], [73, 78], [76, 77], [76, 78], [87, 88], [87, 96], [90, -90], [90, 90], [90, 95], [90, 96], [96, 97], [96, 101], [99, 100], [99, 101], [111, 112], [111, 117], [114, 115], [114, 117], [115, 116], [117, 118], [117, 122], [120, 121], [120, 122], [133, 134], [133, 138], [136, 137], [136, 138], [145, 146], [145, 166], [156, 161], [166, 167], [166, 183], [169, 170], [173, 174], [173, 175], [175, 176], [175, 177], [177, 178], [177, 181]], "missing_branches": [[115, 114], [156, 157], [159, 160], [159, 161], [169, 173]]}, "src\\models\\quality_profile.py": {"executed_lines": [1, 8, 11, 12, 35, 36, 39, 45, 50, 51, 54, 60, 63, 64, 66, 67, 69, 73, 75, 76, 78, 82, 84, 85, 87, 102, 106, 107, 136, 153, 229, 241, 244], "summary": {"covered_lines": 30, "num_statements": 54, "percent_covered": 52.7027027027027, "percent_covered_display": "53", "missing_lines": 24, "excluded_lines": 0, "num_branches": 20, "num_partial_branches": 3, "covered_branches": 9, "missing_branches": 11}, "missing_lines": [70, 79, 104, 120, 121, 123, 124, 125, 127, 128, 129, 130, 131, 132, 133, 134, 142, 143, 145, 146, 148, 149, 242, 243], "excluded_lines": [], "executed_branches": [[67, 66], [67, 75], [69, 73], [76, 75], [76, 84], [78, 82], [107, 106], [107, 136], [241, 244]], "missing_branches": [[69, 70], [78, 79], [124, 125], [124, 127], [128, 129], [128, 130], [131, 132], [131, 133], [148, -136], [148, 149], [241, 242]]}, "src\\models\\question.py": {"executed_lines": [], "summary": {"covered_lines": 0, "num_statements": 23, "percent_covered": 0.0, "percent_covered_display": "0", "missing_lines": 23, "excluded_lines": 0, "num_branches": 4, "num_partial_branches": 0, "covered_branches": 0, "missing_branches": 4}, "missing_lines": [3, 4, 6, 9, 12, 13, 14, 15, 18, 21, 22, 23, 24, 25, 26, 28, 39, 41, 42, 44, 46, 47, 49], "excluded_lines": [], "executed_branches": [], "missing_branches": [[41, 42], [41, 44], [46, 47], [46, 49]]}, "src\\models\\research_models.py": {"executed_lines": [1, 3, 4, 6, 9, 10, 12, 13, 14, 15, 16, 17, 18, 19, 20, 21, 22, 23, 26, 27, 29, 30, 31, 32, 33, 34, 35, 36, 37, 38, 41, 42, 44, 45, 46, 47, 48, 49, 52, 53, 55, 56, 57, 58, 59, 60, 63, 64, 66, 67, 68, 69, 70, 73, 74, 76, 77, 78, 81, 82, 84, 85, 86, 89, 90, 92, 93, 94, 97, 98, 101, 104, 105, 106, 107, 110, 113, 114, 115, 118, 119, 120, 123, 124, 125, 128, 129, 132, 133, 134, 135, 138, 139, 142, 143, 144, 147, 148, 150, 153, 154, 157, 160, 161, 164], "summary": {"covered_lines": 94, "num_statements": 94, "percent_covered": 100.0, "percent_covered_display": "100", "missing_lines": 0, "excluded_lines": 0, "num_branches": 0, "num_partial_branches": 0, "covered_branches": 0, "missing_branches": 0}, "missing_lines": [], "excluded_lines": [], "executed_branches": [], "missing_branches": []}, "src\\models\\seo_keyword.py": {"executed_lines": [1, 6, 7, 9, 12, 13, 15, 16, 17, 18, 21, 22, 24, 25, 26, 29, 30, 32, 33, 34, 35, 38, 41, 42, 45, 46, 49, 54, 59, 64, 67, 71, 75, 79, 84, 85, 87, 88, 89, 92, 93, 96, 97, 99, 100, 103, 106, 109, 114, 115, 116, 119, 120, 122, 124], "summary": {"covered_lines": 48, "num_statements": 51, "percent_covered": 94.11764705882354, "percent_covered_display": "94", "missing_lines": 3, "excluded_lines": 0, "num_branches": 0, "num_partial_branches": 0, "covered_branches": 0, "missing_branches": 0}, "missing_lines": [73, 77, 81], "excluded_lines": [], "executed_branches": [], "missing_branches": []}, "src\\models\\seo_models.py": {"executed_lines": [1, 3, 4, 6, 9, 10, 12, 13, 14, 15, 18, 19, 21, 22, 23, 26, 27, 29, 30, 31, 32, 33, 34, 35, 36, 41, 42, 44, 45, 46, 47, 50, 53, 54, 56, 57, 60, 63, 66, 67, 69, 70, 71, 74, 79, 84, 89, 94, 99, 104, 106, 107], "summary": {"covered_lines": 45, "num_statements": 45, "percent_covered": 100.0, "percent_covered_display": "100", "missing_lines": 0, "excluded_lines": 0, "num_branches": 0, "num_partial_branches": 0, "covered_branches": 0, "missing_branches": 0}, "missing_lines": [], "excluded_lines": [], "executed_branches": [], "missing_branches": []}, "src\\models\\story_mining_models.py": {"executed_lines": [1, 7, 8, 10, 13, 14, 16, 17, 18, 19, 20, 23, 28, 29, 31, 32, 35, 36, 39, 40, 45, 46, 48, 49, 52, 55, 56, 59, 64, 65, 67, 68, 71, 72, 75, 78, 81, 82, 84, 87, 90, 91, 92, 95, 100, 101, 103, 106, 109, 112, 115, 120, 121, 123, 126, 127, 128, 133, 134, 137, 138, 142, 145, 148, 149, 150, 153, 154, 157, 162, 165, 168, 173, 174, 176, 177, 178, 181, 184], "summary": {"covered_lines": 69, "num_statements": 69, "percent_covered": 98.59154929577464, "percent_covered_display": "99", "missing_lines": 0, "excluded_lines": 0, "num_branches": 2, "num_partial_branches": 1, "covered_branches": 1, "missing_branches": 1}, "missing_lines": [], "excluded_lines": [], "executed_branches": [[138, 138], [138, 142]], "missing_branches": [[138, -138]]}, "src\\models\\template.py": {"executed_lines": [1, 2, 3, 5, 8, 9, 11, 12, 13, 16, 17, 19, 20, 21, 22, 23, 24, 25, 26, 27, 28, 29, 30, 31, 32, 33, 36, 37, 40, 41, 42, 45, 46, 49, 50, 53, 54, 55, 58, 62, 75, 77, 79, 81, 84, 85], "summary": {"covered_lines": 42, "num_statements": 52, "percent_covered": 70.96774193548387, "percent_covered_display": "71", "missing_lines": 10, "excluded_lines": 0, "num_branches": 10, "num_partial_branches": 2, "covered_branches": 2, "missing_branches": 8}, "missing_lines": [64, 66, 67, 68, 69, 70, 71, 73, 80, 82], "excluded_lines": [], "executed_branches": [[79, 81], [81, 84]], "missing_branches": [[66, 67], [66, 68], [68, 69], [68, 70], [70, 71], [70, 73], [79, 80], [81, 82]]}, "src\\models\\voice_guide.py": {"executed_lines": [1, 3, 4, 6, 9, 10, 12, 13, 14, 15, 18, 19, 22, 23, 24, 27, 28, 33, 36, 39, 42, 47, 48, 51, 56, 57, 58, 61, 67, 70, 73, 78, 81, 84, 87, 90, 91, 96, 99, 103, 105, 108, 109, 112, 115, 116, 117, 118, 120, 121, 122, 125, 126, 128, 129, 131, 132, 133, 136, 137, 138, 140, 141, 147, 148, 149, 150, 152, 153, 155, 156, 157, 159, 160, 161, 163, 164, 165, 167, 170, 171, 172, 173, 174, 177, 178, 181, 182, 183, 184, 185, 186, 187, 189, 192, 193, 194, 195, 197, 198, 200, 207, 208, 209, 210, 211, 212, 215, 222, 223, 224, 225, 226, 227, 229, 231, 232, 237, 238, 240, 241, 242, 243, 245, 246, 247, 248, 250, 251, 252, 253, 254, 256, 257, 261], "summary": {"covered_lines": 132, "num_statements": 147, "percent_covered": 79.37219730941705, "percent_covered_display": "79", "missing_lines": 15, "excluded_lines": 0, "num_branches": 76, "num_partial_branches": 21, "covered_branches": 45, "missing_branches": 31}, "missing_lines": [139, 142, 143, 145, 201, 202, 203, 204, 205, 216, 217, 218, 219, 230, 234], "excluded_lines": [], "executed_branches": [[116, 117], [125, 126], [128, 129], [131, 132], [136, 137], [136, 138], [138, 140], [140, 141], [147, 148], [152, 153], [156, 157], [160, 161], [164, 165], [170, 171], [173, 174], [173, 181], [177, 173], [177, 178], [181, 182], [181, 192], [185, 186], [185, 189], [186, 185], [186, 187], [192, 193], [200, 207], [207, 208], [208, -208], [208, 208], [208, 209], [210, 211], [210, 215], [211, 210], [211, 212], [215, 222], [229, 231], [231, 232], [240, 241], [242, 243], [242, 245], [245, 246], [247, 248], [247, 250], [250, 251], [253, 254], [253, 256]], "missing_branches": [[116, 120], [125, 167], [128, 131], [131, 147], [138, 139], [140, 142], [142, 143], [142, 145], [147, 152], [152, 167], [156, 159], [160, 163], [164, 167], [170, 181], [192, 215], [200, 201], [201, -201], [201, 202], [203, 204], [203, 207], [204, 203], [204, 205], [207, 215], [215, 216], [218, 219], [218, 222], [229, 230], [231, 234], [240, 245], [245, 250], [250, 256]]}, "src\\models\\voice_sample.py": {"executed_lines": [1, 8, 9, 11, 14, 15, 17, 18, 19, 20, 21, 22, 23, 25, 26, 27, 29, 30, 31, 32, 34, 35, 36, 38, 39, 40, 41, 42, 44, 45, 47, 48, 49, 51, 53, 63, 64, 66, 67, 68, 71, 72, 74, 75, 76, 77, 78, 81, 82, 84, 85, 86, 87, 90, 91, 92, 93, 96, 97, 98, 101, 102, 104, 105, 106, 107, 108, 109, 110, 111, 113, 115, 116, 118, 119, 120, 121, 122, 123, 125, 127, 129, 140, 147, 148, 149, 150, 151, 152, 153, 154, 155, 156, 159, 160, 161, 162, 163, 164, 167, 168, 169, 170, 171, 172, 175, 176, 177, 178, 179, 180, 183, 195, 197, 199, 220, 221, 223, 224, 225, 226, 228, 230, 232, 234, 235, 237, 239, 240, 242, 243, 244, 246, 247, 249, 251, 254, 255, 257, 258, 260, 262, 264, 265, 266, 267, 268, 269, 270, 271], "summary": {"covered_lines": 145, "num_statements": 145, "percent_covered": 98.7012987012987, "percent_covered_display": "99", "missing_lines": 0, "excluded_lines": 0, "num_branches": 86, "num_partial_branches": 3, "covered_branches": 83, "missing_branches": 3}, "missing_lines": [], "excluded_lines": [], "executed_branches": [[25, 26], [25, 27], [26, 25], [26, 27], [27, 26], [27, 34], [30, 31], [30, 32], [34, 35], [34, 36], [35, 34], [35, 36], [36, 35], [36, 44], [38, 39], [38, 40], [40, 41], [40, 42], [45, 44], [45, 51], [47, 48], [47, 49], [64, -14], [64, 63], [66, 67], [102, 101], [102, 115], [104, 105], [104, 106], [106, 107], [106, 108], [108, 109], [108, 110], [110, 111], [110, 113], [116, 115], [116, 127], [118, 119], [118, 120], [120, 121], [120, 122], [122, 123], [122, 125], [147, 148], [147, 159], [148, 147], [148, 149], [151, 152], [154, 155], [159, 160], [159, 167], [162, 163], [162, 164], [167, 168], [167, 175], [170, 171], [170, 172], [175, 176], [175, 183], [178, 179], [178, 180], [232, -232], [232, -228], [232, 232], [235, 234], [235, 239], [240, 239], [240, 246], [242, 243], [242, 244], [247, 246], [247, 251], [249, -249], [249, -246], [249, 249], [254, 255], [254, 257], [257, 258], [257, 260], [265, 266], [265, 267], [267, 268], [267, 269], [269, 270], [269, 271]], "missing_branches": [[66, 68], [151, 156], [154, 156]]}, "src\\utils\\__init__.py": {"executed_lines": [1], "summary": {"covered_lines": 0, "num_statements": 0, "percent_covered": 100.0, "percent_covered_display": "100", "missing_lines": 0, "excluded_lines": 0, "num_branches": 0, "num_partial_branches": 0, "covered_branches": 0, "missing_branches": 0}, "missing_lines": [], "excluded_lines": [], "executed_branches": [], "missing_branches": []}, "src\\utils\\analytics_tracker.py": {"executed_lines": [1, 3, 4, 5, 7, 8, 9, 11, 12, 13, 14, 16, 21, 22, 25, 44, 47, 66, 68, 69, 70, 71, 72, 77, 78, 79, 81, 83, 85, 87, 88, 91, 94, 96, 102, 131, 133, 134, 136, 138, 141, 144, 145, 148, 153, 154, 157, 158, 159, 160, 161, 162, 165, 167, 173, 176, 179, 184, 185, 188, 189, 192, 195, 198, 199, 208, 209, 212, 213, 214, 215, 220, 221, 223, 224, 226, 227, 231, 232, 234, 235, 237, 238, 240, 241, 243, 244, 246, 247, 249, 250, 251, 254, 255, 258, 259, 262, 263, 265, 273, 274, 277, 279, 280, 284, 287, 290, 291, 292], "summary": {"covered_lines": 107, "num_statements": 109, "percent_covered": 96.40287769784173, "percent_covered_display": "96", "missing_lines": 2, "excluded_lines": 0, "num_branches": 30, "num_partial_branches": 3, "covered_branches": 27, "missing_branches": 3}, "missing_lines": [17, 18], "excluded_lines": [], "executed_branches": [[68, 69], [68, 70], [70, 71], [70, 81], [71, 72], [71, 79], [87, 88], [87, 133], [94, 87], [94, 96], [96, -96], [96, 96], [96, 102], [157, 158], [157, 165], [165, 167], [165, 208], [167, 167], [167, 173], [184, 185], [188, 189], [208, 209], [208, 212], [254, 255], [254, 258], [273, 274], [273, 277], [290, 291], [290, 292]], "missing_branches": [[167, -167], [184, 188], [188, 192]]}, "src\\utils\\anthropic_client.py": {"executed_lines": [1, 3, 4, 5, 6, 8, 10, 16, 17, 18, 19, 20, 23, 24, 26, 44, 45, 46, 47, 49, 50, 52, 53, 56, 57, 59, 70, 72, 104, 105, 107, 108, 111, 112, 113, 114, 117, 118, 119, 120, 122, 125, 129, 131, 132, 134, 143, 144, 145, 148, 151, 152, 155, 156, 157, 170, 171, 174, 175, 177, 179, 181, 182, 183, 184, 188, 190, 191, 192, 193, 197, 199, 200, 202, 203, 206, 207, 208, 212, 244, 245, 247, 248, 251, 257, 258, 259, 260, 262, 265, 269, 271, 272, 274, 283, 284, 285, 288, 291, 292, 295, 314, 317, 321, 322, 323, 324, 328, 330, 339, 340, 342, 343, 352, 363, 364, 366, 368, 372, 391, 392, 395, 397, 405, 407, 409, 428, 429, 432, 434, 442, 444, 448, 457, 460, 461, 462, 463, 464, 465, 468, 469, 470, 473, 474, 475, 477, 478, 479, 482, 483, 486, 487, 489, 491, 493, 505, 507, 510, 512, 524, 526, 528, 539, 541, 545, 548, 551, 552, 553], "summary": {"covered_lines": 168, "num_statements": 188, "percent_covered": 85.66308243727599, "percent_covered_display": "86", "missing_lines": 20, "excluded_lines": 0, "num_branches": 91, "num_partial_branches": 16, "covered_branches": 71, "missing_branches": 20}, "missing_lines": [146, 210, 252, 253, 254, 286, 296, 297, 310, 311, 315, 319, 331, 332, 333, 337, 346, 347, 348, 350], "excluded_lines": [], "executed_branches": [[49, 50], [49, 52], [56, 57], [56, 59], [107, 108], [111, 112], [111, 117], [113, 114], [113, 117], [117, -117], [117, 117], [117, 118], [118, 119], [118, 120], [131, 132], [131, 206], [143, 144], [143, 145], [145, 148], [151, 152], [151, 179], [155, 156], [155, 174], [174, 175], [174, 177], [181, 182], [181, 190], [190, 191], [190, 199], [207, 208], [247, 248], [251, 257], [257, -257], [257, 257], [257, 258], [258, 259], [258, 260], [271, 272], [283, 284], [283, 285], [285, 288], [291, 292], [295, 314], [314, 317], [321, 322], [321, 330], [330, 339], [363, 364], [391, 392], [428, 429], [461, 462], [461, 468], [462, 461], [462, 463], [464, 465], [468, 469], [468, 491], [469, 470], [469, 473], [473, 474], [473, 482], [474, 475], [474, 477], [477, -477], [477, 477], [477, 478], [482, 483], [482, 486], [486, 487], [486, 489], [505, 507], [505, 510], [551, 552], [551, 553]], "missing_branches": [[107, 111], [145, 146], [207, 210], [247, 251], [251, 252], [253, 254], [253, 257], [271, 346], [285, 286], [291, 319], [295, 296], [314, 315], [330, 331], [347, 348], [347, 350], [363, 366], [391, 395], [428, 432], [464, 461], [477, 479]]}, "src\\utils\\cost_dashboard.py": {"executed_lines": [], "summary": {"covered_lines": 0, "num_statements": 146, "percent_covered": 0.0, "percent_covered_display": "0", "missing_lines": 146, "excluded_lines": 0, "num_branches": 30, "num_partial_branches": 0, "covered_branches": 0, "missing_branches": 30}, "missing_lines": [23, 24, 25, 27, 28, 29, 31, 32, 35, 38, 44, 45, 47, 53, 55, 56, 57, 60, 61, 63, 80, 82, 85, 86, 87, 92, 99, 101, 102, 103, 106, 110, 111, 112, 113, 114, 115, 117, 118, 127, 129, 131, 133, 134, 135, 138, 140, 141, 142, 143, 144, 145, 147, 148, 149, 150, 152, 153, 155, 156, 157, 158, 160, 170, 171, 180, 183, 184, 188, 201, 203, 204, 205, 207, 221, 222, 224, 234, 235, 237, 238, 239, 241, 243, 245, 246, 248, 249, 250, 251, 252, 253, 254, 255, 259, 260, 261, 262, 264, 265, 267, 268, 269, 270, 271, 272, 273, 282, 283, 285, 286, 287, 288, 289, 291, 292, 293, 295, 296, 297, 306, 307, 309, 310, 312, 314, 316, 317, 318, 319, 320, 321, 323, 324, 325, 327, 333, 334, 335, 337, 341, 343, 344, 347, 349, 350], "excluded_lines": [], "executed_branches": [], "missing_branches": [[55, 56], [55, 60], [85, -47], [85, 86], [101, 102], [101, 106], [117, 118], [117, 127], [133, 134], [133, 138], [152, 153], [152, 170], [203, 204], [203, 207], [241, 243], [241, 282], [245, 246], [245, 248], [267, 268], [267, 306], [272, 273], [272, 306], [295, 296], [295, 306], [306, 307], [306, 309], [316, 317], [316, 318], [318, 319], [318, 323]]}, "src\\utils\\cost_tracker.py": {"executed_lines": [1, 26, 27, 28, 29, 30, 31, 33, 37, 65, 66, 67, 69, 70, 71, 72, 73, 74, 75, 76, 77, 78, 80, 82, 83, 84, 87, 88, 89, 91, 92, 93, 94, 95, 96, 97, 98, 99, 101, 103, 104, 105, 106, 109, 110, 112, 118, 119, 121, 122, 124, 125, 127, 129, 130, 133, 151, 152, 155, 170, 171, 173, 197, 201, 202, 204, 225, 226, 227, 229, 235, 237, 239, 259, 260, 261, 263, 265, 272, 274, 283, 284, 286, 303, 304, 306, 308, 320, 332, 341, 342, 344, 358, 359, 360, 375, 376, 378, 384, 385, 387, 396, 397, 399, 401, 413, 414, 416, 417, 419, 422, 426, 428, 442, 443, 445, 454, 462, 463, 465, 474, 475, 477, 482, 484, 485, 488, 497, 498, 500, 501, 503, 506, 507, 510, 517, 525, 526, 527, 544, 545, 546, 548, 552, 555, 558, 559, 560], "summary": {"covered_lines": 144, "num_statements": 154, "percent_covered": 91.20879120879121, "percent_covered_display": "91", "missing_lines": 10, "excluded_lines": 0, "num_branches": 28, "num_partial_branches": 4, "covered_branches": 22, "missing_branches": 6}, "missing_lines": [420, 421, 423, 424, 511, 512, 533, 534, 536, 537], "excluded_lines": [], "executed_branches": [[65, 66], [65, 67], [87, 88], [87, 89], [118, 119], [118, 121], [259, 260], [259, 263], [306, 308], [306, 320], [359, 360], [359, 375], [419, 422], [422, 426], [500, 501], [500, 503], [510, -482], [525, 526], [545, 546], [545, 548], [558, 559], [558, 560]], "missing_branches": [[419, 420], [422, 423], [510, 511], [525, 533], [536, 537], [536, 544]]}, "src\\utils\\docx_generator.py": {"executed_lines": [1, 7, 8, 9, 12, 15, 16, 17, 18, 21, 22, 28, 31, 33, 34, 36, 71, 74, 77, 80, 83, 84, 85, 87, 88, 90, 91, 93, 94, 97, 98, 100, 101, 103, 106, 107, 109, 112, 113, 114, 115, 116, 117, 120, 121, 122, 123, 124, 125, 128, 129, 130, 131, 132, 133, 135, 138, 139, 142, 143, 144, 145, 146, 147, 148, 151, 154, 155, 156, 157, 158, 161, 162, 165, 166, 167, 168, 169, 170, 173, 175, 178, 181, 186, 189, 190, 193, 194, 197, 198, 201, 202, 205, 206, 209, 210, 211, 213, 216, 218, 226, 227, 230, 232, 235, 237, 242, 245, 246, 249, 250, 253, 254, 256, 259, 262, 265, 266, 269, 276, 277, 280, 281, 287, 288, 291, 293, 295, 298, 302, 303, 304, 305, 306, 307, 308, 309, 310, 311, 313, 314, 315, 316, 317, 319, 321, 324, 327, 328, 329, 330, 331, 332, 334, 336, 337, 340, 343, 345, 348, 351, 352, 353, 354, 355, 356, 357, 359, 362, 363, 364, 365, 367, 370, 373, 374, 375, 382, 383, 384, 391, 392, 393, 400, 401, 402, 404, 405, 407, 408, 415, 418, 421, 422, 423], "summary": {"covered_lines": 192, "num_statements": 198, "percent_covered": 93.23308270676692, "percent_covered_display": "93", "missing_lines": 6, "excluded_lines": 2, "num_branches": 68, "num_partial_branches": 10, "covered_branches": 56, "missing_branches": 12}, "missing_lines": [282, 283, 284, 285, 333, 338], "excluded_lines": [12, 13], "executed_branches": [[87, 88], [87, 90], [90, 91], [90, 93], [93, 94], [93, 97], [112, 113], [120, 121], [128, 129], [226, 227], [226, 230], [245, -232], [245, 246], [249, 250], [249, 253], [253, 245], [253, 254], [276, 277], [276, 280], [281, 287], [302, -293], [302, 303], [303, 304], [303, 305], [305, 306], [305, 307], [307, 308], [307, 309], [309, 310], [309, 311], [311, 313], [311, 316], [316, 302], [316, 317], [327, -319], [327, 328], [328, 329], [328, 330], [330, 331], [330, 332], [332, 334], [334, 336], [334, 337], [337, 327], [356, 357], [356, 359], [373, 374], [382, 383], [391, 392], [400, 401], [404, 405], [404, 407], [407, -340], [407, 408], [421, 422], [421, 423]], "missing_branches": [[112, 120], [120, 128], [128, -103], [281, 282], [283, 284], [283, 285], [332, 333], [337, 338], [373, 382], [382, 391], [391, 400], [400, -340]]}, "src\\utils\\enhanced_response_cache.py": {"executed_lines": [1, 10, 11, 12, 13, 14, 16, 17, 20, 21, 24, 25, 27, 28, 29, 32, 33, 35, 36, 37, 38, 39, 40, 41, 42, 44, 46, 47, 48, 49, 51, 53, 54, 55, 56, 58, 60, 61, 62, 64, 66, 67, 68, 70, 88, 90, 91, 92, 93, 94, 95, 96, 99, 100, 102, 110, 111, 119, 136, 149, 172, 181, 187, 188, 199, 218, 221, 222, 224, 236, 238, 244, 246, 248, 256, 272, 273, 274, 275, 276, 280, 283, 310, 311, 312, 314, 325, 328, 347, 349, 350, 356, 357, 359, 366, 367, 368, 371, 375, 378, 400, 401, 409], "summary": {"covered_lines": 99, "num_statements": 169, "percent_covered": 52.42290748898679, "percent_covered_display": "52", "missing_lines": 70, "excluded_lines": 0, "num_branches": 58, "num_partial_branches": 6, "covered_branches": 20, "missing_branches": 38}, "missing_lines": [23, 113, 114, 115, 116, 117, 121, 124, 127, 128, 130, 131, 132, 134, 144, 145, 146, 147, 159, 160, 161, 163, 164, 167, 168, 170, 174, 175, 179, 183, 184, 225, 226, 229, 230, 233, 250, 251, 252, 253, 254, 284, 285, 287, 290, 291, 292, 293, 294, 297, 298, 299, 300, 301, 305, 306, 307, 330, 331, 335, 338, 339, 341, 342, 343, 344, 345, 352, 369, 370], "excluded_lines": [], "executed_branches": [[46, -44], [46, 47], [53, -51], [53, 54], [60, -58], [60, 61], [66, -64], [66, 67], [90, -88], [90, 91], [110, 111], [224, 236], [273, 274], [273, 283], [283, 310], [328, -314], [350, 356], [368, 371], [400, 401], [400, 409]], "missing_branches": [[110, 113], [127, 128], [127, 134], [130, 127], [130, 131], [144, -136], [144, 145], [159, -149], [159, 160], [160, 161], [160, 163], [167, 168], [167, 170], [174, -172], [174, 175], [175, 174], [175, 179], [183, -181], [183, 184], [224, 225], [251, 252], [251, 254], [252, 251], [252, 253], [283, 284], [287, 290], [287, 310], [291, 292], [291, 310], [293, 294], [293, 297], [297, 298], [297, 310], [328, 330], [330, 331], [330, 338], [350, 352], [368, 369]]}, "src\\utils\\file_parser.py": {"executed_lines": [1, 12, 13, 14, 15, 18, 32, 33, 35, 37, 38, 39, 41, 42, 43, 44, 46, 49, 50, 52, 55, 57, 58, 59, 61, 64, 66, 67, 68, 69, 79, 81, 84, 85, 88, 91, 92, 93, 94, 95, 96, 98, 101, 103, 106, 108, 110, 111, 112, 113, 114, 115, 118, 119, 121, 123, 124, 125, 126, 127, 128, 129, 130, 136, 138, 140, 141, 142, 143, 144, 145, 146, 147, 148, 149, 150, 152, 155, 158, 161, 164, 165, 167, 170, 184, 185, 187, 189, 190, 192, 193, 196, 197, 198, 201, 213, 214, 216, 217, 219, 222, 224, 227, 235, 258, 259, 261, 262, 265, 268, 269, 271], "summary": {"covered_lines": 111, "num_statements": 116, "percent_covered": 94.44444444444444, "percent_covered_display": "94", "missing_lines": 5, "excluded_lines": 0, "num_branches": 64, "num_partial_branches": 5, "covered_branches": 59, "missing_branches": 5}, "missing_lines": [40, 74, 75, 76, 133], "excluded_lines": [], "executed_branches": [[32, 33], [32, 35], [37, 38], [37, 39], [39, 41], [41, 42], [41, 43], [43, 44], [43, 46], [106, 108], [106, 121], [110, 111], [110, 118], [111, 110], [111, 112], [112, 113], [112, 114], [114, 115], [115, -115], [115
[...]
, 305, 306, 316, 317], "excluded_lines": [], "executed_branches": [], "missing_branches": [[103, 104], [103, 107], [107, 108], [107, 111], [123, 124], [123, 127], [127, 128], [127, 131], [134, -113], [134, 135], [150, -137], [150, 151], [162, -153], [162, 163], [171, 172], [171, 184], [192, 193], [192, 195], [195, 196], [195, 200], [200, 201], [200, 204], [208, 209], [208, 213], [215, 216], [215, 218], [218, 219], [218, 222], [247, 248], [247, 251], [282, 281], [282, 305], [300, -281], [300, 301], [306, -1], [306, 305], [316, -305], [316, 317]]}, "src\\utils\\response_cache.py": {"executed_lines": [1, 22, 23, 24, 25, 26, 28, 31, 32, 51, 64, 66, 67, 70, 72, 73, 74, 76, 77, 78, 79, 84, 101, 108, 111, 113, 124, 125, 127, 128, 130, 131, 133, 134, 135, 138, 143, 149, 150, 151, 152, 153, 155, 156, 157, 159, 160, 162, 163, 166, 172, 183, 184, 186, 187, 189, 190, 197, 198, 200, 205, 213, 216, 217, 218, 219, 220, 224, 226, 236, 243, 244, 246, 247, 248, 249, 250, 251, 252, 256], "summary": {"covered_lines": 78, "num_statements": 101, "percent_covered": 78.41726618705036, "percent_covered_display": "78", "missing_lines": 23, "excluded_lines": 0, "num_branches": 38, "num_partial_branches": 7, "covered_branches": 31, "missing_branches": 7}, "missing_lines": [68, 80, 81, 82, 139, 140, 141, 144, 145, 146, 164, 165, 168, 169, 170, 202, 203, 214, 221, 222, 237, 253, 254], "excluded_lines": [], "executed_branches": [[64, 66], [64, 72], [67, 70], [76, -51], [76, 77], [124, 125], [124, 127], [130, 131], [130, 133], [134, 135], [134, 138], [134, 159], [138, 143], [143, 149], [150, 151], [150, 155], [159, 160], [183, 184], [183, 186], [197, 198], [197, 200], [213, 216], [217, 218], [217, 224], [236, 243], [244, -244], [244, 244], [244, 246], [247, 248], [247, 256], [249, 247], [249, 250], [251, 252]], "missing_branches": [[67, 68], [138, 139], [143, 144], [159, 168], [213, 214], [236, 237], [251, 249]]}, "src\\utils\\schedule_generator.py": {"executed_lines": [1, 3, 4, 6, 7, 8, 9, 12, 13, 17, 47, 55, 58, 86, 89, 90, 93, 101, 103, 104, 108, 111, 114, 115, 116, 117, 122, 123, 124, 125, 128, 129, 130, 133, 136, 145, 147, 159, 162, 163, 164, 170, 171, 172, 173, 174, 175, 176, 177, 180, 185, 196, 198, 200, 202, 204, 205, 206, 207, 208, 213, 214, 216, 218, 234, 235, 236, 239, 240, 241, 247, 248, 250, 252, 253, 256, 259, 260, 261, 263, 265, 268, 270, 272, 273, 274, 275, 278, 281, 283, 284, 285, 288, 290, 293, 297, 303, 307, 310], "summary": {"covered_lines": 97, "num_statements": 112, "percent_covered": 86.36363636363636, "percent_covered_display": "86", "missing_lines": 15, "excluded_lines": 0, "num_branches": 42, "num_partial_branches": 4, "covered_branches": 36, "missing_branches": 6}, "missing_lines": [106, 118, 119, 166, 167, 209, 210, 294, 295, 299, 300, 301, 313, 314, 315], "excluded_lines": [], "executed_branches": [[89, 90], [89, 93], [103, 104], [103, 162], [104, 108], [124, 125], [124, 128], [129, 130], [129, 133], [162, 163], [163, -163], [163, 163], [163, 164], [171, 172], [171, 180], [175, 176], [175, 177], [180, -180], [180, 180], [180, 185], [204, 205], [204, 213], [205, 204], [205, 206], [213, 214], [213, 216], [240, 241], [240, 247], [250, 252], [250, 303], [263, 265], [263, 297], [270, 272], [270, 288], [281, 283], [281, 290], [293, 263], [297, 250]], "missing_branches": [[104, 106], [162, 166], [293, 294], [297, 299], [313, 314], [313, 315]]}, "src\\utils\\template_cache.py": {"executed_lines": [1, 10, 11, 12, 13, 14, 16, 17, 20, 21, 23, 32, 33, 34, 36, 48, 52, 53, 54, 59, 62, 63, 72, 80, 81, 82, 83, 84, 85, 87, 97, 98, 99, 100, 102, 105, 112, 113, 115, 116, 118, 127, 129, 134, 138, 141, 142, 143, 145, 150, 162, 170, 171, 176, 177, 179, 180, 181, 183, 185, 204, 207, 220, 221, 222, 226], "summary": {"covered_lines": 63, "num_statements": 86, "percent_covered": 68.85245901639344, "percent_covered_display": "69", "missing_lines": 23, "excluded_lines": 0, "num_branches": 36, "num_partial_branches": 5, "covered_branches": 21, "missing_branches": 15}, "missing_lines": [49, 55, 56, 57, 106, 107, 108, 109, 135, 157, 158, 159, 160, 164, 165, 166, 167, 168, 173, 174, 182, 192, 193], "excluded_lines": [], "executed_branches": [[48, 52], [54, 59], [97, -87], [97, 98], [98, 99], [98, 102], [105, 112], [127, -118], [127, 129], [134, 138], [141, 142], [141, 145], [171, 170], [171, 176], [177, 176], [177, 185], [179, -176], [179, 180], [181, 183], [220, 221], [220, 226]], "missing_branches": [[48, 49], [54, 55], [105, 106], [134, 135], [157, -150], [157, 158], [158, 157], [158, 159], [164, -162], [164, 165], [173, -170], [173, 174], [181, 182], [192, -185], [192, 193]]}, "src\\utils\\template_loader.py": {"executed_lines": [1, 3, 4, 5, 6, 8, 9, 10, 11, 12, 13, 16, 17, 18, 19, 20, 23, 24, 27, 45, 52, 54, 55, 57, 59, 60, 62, 63, 65, 68, 71, 72, 73, 74, 75, 77, 80, 82, 85, 87, 88, 89, 92, 93, 97, 100, 101, 104, 105, 109, 112, 115, 118, 121, 122, 125, 137, 140, 142, 144, 146, 147, 148, 151, 152, 154, 157, 160, 161, 163, 165, 203, 205, 206, 207, 208, 210, 212, 215, 216, 217, 220, 221, 222, 223, 225, 227, 229, 238, 239, 241, 243, 244, 245, 247, 249, 251, 253, 254, 255, 256, 258, 260, 262, 264, 266, 286, 287, 289, 292, 295, 296, 299, 300, 302, 303, 306, 307, 308, 309, 310, 311, 312, 313, 316, 321, 322, 323, 324, 325, 328, 333, 334, 335, 340, 341, 345, 349, 352, 353, 355, 362, 363, 368, 372, 373, 374], "summary": {"covered_lines": 145, "num_statements": 156, "percent_covered": 91.9047619047619, "percent_covered_display": "92", "missing_lines": 11, "excluded_lines": 0, "num_branches": 54, "num_partial_branches": 6, "covered_branches": 48, "missing_branches": 6}, "missing_lines": [94, 95, 106, 107, 336, 337, 342, 346, 375, 376, 377], "excluded_lines": [], "executed_branches": [[52, 54], [52, 57], [59, 60], [59, 62], [72, 73], [72, 77], [87, 88], [87, 140], [93, 97], [105, 109], [146, 147], [146, 151], [147, 146], [147, 148], [163, 165], [163, 210], [165, 203], [165, 205], [206, 163], [206, 207], [220, 221], [220, 222], [222, 223], [222, 225], [239, -239], [239, -227], [239, 239], [245, -245], [245, -241], [245, 245], [253, 254], [253, 256], [254, 253], [254, 255], [306, 307], [306, 316], [308, 309], [308, 316], [310, 311], [321, 322], [321, 328], [323, 321], [323, 324], [333, 334], [333, 340], [335, 333], [341, 345], [345, 349], [362, 363], [362, 368]], "missing_branches": [[93, 94], [105, 106], [310, 308], [335, 336], [341, 342], [345, 346]]}, "src\\utils\\voice_matcher.py": {"executed_lines": [1, 7, 8, 10, 11, 12, 13, 16, 17, 27, 29, 31, 44, 45, 47, 48, 51, 54, 55, 56, 59, 62, 63, 64, 67, 70, 71, 72, 75, 78, 79, 80, 83, 86, 89, 93, 105, 110, 111, 112, 113, 115, 116, 119, 121, 129, 134, 137, 138, 140, 143, 145, 153, 158, 161, 164, 166, 167, 168, 170, 173, 175, 183, 187, 188, 197, 199, 202, 205, 207, 215, 224, 225, 226, 229, 230, 233, 234, 235, 239, 240, 241, 244, 245, 248, 249, 253, 256, 257, 261, 262, 265, 266, 268, 271, 272, 273, 274, 275, 276, 281, 282, 283, 284, 285, 288, 291, 292, 294], "summary": {"covered_lines": 107, "num_statements": 109, "percent_covered": 94.67455621301775, "percent_covered_display": "95", "missing_lines": 2, "excluded_lines": 0, "num_branches": 60, "num_partial_branches": 7, "covered_branches": 53, "missing_branches": 7}, "missing_lines": [236, 258], "excluded_lines": [], "executed_branches": [[44, 45], [44, 47], [47, 48], [47, 51], [55, 56], [55, 62], [63, 64], [71, 72], [71, 78], [79, 80], [79, 86], [111, 112], [111, 115], [137, 138], [137, 140], [158, -158], [158, 158], [158, 161], [187, 188], [187, 197], [197, -197], [197, 197], [197, 199], [199, -199], [199, 199], [199, 202], [229, 230], [229, 233], [233, 234], [233, 235], [235, 239], [239, 240], [239, 256], [240, 241], [240, 244], [244, 245], [248, 249], [248, 253], [256, 257], [256, 271], [257, 261], [261, 262], [265, 266], [265, 268], [271, 272], [271, 281], [272, 273], [272, 274], [274, 275], [281, 282], [281, 291], [282, 283], [282, 284], [284, 285], [291, 292], [291, 294]], "missing_branches": [[63, 70], [235, 236], [244, 256], [257, 258], [261, 271], [274, 281], [284, 291]]}, "src\\utils\\voice_metrics.py": {"executed_lines": [1, 12, 13, 14, 17, 18, 25, 27, 142, 161, 162, 165, 166, 169, 171, 175, 178, 179, 182, 185, 187, 188, 189, 199, 202, 204, 205, 207, 208, 209, 211, 212, 213, 214, 215, 218, 219, 222, 224, 239, 240, 242, 243, 246, 247, 248, 251, 252, 253, 254, 261, 267, 269, 286, 287, 289, 290, 293, 294, 297, 299, 300, 301, 302, 304, 306, 313, 327, 330, 331, 334, 338, 339, 344, 345, 346, 347, 350, 351, 352, 353, 354, 357, 362, 364, 374, 375, 376, 377, 381], "summary": {"covered_lines": 88, "num_statements": 91, "percent_covered": 95.74468085106383, "percent_covered_display": "96", "missing_lines": 3, "excluded_lines": 0, "num_branches": 50, "num_partial_branches": 3, "covered_branches": 47, "missing_branches": 3}, "missing_lines": [172, 335, 358], "excluded_lines": [], "executed_branches": [[161, 162], [161, 165], [171, 175], [175, -175], [175, 175], [175, 178], [187, 188], [187, 189], [188, 187], [188, 189], [189, 188], [189, 224], [204, 205], [204, 207], [211, 212], [211, 218], [213, 214], [213, 215], [218, 219], [218, 222], [242, 243], [242, 267], [246, 247], [246, 251], [247, -247], [247, 247], [247, 248], [252, 253], [252, 261], [289, 290], [289, 293], [299, 300], [299, 301], [301, 302], [301, 304], [330, 331], [330, 334], [334, 338], [338, 339], [338, 344], [344, 345], [344, 346], [346, 347], [346, 350], [351, 352], [351, 362], [353, 354], [353, 357], [357, 362]], "missing_branches": [[171, 172], [334, 335], [357, 358]]}, "src\\validators\\__init__.py": {"executed_lines": [1, 3, 4, 5, 6, 8], "summary": {"covered_lines": 5, "num_statements": 5, "percent_covered": 100.0, "percent_covered_display": "100", "missing_lines": 0, "excluded_lines": 0, "num_branches": 0, "num_partial_branches": 0, "covered_branches": 0, "missing_branches": 0}, "missing_lines": [], "excluded_lines": [], "executed_branches": [], "missing_branches": []}, "src\\validators\\cta_validator.py": {"executed_lines": [1, 6, 7, 8, 10, 11, 12, 15, 16, 19, 28, 44, 52, 54, 70, 73, 74, 76, 78, 79, 82, 85, 86, 88, 89, 90, 91, 96, 97, 98, 100, 110, 112, 113, 114, 115, 116, 117, 118, 119, 122, 124, 134, 136, 138, 139, 142, 143, 144, 145, 146, 148, 150, 152, 163, 164, 170, 171, 174, 176], "summary": {"covered_lines": 58, "num_statements": 60, "percent_covered": 97.61904761904762, "percent_covered_display": "98", "missing_lines": 2, "excluded_lines": 0, "num_branches": 24, "num_partial_branches": 0, "covered_branches": 24, "missing_branches": 0}, "missing_lines": [120, 121], "excluded_lines": [], "executed_branches": [[73, 74], [73, 76], [88, 89], [88, 96], [89, 88], [89, 90], [96, -96], [96, 96], [96, 97], [97, 98], [97, 100], [112, 113], [112, 114], [115, 116], [115, 122], [116, 117], [116, 118], [136, 138], [136, 150], [143, 144], [143, 148], [144, 143], [144, 145], [163, 164], [163, 170]], "missing_branches": []}, "src\\validators\\headline_validator.py": {"executed_lines": [1, 7, 8, 10, 11, 12, 15, 16, 19, 28, 69, 107, 109, 117, 119, 136, 139, 140, 142, 144, 145, 146, 148, 150, 151, 154, 155, 165, 166, 167, 173, 175, 188, 190, 191, 192, 193, 194, 195, 196, 197, 200, 202, 212, 213, 216, 217, 220, 221, 222, 223, 226, 227, 228, 229, 232, 233, 236, 237, 238, 239, 243, 244, 245, 247, 249, 259, 261, 276], "summary": {"covered_lines": 67, "num_statements": 69, "percent_covered": 98.05825242718447, "percent_covered_display": "98", "missing_lines": 2, "excluded_lines": 0, "num_branches": 34, "num_partial_branches": 0, "covered_branches": 34, "missing_branches": 0}, "missing_lines": [198, 199], "excluded_lines": [], "executed_branches": [[139, 140], [139, 142], [148, 150], [148, 173], [165, 148], [165, 166], [173, -173], [173, 173], [173, 175], [190, 191], [190, 192], [193, 194], [193, 200], [194, 195], [194, 196], [216, 217], [216, 220], [220, 221], [220, 226], [221, 220], [221, 222], [226, 227], [226, 232], [227, 226], [227, 228], [232, 233], [232, 236], [236, 237], [236, 243], [237, 236], [237, 238], [244, 245], [244, 247], [261, -261], [261, 261], [261, 276]], "missing_branches": []}, "src\\validators\\hook_validator.py": {"executed_lines": [1, 7, 8, 10, 11, 12, 13, 16, 17, 20, 21, 24, 25, 31, 46, 47, 48, 50, 68, 71, 72, 75, 76, 77, 80, 83, 86, 87, 93, 94, 97, 98, 100, 101, 106, 108, 118, 128, 129, 132, 133, 135, 136, 137, 138, 142, 144, 154, 155, 157, 158, 159, 161, 163, 176, 178, 180, 181, 183, 185, 187, 188, 189, 190, 191, 193, 194, 205, 206, 210, 212, 218, 220, 221, 223, 224, 234, 236, 251, 255, 257, 270, 272, 273, 274, 276, 277, 289, 291, 307, 309, 372, 384], "summary": {"covered_lines": 91, "num_statements": 125, "percent_covered": 69.83240223463687, "percent_covered_display": "70", "missing_lines": 34, "excluded_lines": 0, "num_branches": 54, "num_partial_branches": 2, "covered_branches": 34, "missing_branches": 20}, "missing_lines": [19, 139, 140, 252, 313, 314, 317, 318, 319, 321, 323, 324, 325, 327, 328, 329, 332, 333, 335, 336, 337, 339, 340, 341, 344, 346, 347, 350, 351, 354, 356, 357, 368, 370], "excluded_lines": [], "executed_branches": [[86, 87], [86, 93], [93, 94], [93, 97], [100, 101], [100, 106], [128, 129], [128, 132], [133, 135], [133, 142], [135, 136], [135, 137], [155, 157], [155, 161], [176, 178], [176, 180], [183, 185], [183, 234], [185, 187], [185, 205], [193, 183], [193, 194], [210, 212], [210, 218], [223, 183], [223, 224], [251, 255], [272, 273], [272, 289], [273, 272], [273, 274], [276, 273], [276, 277], [307, 309]], "missing_branches": [[251, 252], [307, 313], [317, 318], [317, 332], [318, 319], [318, 321], [324, 325], [324, 327], [335, 336], [335, 370], [336, 337], [336, 339], [340, 341], [340, 344], [346, 335], [346, 347], [350, 351], [350, 354], [356, 346], [356, 357]]}, "src\\validators\\keyword_validator.py": {"executed_lines": [1, 6, 7, 9, 10, 11, 14, 15, 17, 31, 32, 33, 35, 45, 48, 49, 50, 51, 54, 55, 56, 57, 59, 60, 63, 64, 65, 70, 71, 75, 76, 78, 89, 94, 96, 107, 108, 111, 114, 117, 122, 123, 126, 127, 128, 130, 143, 145, 159, 161, 162, 165, 166, 167, 169, 171, 172, 173, 174, 175, 176, 179, 182, 184, 191, 193], "summary": {"covered_lines": 64, "num_statements": 64, "percent_covered": 100.0, "percent_covered_display": "100", "missing_lines": 0, "excluded_lines": 0, "num_branches": 24, "num_partial_branches": 0, "covered_branches": 24, "missing_branches": 0}, "missing_lines": [], "excluded_lines": [], "executed_branches": [[49, 50], [49, 54], [55, -55], [55, 55], [55, 56], [56, -56], [56, 56], [56, 57], [57, -57], [57, 57], [57, 59], [64, 65], [64, 70], [70, 71], [70, 75], [75, 76], [75, 78], [122, -122], [122, 122], [122, 123], [161, 162], [161, 193], [169, 161], [169, 171], [173, 174], [173, 175], [175, 176], [175, 179]], "missing_branches": []}, "src\\validators\\length_validator.py": {"executed_lines": [1, 6, 7, 9, 10, 11, 12, 15, 16, 18, 36, 37, 38, 39, 40, 42, 56, 57, 60, 63, 64, 65, 66, 67, 68, 70, 71, 72, 73, 75, 78, 79, 80, 81, 86, 87, 88, 89, 94, 95, 96, 101, 102, 105, 107, 118, 128, 129, 132, 133, 135, 136, 139, 141, 143, 153, 154, 155, 156, 157, 158, 159, 160, 161, 162, 165, 167, 178, 179, 181, 182, 183, 186, 187, 188, 189, 190, 191, 194, 196, 210, 213, 216, 217, 218, 219, 221, 223, 233, 234, 237, 238, 240, 241, 242, 243, 247], "summary": {"covered_lines": 95, "num_statements": 97, "percent_covered": 97.24137931034483, "percent_covered_display": "97", "missing_lines": 2, "excluded_lines": 0, "num_branches": 48, "num_partial_branches": 2, "covered_branches": 46, "missing_branches": 2}, "missing_lines": [244, 245], "excluded_lines": [], "executed_branches": [[63, 64], [63, 70], [79, 80], [79, 86], [80, 81], [80, 86], [87, 88], [87, 94], [88, 89], [88, 94], [95, 96], [95, 101], [101, -101], [101, 101], [101, 102], [128, 129], [128, 132], [133, 135], [133, 139], [153, 154], [153, 155], [155, 156], [155, 157], [157, 158], [157, 159], [159, 160], [159, 161], [161, 162], [161, 165], [178, 179], [178, 194], [179, 181], [179, 186], [182, 178], [182, 183], [187, 188], [190, 178], [190, 191], [216, 217], [216, 221], [218, 219], [233, 234], [233, 237], [238, 240], [238, 247], [240, 241], [240, 242]], "missing_branches": [[187, 178], [218, 216]]}, "src\\validators\\prompt_injection_defense.py": {"executed_lines": [1, 16, 17, 18, 19, 21, 24, 25, 26, 28, 29, 30, 31, 34, 35, 47, 75, 91, 98, 105, 108, 109, 110, 112, 119, 120, 123, 124, 125, 126, 127, 130, 131, 132, 133, 134, 135, 138, 139, 140, 146, 147, 148, 150, 152, 163, 165, 166, 171, 177, 179, 181, 182, 185, 186, 189, 190, 192, 200, 201, 206, 216, 222, 223, 226, 228, 235, 238, 239, 240, 241, 244, 245, 246, 247, 249, 251, 252, 257, 262, 263, 266, 280, 281, 284, 286, 292, 295, 305, 306, 309, 322, 324, 325, 330, 333, 334], "summary": {"covered_lines": 92, "num_statements": 96, "percent_covered": 93.05555555555556, "percent_covered_display": "93", "missing_lines": 4, "excluded_lines": 0, "num_branches": 48, "num_partial_branches": 4, "covered_branches": 42, "missing_branches": 6}, "missing_lines": [141, 142, 143, 287], "excluded_lines": [], "executed_branches": [[24, 25], [24, 26], [123, 124], [123, 130], [125, 123], [125, 126], [130, 131], [130, 138], [132, 130], [132, 133], [134, 135], [138, 139], [138, 146], [140, 138], [147, 148], [147, 150], [165, 166], [165, 171], [179, 181], [179, 189], [181, 182], [181, 185], [185, 186], [185, 192], [186, 185], [189, 190], [189, 192], [190, -190], [190, 189], [238, 239], [238, 244], [240, 238], [240, 241], [244, 245], [244, 249], [246, 244], [246, 247], [251, 252], [251, 257], [286, 292], [324, 325], [324, 330]], "missing_branches": [[134, 130], [140, 141], [142, 138], [142, 143], [186, -186], [286, 287]]}, "src\\validators\\research_input_validator.py": {"executed_lines": [1, 17, 18, 20, 23, 24, 27, 28, 54, 55, 56, 58, 65, 67, 130, 193, 243, 279, 315, 369, 394, 430], "summary": {"covered_lines": 19, "num_statements": 132, "percent_covered": 8.962264150943396, "percent_covered_display": "9", "missing_lines": 113, "excluded_lines": 0, "num_branches": 80, "num_partial_branches": 0, "covered_branches": 0, "missing_branches": 80}, "missing_lines": [96, 97, 98, 99, 102, 103, 106, 107, 110, 111, 115, 116, 121, 122, 123, 124, 125, 127, 128, 157, 158, 159, 160, 163, 164, 167, 170, 171, 175, 176, 181, 182, 183, 184, 185, 186, 187, 188, 189, 191, 218, 219, 220, 221, 224, 225, 228, 229, 230, 231, 236, 237, 241, 259, 260, 261, 262, 265, 266, 269, 270, 271, 274, 275, 277, 295, 296, 297, 298, 301, 302, 305, 306, 307, 310, 311, 313, 340, 341, 342, 343, 346, 347, 348, 349, 350, 351, 353, 358, 359, 361, 362, 364, 365, 382, 383, 385, 407, 408, 411, 416, 417, 418, 425, 427, 443, 444, 447, 452, 453, 454, 461, 463], "excluded_lines": [], "executed_branches": [], "missing_branches": [[96, 97], [96, 102], [97, 98], [97, 99], [102, 103], [102, 106], [110, 111], [110, 115], [115, 116], [115, 121], [121, 122], [121, 127], [157, 158], [157, 163], [158, 159], [158, 160], [163, 164], [163, 167], [170, 171], [170, 175], [175, 176], [175, 181], [181, 182], [181, 191], [183, 184], [183, 189], [218, 219], [218, 224], [219, 220], [219, 221], [224, 225], [224, 228], [228, 229], [228, 236], [230, 231], [230, 236], [236, 237], [236, 241], [259, 260], [259, 265], [260, 261], [260, 262], [265, 266], [265, 269], [270, 271], [270, 274], [274, 275], [274, 277], [295, 296], [295, 301], [296, 297], [296, 298], [301, 302], [301, 305], [306, 307], [306, 310], [310, 311], [310, 313], [340, 341], [340, 346], [341, 342], [341, 343], [346, 347], [346, 358], [347, 348], [347, 353], [358, 359], [358, 361], [361, 362], [361, 364], [382, 383], [382, 385], [407, 408], [407, 411], [417, 418], [417, 427], [443, 444], [443, 447], [453, 454], [453, 463]]}}, "totals": {"covered_lines": 5375, "num_statements": 7918, "percent_covered": 65.13631200302916, "percent_covered_display": "65", "missing_lines": 2543, "excluded_lines": 23, "num_branches": 2646, "num_partial_branches": 242, "covered_branches": 1506, "missing_branches": 1140}}
