{"meta": {"version": "7.4.0", "timestamp": "2026-01-11T23:08:44.362933", "branch_coverage": true, "show_contexts": false}, "files": {"backend\\__init__.py": {"executed_lines": [], "summary": {"covered_lines": 0, "num_statements": 0, "percent_covered": 100.0, "percent_covered_display": "100", "missing_lines": 0, "excluded_lines": 0, "num_branches": 0, "num_partial_branches": 0, "covered_branches": 0, "missing_branches": 0}, "missing_lines": [], "excluded_lines": [], "executed_branches": [], "missing_branches": []}, "backend\\apply_missing_indexes.py": {"executed_lines": [], "summary": {"covered_lines": 0, "num_statements": 24, "percent_covered": 0.0, "percent_covered_display": "0", "missing_lines": 24, "excluded_lines": 2, "num_branches": 6, "num_partial_branches": 0, "covered_branches": 0, "missing_branches": 6}, "missing_lines": [2, 3, 4, 6, 7, 10, 11, 12, 15, 20, 21, 22, 23, 24, 25, 26, 27, 29, 31, 34, 35, 36, 37, 38], "excluded_lines": [40, 41], "executed_branches": [], "missing_branches": [[20, 21], [20, 31], [21, 22], [21, 29], [37, -6], [37, 38]]}, "backend\\apply_performance_updates.py": {"executed_lines": [], "summary": {"covered_lines": 0, "num_statements": 79, "percent_covered": 0.0, "percent_covered_display": "0", "missing_lines": 79, "excluded_lines": 2, "num_branches": 23, "num_partial_branches": 0, "covered_branches": 0, "missing_branches": 23}, "missing_lines": [2, 8, 9, 12, 14, 15, 18, 20, 21, 23, 24, 25, 26, 28, 29, 32, 34, 36, 38, 40, 41, 42, 44, 47, 49, 50, 51, 52, 53, 54, 55, 56, 58, 60, 61, 64, 66, 67, 69, 70, 71, 73, 74, 76, 77, 79, 80, 83, 85, 86, 87, 88, 90, 91, 92, 93, 96, 97, 98, 99, 102, 103, 104, 105, 106, 108, 110, 111, 112, 113, 114, 115, 116, 117, 119, 120, 122, 123, 124], "excluded_lines": [127, 128], "executed_branches": [], "missing_branches": [[24, 25], [24, 28], [25, 26], [25, 29], [36, -32], [36, 38], [36, 60], [40, 41], [40, 44], [49, 50], [49, 58], [50, 49], [50, 51], [69, 70], [69, 73], [110, 111], [110, 114], [112, 113], [112, 122], [114, 115], [114, 119], [116, 117], [116, 122]]}, "backend\\benchmark_queries.py": {"executed_lines": [], "summary": {"covered_lines": 0, "num_statements": 162, "percent_covered": 0.0, "percent_covered_display": "0", "missing_lines": 162, "excluded_lines": 2, "num_branches": 36, "num_partial_branches": 0, "covered_branches": 0, "missing_branches": 36}, "missing_lines": [2, 13, 14, 15, 16, 19, 21, 22, 23, 24, 25, 29, 32, 33, 36, 39, 42, 45, 57, 58, 59, 61, 62, 64, 65, 66, 68, 69, 70, 72, 73, 75, 77, 78, 80, 81, 83, 84, 85, 86, 88, 89, 90, 91, 92, 94, 103, 105, 106, 107, 108, 110, 111, 112, 113, 114, 115, 117, 119, 122, 124, 125, 126, 127, 128, 129, 130, 131, 133, 135, 138, 140, 141, 142, 143, 151, 152, 153, 154, 156, 158, 161, 163, 164, 165, 166, 167, 169, 171, 174, 176, 177, 178, 179, 181, 182, 183, 184, 186, 188, 191, 193, 196, 197, 198, 200, 201, 202, 204, 205, 206, 207, 208, 209, 210, 211, 213, 216, 218, 219, 220, 221, 222, 223, 225, 226, 227, 229, 230, 231, 232, 233, 234, 235, 236, 237, 238, 241, 243, 244, 245, 246, 247, 248, 249, 250, 251, 253, 254, 256, 257, 260, 262, 263, 264, 265, 266, 269, 272, 274, 275, 276], "excluded_lines": [279, 280], "executed_branches": [], "missing_branches": [[33, 32], [33, 39], [64, 65], [64, 80], [80, 81], [80, 83], [110, 111], [110, 115], [111, 112], [111, 113], [113, 110], [113, 114], [128, 129], [128, 131], [129, 128], [129, 130], [151, 152], [151, 154], [152, 151], [152, 153], [181, 182], [181, 184], [182, 181], [182, 183], [204, 205], [204, 213], [210, 211], [210, 213], [225, 226], [225, 229], [226, 225], [226, 227], [256, 257], [256, 260], [272, -241], [272, 274]]}, "backend\\celery_app.py": {"executed_lines": [], "summary": {"covered_lines": 0, "num_statements": 8, "percent_covered": 0.0, "percent_covered_display": "0", "missing_lines": 8, "excluded_lines": 0, "num_branches": 2, "num_partial_branches": 0, "covered_branches": 0, "missing_branches": 2}, "missing_lines": [20, 21, 24, 31, 73, 76, 77, 79], "excluded_lines": [], "executed_branches": [], "missing_branches": [[77, -1], [77, 76]]}, "backend\\config.py": {"executed_lines": [1, 4, 5, 6, 7, 9, 10, 13, 16, 17, 20, 21, 27, 28, 31, 32, 33, 34, 35, 38, 40, 41, 46, 51, 52, 53, 54, 55, 56, 62, 63, 64, 65, 67, 68, 69, 72, 85, 92, 98, 101, 102, 105, 106, 109, 110, 113, 114, 116, 117, 122, 123, 124, 131, 132, 133, 137, 139, 141, 147, 148, 151, 152, 153, 154, 157, 158, 160, 161, 162, 163, 167], "summary": {"covered_lines": 70, "num_statements": 77, "percent_covered": 90.10989010989012, "percent_covered_display": "90", "missing_lines": 7, "excluded_lines": 0, "num_branches": 14, "num_partial_branches": 2, "covered_branches": 12, "missing_branches": 2}, "missing_lines": [22, 23, 24, 43, 86, 93, 119], "excluded_lines": [], "executed_branches": [[41, 40], [41, 46], [67, 68], [67, 69], [68, 67], [68, 69], [69, 68], [69, 101], [85, 92], [92, 98], [117, 116], [117, 122]], "missing_branches": [[85, 86], [92, 93]]}, "backend\\create_demo_files.py": {"executed_lines": [], "summary": {"covered_lines": 0, "num_statements": 42, "percent_covered": 0.0, "percent_covered_display": "0", "missing_lines": 42, "excluded_lines": 2, "num_branches": 10, "num_partial_branches": 0, "covered_branches": 0, "missing_branches": 10}, "missing_lines": [5, 6, 9, 12, 30, 32, 33, 35, 36, 37, 40, 43, 44, 45, 48, 49, 50, 73, 84, 85, 86, 88, 89, 92, 93, 94, 96, 97, 99, 100, 102, 103, 104, 105, 106, 107, 109, 110, 113, 115, 116, 117], "excluded_lines": [119, 120], "executed_branches": [], "missing_branches": [[36, 37], [36, 88], [43, 44], [43, 48], [49, 50], [49, 73], [102, 103], [102, 109], [104, 102], [104, 105]]}, "backend\\database.py": {"executed_lines": [1, 5, 6, 8, 9, 10, 11, 12, 14, 15, 18, 20, 23, 24, 27, 28, 33, 96, 99, 102, 105, 121], "summary": {"covered_lines": 21, "num_statements": 169, "percent_covered": 9.777777777777779, "percent_covered_display": "10", "missing_lines": 148, "excluded_lines": 0, "num_branches": 56, "num_partial_branches": 1, "covered_branches": 1, "missing_branches": 55}, "missing_lines": [34, 35, 36, 39, 40, 41, 51, 54, 55, 56, 57, 58, 59, 60, 61, 62, 63, 64, 67, 68, 69, 70, 71, 72, 73, 74, 75, 76, 77, 78, 79, 80, 82, 83, 84, 85, 86, 87, 89, 90, 91, 92, 93, 114, 115, 116, 118, 127, 128, 132, 135, 136, 137, 139, 140, 144, 145, 146, 147, 148, 149, 151, 154, 155, 158, 160, 162, 163, 164, 165, 168, 169, 170, 171, 175, 177, 180, 191, 193, 194, 196, 198, 199, 200, 204, 205, 206, 207, 209, 210, 211, 212, 213, 214, 215, 219, 221, 224, 234, 236, 237, 239, 241, 242, 243, 247, 248, 249, 250, 252, 253, 254, 255, 256, 257, 258, 263, 264, 265, 268, 270, 271, 273, 281, 282, 283, 285, 286, 287, 288, 289, 292, 293, 295, 298, 301, 302, 303, 304, 305, 307, 309, 310, 311, 315, 318, 320, 321], "excluded_lines": [], "executed_branches": [[23, 24]], "missing_branches": [[23, 39], [56, 57], [56, 59], [60, 61], [60, 84], [67, 68], [67, 72], [72, 73], [72, 77], [77, 78], [77, 82], [139, 140], [139, 151], [144, 145], [144, 154], [148, 144], [148, 149], [154, -121], [154, 155], [158, 160], [158, 175], [162, 163], [162, 175], [175, 177], [175, 219], [193, 194], [193, 219], [194, 193], [194, 196], [198, 199], [198, 204], [205, 206], [205, 209], [219, 154], [219, 221], [236, 237], [236, 263], [237, 236], [237, 239], [241, 242], [241, 247], [248, 249], [248, 252], [263, 154], [263, 264], [282, 283], [282, 309], [283, 282], [283, 285], [286, 282], [286, 287], [293, 295], [293, 301], [309, 310], [309, 315]]}, "backend\\generate_secret_key.py": {"executed_lines": [], "summary": {"covered_lines": 0, "num_statements": 1, "percent_covered": 0.0, "percent_covered_display": "0", "missing_lines": 1, "excluded_lines": 10, "num_branches": 0, "num_partial_branches": 0, "covered_branches": 0, "missing_branches": 0}, "missing_lines": [6], "excluded_lines": [8, 9, 10, 11, 12, 13, 14, 15, 16, 17], "executed_branches": [], "missing_branches": []}, "backend\\init_db.py": {"executed_lines": [], "summary": {"covered_lines": 0, "num_statements": 22, "percent_covered": 0.0, "percent_covered_display": "0", "missing_lines": 22, "excluded_lines": 3, "num_branches": 2, "num_partial_branches": 0, "covered_branches": 0, "missing_branches": 2}, "missing_lines": [2, 12, 13, 16, 17, 19, 20, 23, 25, 26, 28, 30, 31, 34, 35, 36, 37, 38, 40, 41, 42, 43], "excluded_lines": [46, 47, 48], "executed_branches": [], "missing_branches": [[37, 38], [37, 40]]}, "backend\\main.py": {"executed_lines": [], "summary": {"covered_lines": 0, "num_statements": 153, "percent_covered": 0.0, "percent_covered_display": "0", "missing_lines": 153, "excluded_lines": 3, "num_branches": 46, "num_partial_branches": 0, "covered_branches": 0, "missing_branches": 46}, "missing_lines": [13, 14, 15, 16, 17, 19, 20, 21, 22, 23, 24, 40, 41, 44, 45, 46, 47, 48, 51, 52, 58, 59, 62, 63, 66, 68, 72, 73, 75, 77, 78, 79, 82, 83, 84, 86, 89, 90, 93, 94, 95, 96, 98, 99, 100, 101, 102, 103, 115, 117, 119, 120, 121, 122, 123, 125, 126, 128, 129, 136, 138, 139, 141, 143, 145, 148, 152, 160, 161, 162, 163, 165, 170, 172, 183, 201, 202, 215, 218, 221, 224, 227, 228, 231, 242, 245, 249, 253, 254, 256, 257, 258, 259, 260, 264, 265, 274, 277, 278, 279, 280, 281, 283, 284, 285, 286, 288, 292, 293, 301, 302, 304, 305, 341, 342, 344, 346, 359, 373, 375, 378, 381, 382, 391, 392, 394, 396, 397, 398, 399, 402, 403, 405, 406, 407, 408, 413, 415, 416, 421, 422, 423, 424, 425, 426, 427, 428, 429, 430, 431, 432, 433, 434], "excluded_lines": [437, 438, 440], "executed_branches": [], "missing_branches": [[52, 51], [52, 152], [73, 75], [73, 77], [82, 83], [82, 86], [101, 102], [101, 141], [117, 119], [117, 125], [128, 129], [128, 138], [170, 172], [170, 183], [202, 201], [202, 253], [227, 228], [227, 231], [254, 253], [254, 264], [265, 264], [265, 292], [277, 278], [277, 288], [278, 279], [278, 288], [280, 281], [280, 288], [293, 292], [293, 341], [301, 302], [301, 304], [342, 341], [342, 373], [344, 346], [344, 359], [375, 378], [375, 415], [382, 381], [382, 402], [391, 392], [391, 394], [403, 402], [403, 413], [406, 407], [406, 408]]}, "backend\\middleware\\__init__.py": {"executed_lines": [], "summary": {"covered_lines": 0, "num_statements": 0, "percent_covered": 100.0, "percent_covered_display": "100", "missing_lines": 0, "excluded_lines": 0, "num_branches": 0, "num_partial_branches": 0, "covered_branches": 0, "missing_branches": 0}, "missing_lines": [], "excluded_lines": [], "executed_branches": [], "missing_branches": []}, "backend\\middleware\\auth_dependency.py": {"executed_lines": [1, 4, 5, 6, 7, 9, 10, 11, 14, 15, 16, 30, 33], "summary": {"covered_lines": 11, "num_statements": 43, "percent_covered": 20.0, "percent_covered_display": "20", "missing_lines": 32, "excluded_lines": 0, "num_branches": 12, "num_partial_branches": 0, "covered_branches": 0, "missing_branches": 12}, "missing_lines": [17, 18, 19, 21, 22, 27, 45, 46, 48, 49, 51, 53, 54, 55, 61, 64, 65, 66, 73, 74, 75, 76, 82, 83, 84, 85, 91, 93, 94, 95, 101, 102], "excluded_lines": [], "executed_branches": [], "missing_branches": [[21, 22], [21, 27], [53, 54], [53, 61], [64, 65], [64, 73], [74, 75], [74, 82], [83, 84], [83, 91], [93, 94], [93, 101]]}, "backend\\middleware\\authorization.py": {"executed_lines": [1, 16, 17, 18, 19, 20, 21, 27, 67, 99, 130, 170, 213, 251, 280, 305, 334, 364], "summary": {"covered_lines": 17, "num_statements": 113, "percent_covered": 10.179640718562874, "percent_covered_display": "10", "missing_lines": 96, "excluded_lines": 0, "num_branches": 54, "num_partial_branches": 0, "covered_branches": 0, "missing_branches": 54}, "missing_lines": [42, 43, 44, 47, 48, 51, 54, 55, 59, 61, 80, 82, 84, 85, 87, 88, 93, 112, 114, 116, 117, 119, 120, 124, 145, 147, 149, 150, 153, 154, 155, 159, 160, 164, 187, 189, 191, 192, 195, 196, 197, 201, 202, 207, 228, 230, 232, 233, 236, 237, 238, 240, 241, 245, 263, 266, 267, 270, 273, 274, 275, 277, 288, 291, 292, 295, 298, 299, 300, 302, 315, 318, 319, 322, 325, 326, 329, 331, 344, 347, 348, 351, 354, 355, 356, 358, 379, 381, 383, 384, 387, 388, 389, 393, 394, 398], "excluded_lines": [], "executed_branches": [], "missing_branches": [[42, 43], [42, 47], [47, 48], [47, 54], [54, 55], [54, 61], [84, 85], [84, 87], [87, 88], [87, 93], [116, 117], [116, 119], [119, 120], [119, 124], [149, 150], [149, 153], [154, 155], [154, 159], [159, 160], [159, 164], [191, 192], [191, 195], [196, 197], [196, 201], [201, 202], [201, 207], [232, 233], [232, 236], [237, 238], [237, 240], [240, 241], [240, 245], [266, 267], [266, 270], [273, 274], [273, 277], [291, 292], [291, 295], [298, 299], [298, 302], [318, 319], [318, 322], [325, 326], [325, 331], [347, 348], [347, 351], [354, 355], [354, 358], [383, 384], [383, 387], [388, 389], [388, 393], [393, 394], [393, 398]]}, "backend\\models\\__init__.py": {"executed_lines": [1, 4, 5, 6, 7, 8, 9, 10, 12], "summary": {"covered_lines": 8, "num_statements": 8, "percent_covered": 100.0, "percent_covered_display": "100", "missing_lines": 0, "excluded_lines": 0, "num_branches": 0, "num_partial_branches": 0, "covered_branches": 0, "missing_branches": 0}, "missing_lines": [], "excluded_lines": [], "executed_branches": [], "missing_branches": []}, "backend\\models\\brief.py": {"executed_lines": [1, 4, 5, 6, 8, 11, 12, 14, 15, 17, 18, 19, 20, 21, 22, 25, 27], "summary": {"covered_lines": 14, "num_statements": 14, "percent_covered": 100.0, "percent_covered_display": "100", "missing_lines": 0, "excluded_lines": 2, "num_branches": 0, "num_partial_branches": 0, "covered_branches": 0, "missing_branches": 0}, "missing_lines": [], "excluded_lines": [27, 28], "executed_branches": [], "missing_branches": []}, "backend\\models\\brief_import.py": {"executed_lines": [], "summary": {"covered_lines": 0, "num_statements": 19, "percent_covered": 0.0, "percent_covered_display": "0", "missing_lines": 19, "excluded_lines": 0, "num_branches": 0, "num_partial_branches": 0, "covered_branches": 0, "missing_branches": 0}, "missing_lines": [6, 8, 11, 20, 21, 25, 31, 37, 38, 42, 46, 51, 52, 85, 91, 98, 99, 104, 105], "excluded_lines": [], "executed_branches": [], "missing_branches": []}, "backend\\models\\client.py": {"executed_lines": [1, 5, 6, 7, 9, 12, 13, 15, 16, 18, 19, 22, 23, 24, 27, 28, 29, 30, 31, 32, 33, 36, 37, 40, 42], "summary": {"covered_lines": 22, "num_statements": 22, "percent_covered": 100.0, "percent_covered_display": "100", "missing_lines": 0, "excluded_lines": 2, "num_branches": 0, "num_partial_branches": 0, "covered_branches": 0, "missing_branches": 0}, "missing_lines": [], "excluded_lines": [42, 43], "executed_branches": [], "missing_branches": []}, "backend\\models\\deliverable.py": {"executed_lines": [1, 4, 5, 6, 8, 11, 12, 14, 16, 17, 18, 19, 20, 21, 22, 23, 24, 25, 26, 27, 28, 31, 32, 35, 45], "summary": {"covered_lines": 22, "num_statements": 22, "percent_covered": 100.0, "percent_covered_display": "100", "missing_lines": 0, "excluded_lines": 2, "num_branches": 0, "num_partial_branches": 0, "covered_branches": 0, "missing_branches": 0}, "missing_lines": [], "excluded_lines": [45, 46], "executed_branches": [], "missing_branches": []}, "backend\\models\\post.py": {"executed_lines": [1, 4, 5, 6, 8, 11, 12, 14, 16, 17, 18, 19, 20, 21, 22, 23, 24, 25, 26, 27, 28, 29, 32, 33, 36, 53], "summary": {"covered_lines": 23, "num_statements": 23, "percent_covered": 100.0, "percent_covered_display": "100", "missing_lines": 0, "excluded_lines": 2, "num_branches": 0, "num_partial_branches": 0, "covered_branches": 0, "missing_branches": 0}, "missing_lines": [], "excluded_lines": [53, 54], "executed_branches": [], "missing_branches": []}, "backend\\models\\project.py": {"executed_lines": [1, 5, 6, 7, 9, 12, 13, 15, 17, 18, 21, 22, 23, 28, 31, 32, 35, 36, 37, 40, 41, 44, 45, 48, 49, 50, 53, 56, 61, 69, 76], "summary": {"covered_lines": 28, "num_statements": 28, "percent_covered": 100.0, "percent_covered_display": "100", "missing_lines": 0, "excluded_lines": 2, "num_branches": 0, "num_partial_branches": 0, "covered_branches": 0, "missing_branches": 0}, "missing_lines": [], "excluded_lines": [76, 77], "executed_branches": [], "missing_branches": []}, "backend\\models\\run.py": {"executed_lines": [1, 4, 5, 6, 8, 11, 12, 14, 15, 17, 18, 19, 20, 21, 22, 25, 26, 29, 30, 32], "summary": {"covered_lines": 17, "num_statements": 17, "percent_covered": 100.0, "percent_covered_display": "100", "missing_lines": 0, "excluded_lines": 2, "num_branches": 0, "num_partial_branches": 0, "covered_branches": 0, "missing_branches": 0}, "missing_lines": [], "excluded_lines": [32, 33], "executed_branches": [], "missing_branches": []}, "backend\\models\\user.py": {"executed_lines": [1, 4, 5, 7, 10, 11, 13, 14, 16, 17, 18, 19, 20, 21, 22, 23, 25], "summary": {"covered_lines": 14, "num_statements": 14, "percent_covered": 100.0, "percent_covered_display": "100", "missing_lines": 0, "excluded_lines": 2, "num_branches": 0, "num_partial_branches": 0, "covered_branches": 0, "missing_branches": 0}, "missing_lines": [], "excluded_lines": [25, 26], "executed_branches": [], "missing_branches": []}, "backend\\routers\\__init__.py": {"executed_lines": [], "summary": {"covered_lines": 0, "num_statements": 0, "percent_covered": 100.0, "percent_covered_display": "100", "missing_lines": 0, "excluded_lines": 0, "num_branches": 0, "num_partial_branches": 0, "covered_branches": 0, "missing_branches": 0}, "missing_lines": [], "excluded_lines": [], "executed_branches": [], "missing_branches": []}, "backend\\routers\\admin_users.py": {"executed_lines": [], "summary": {"covered_lines": 0, "num_statements": 85, "percent_covered": 0.0, "percent_covered_display": "0", "missing_lines": 85, "excluded_lines": 0, "num_branches": 30, "num_partial_branches": 0, "covered_branches": 0, "missing_branches": 30}, "missing_lines": [13, 14, 15, 17, 18, 19, 20, 21, 22, 24, 27, 37, 38, 42, 45, 48, 49, 68, 70, 71, 72, 73, 76, 77, 78, 80, 82, 93, 94, 114, 117, 118, 119, 123, 124, 125, 126, 129, 130, 131, 133, 135, 146, 147, 169, 171, 172, 173, 174, 176, 177, 178, 183, 184, 185, 187, 189, 200, 201, 221, 224, 225, 226, 231, 232, 233, 234, 236, 237, 238, 241, 242, 243, 245, 247, 258, 259, 279, 281, 283, 297, 298, 320, 322, 324], "excluded_lines": [], "executed_branches": [], "missing_branches": [[37, 38], [37, 45], [49, 48], [49, 93], [71, 72], [71, 76], [94, 93], [94, 146], [117, 118], [117, 123], [124, 125], [124, 129], [147, 146], [147, 200], [172, 173], [172, 176], [176, 177], [176, 183], [201, 200], [201, 258], [224, 225], [224, 231], [232, 233], [232, 236], [236, 237], [236, 241], [259, 258], [259, 297], [298, -1], [298, 297]]}, "backend\\routers\\assistant.py": {"executed_lines": [], "summary": {"covered_lines": 0, "num_statements": 98, "percent_covered": 0.0, "percent_covered_display": "0", "missing_lines": 98, "excluded_lines": 0, "num_branches": 30, "num_partial_branches": 0, "covered_branches": 0, "missing_branches": 30}, "missing_lines": [7, 8, 10, 11, 12, 14, 15, 16, 17, 18, 19, 22, 23, 24, 26, 27, 28, 29, 32, 41, 44, 47, 48, 49, 52, 55, 56, 57, 60, 63, 64, 67, 70, 71, 74, 77, 78, 82, 152, 158, 161, 162, 163, 164, 165, 168, 169, 170, 173, 181, 184, 185, 186, 198, 199, 204, 206, 207, 208, 209, 210, 211, 217, 220, 228, 229, 231, 232, 233, 236, 237, 245, 248, 249, 250, 252, 255, 257, 259, 261, 262, 263, 269, 270, 271, 282, 283, 285, 288, 289, 290, 303, 306, 309, 347, 350, 353, 373], "excluded_lines": [], "executed_branches": [], "missing_branches": [[162, 163], [162, 168], [164, 165], [164, 168], [169, 170], [169, 173], [184, 185], [184, 186], [185, 184], [185, 186], [186, 185], [186, 269], [198, 199], [198, 204], [231, 232], [231, 236], [248, 249], [248, 252], [269, 270], [269, 271], [270, 269], [270, 271], [271, 270], [271, 288], [288, 289], [288, 290], [289, 288], [289, 290], [290, 289], [290, 306]]}, "backend\\routers\\auth.py": {"executed_lines": [], "summary": {"covered_lines": 0, "num_statements": 55, "percent_covered": 0.0, "percent_covered_display": "0", "missing_lines": 55, "excluded_lines": 0, "num_branches": 34, "num_partial_branches": 0, "covered_branches": 0, "missing_branches": 34}, "missing_lines": [5, 6, 13, 14, 16, 17, 25, 27, 30, 31, 32, 40, 41, 42, 48, 49, 55, 56, 62, 63, 66, 68, 83, 84, 85, 95, 96, 102, 103, 104, 109, 110, 111, 117, 118, 119, 125, 126, 128, 131, 132, 133, 171, 174, 180, 181, 182, 183, 189, 192, 200, 207, 208, 211, 213], "excluded_lines": [], "executed_branches": [], "missing_branches": [[30, 31], [30, 32], [31, 30], [31, 32], [32, 31], [32, 83], [41, 42], [41, 48], [48, 49], [48, 55], [55, 56], [55, 62], [83, 84], [83, 85], [84, 83], [84, 85], [85, 84], [85, 131], [95, 96], [95, 102], [103, 104], [103, 109], [110, 111], [110, 117], [118, 119], [118, 125], [131, 132], [131, 133], [132, 131], [132, 133], [133, -1], [133, 132], [181, 182], [181, 189]]}, "backend\\routers\\briefs.py": {"executed_lines": [], "summary": {"covered_lines": 0, "num_statements": 151, "percent_covered": 0.0, "percent_covered_display": "0", "missing_lines": 151, "excluded_lines": 0, "num_branches": 72, "num_partial_branches": 0, "covered_branches": 0, "missing_branches": 72}, "missing_lines": [3, 4, 5, 7, 8, 9, 10, 11, 12, 14, 15, 16, 17, 18, 19, 20, 22, 25, 26, 27, 40, 41, 42, 45, 50, 56, 57, 58, 63, 64, 65, 66, 67, 68, 74, 75, 76, 77, 80, 81, 84, 85, 86, 100, 101, 102, 105, 110, 116, 117, 118, 124, 125, 128, 129, 130, 131, 132, 133, 139, 140, 141, 142, 145, 146, 149, 150, 151, 165, 168, 169, 170, 180, 183, 184, 185, 195, 196, 197, 199, 200, 214, 215, 216, 217, 227, 228, 229, 230, 231, 232, 242, 244, 245, 247, 248, 251, 254, 257, 258, 261, 263, 275, 276, 277, 287, 289, 292, 303, 305, 306, 307, 308, 310, 311, 312, 313, 315, 316, 317, 319, 320, 321, 322, 324, 325, 328, 329, 332, 333, 334, 335, 336, 337, 338, 340, 342, 345, 347, 350, 352, 353, 354, 355, 358, 359, 360, 362, 363, 364, 366], "excluded_lines": [], "executed_branches": [], "missing_branches": [[25, 26], [25, 27], [26, 25], [26, 27], [27, 26], [27, 84], [41, 42], [41, 45], [45, 50], [45, 56], [57, 58], [57, 63], [84, 85], [84, 86], [85, 84], [85, 86], [86, 85], [86, 149], [101, 102], [101, 105], [105, 110], [105, 116], [117, 118], [117, 124], [149, 150], [149, 151], [150, 149], [150, 151], [151, 150], [151, 168], [168, 169], [168, 170], [169, 168], [169, 170], [170, 169], [170, 287], [184, 185], [184, 195], [199, 200], [199, 214], [258, -258], [258, 261], [303, 305], [303, 342], [305, 306], [305, 308], [308, 310], [308, 317], [310, 311], [310, 312], [312, 313], [312, 315], [317, 319], [317, 328], [319, 320], [319, 321], [321, 322], [321, 324], [333, 334], [333, 340], [335, 336], [335, 340], [336, 335], [336, 337], [352, 353], [352, 358], [354, 352], [354, 355], [359, 360], [359, 362], [363, 364], [363, 366]]}, "backend\\routers\\clients.py": {"executed_lines": [], "summary": {"covered_lines": 0, "num_statements": 66, "percent_covered": 0.0, "percent_covered_display": "0", "missing_lines": 66, "excluded_lines": 0, "num_branches": 48, "num_partial_branches": 0, "covered_branches": 0, "missing_branches": 48}, "missing_lines": [3, 4, 5, 7, 8, 9, 10, 14, 15, 16, 18, 19, 20, 22, 25, 26, 27, 41, 42, 45, 46, 47, 60, 63, 64, 65, 79, 82, 83, 84, 99, 100, 101, 102, 105, 106, 107, 134, 135, 138, 139, 144, 145, 148, 187, 188, 189, 191, 193, 196, 197, 198, 200, 202, 203, 206, 207, 208, 209, 211, 213, 214, 215, 218, 219, 222], "excluded_lines": [], "executed_branches": [], "missing_branches": [[25, 26], [25, 27], [26, 25], [26, 27], [27, 26], [27, 45], [45, 46], [45, 47], [46, 45], [46, 47], [47, 46], [47, 63], [63, 64], [63, 65], [64, 63], [64, 65], [65, 64], [65, 82], [82, 83], [82, 84], [83, 82], [83, 84], [84, 83], [84, 105], [100, 101], [100, 102], [105, 106], [105, 107], [106, 105], [106, 107], [107, -1], [107, 106], [139, -139], [139, 144], [187, 188], [187, 191], [188, 189], [188, 193], [196, 197], [196, 200], [197, 198], [197, 202], [207, 208], [207, 211], [208, 209], [208, 213], [218, 219], [218, 222]]}, "backend\\routers\\database.py": {"executed_lines": [], "summary": {"covered_lines": 0, "num_statements": 85, "percent_covered": 0.0, "percent_covered_display": "0", "missing_lines": 85, "excluded_lines": 0, "num_branches": 28, "num_partial_branches": 0, "covered_branches": 0, "missing_branches": 28}, "missing_lines": [8, 9, 10, 12, 13, 14, 16, 17, 18, 19, 21, 24, 36, 37, 41, 44, 47, 57, 60, 61, 66, 69, 71, 72, 74, 77, 78, 99, 100, 103, 104, 107, 108, 111, 112, 115, 123, 124, 149, 151, 152, 154, 157, 158, 160, 162, 163, 166, 169, 170, 171, 172, 175, 177, 178, 179, 180, 181, 182, 184, 185, 187, 189, 190, 193, 195, 202, 204, 206, 208, 209, 211, 214, 215, 234, 235, 237, 238, 240, 241, 243, 244, 245, 246, 248], "excluded_lines": [], "executed_branches": [], "missing_branches": [[36, 37], [36, 44], [60, 61], [60, 66], [71, 72], [71, 74], [78, 77], [78, 123], [124, 123], [124, 214], [151, 152], [151, 154], [170, 171], [170, 175], [184, 185], [184, 193], [202, 204], [202, 206], [208, 209], [208, 211], [215, -1], [215, 214], [237, 238], [237, 240], [243, 244], [243, 248], [244, 243], [244, 245]]}, "backend\\routers\\deliverables.py": {"executed_lines": [], "summary": {"covered_lines": 0, "num_statements": 63, "percent_covered": 0.0, "percent_covered_display": "0", "missing_lines": 63, "excluded_lines": 0, "num_branches": 42, "num_partial_branches": 0, "covered_branches": 0, "missing_branches": 42}, "missing_lines": [3, 4, 6, 7, 8, 9, 13, 18, 19, 20, 22, 23, 24, 26, 29, 30, 31, 47, 48, 50, 53, 56, 57, 58, 59, 62, 64, 67, 68, 69, 83, 86, 87, 88, 103, 110, 111, 112, 115, 116, 117, 137, 138, 141, 142, 143, 144, 145, 148, 149, 154, 155, 160, 171, 172, 175, 183, 184, 185, 207, 208, 209, 210], "excluded_lines": [], "executed_branches": [], "missing_branches": [[29, 30], [29, 31], [30, 29], [30, 31], [31, 30], [31, 67], [56, 57], [56, 58], [58, 59], [58, 62], [67, 68], [67, 69], [68, 67], [68, 69], [69, 68], [69, 86], [86, 87], [86, 88], [87, 86], [87, 88], [88, 87], [88, 115], [110, 111], [110, 112], [115, 116], [115, 117], [116, 115], [116, 117], [117, 116], [117, 183], [144, 145], [144, 154], [154, 155], [154, 160], [183, 184], [183, 185], [184, 183], [184, 185], [185, -1], [185, 184], [208, 209], [208, 210]]}, "backend\\routers\\generator.py": {"executed_lines": [], "summary": {"covered_lines": 0, "num_statements": 123, "percent_covered": 0.0, "percent_covered_display": "0", "missing_lines": 123, "excluded_lines": 0, "num_branches": 38, "num_partial_branches": 0, "covered_branches": 0, "missing_branches": 38}, "missing_lines": [7, 8, 10, 11, 12, 14, 15, 16, 19, 20, 21, 22, 23, 24, 25, 26, 28, 31, 34, 35, 36, 37, 40, 43, 46, 47, 50, 53, 54, 57, 72, 74, 75, 76, 77, 80, 81, 82, 83, 86, 87, 88, 90, 96, 99, 110, 111, 113, 114, 124, 126, 128, 129, 132, 135, 138, 139, 140, 161, 162, 163, 169, 174, 180, 181, 182, 188, 190, 193, 204, 206, 208, 211, 212, 213, 227, 228, 229, 235, 240, 246, 249, 251, 252, 257, 264, 265, 277, 284, 285, 286, 288, 289, 290, 291, 297, 298, 299, 312, 314, 315, 316, 322, 327, 332, 340, 341, 342, 343, 347, 350, 351, 354, 365, 366, 367, 369, 370, 372, 373, 374, 375, 376], "excluded_lines": [], "executed_branches": [], "missing_branches": [[76, 77], [76, 80], [81, 82], [81, 99], [138, 139], [138, 140], [139, 138], [139, 140], [140, 139], [140, 211], [162, 163], [162, 169], [169, 174], [169, 180], [181, 182], [181, 188], [211, 212], [211, 213], [212, 211], [212, 213], [213, 212], [213, 297], [228, 229], [228, 235], [235, 240], [235, 246], [297, 298], [297, 299], [298, 297], [298, 299], [299, -1], [299, 298], [315, 316], [315, 322], [322, 327], [322, 332], [372, 373], [372, 374]]}, "backend\\routers\\health.py": {"executed_lines": [], "summary": {"covered_lines": 0, "num_statements": 93, "percent_covered": 0.0, "percent_covered_display": "0", "missing_lines": 93, "excluded_lines": 0, "num_branches": 44, "num_partial_branches": 0, "covered_branches": 0, "missing_branches": 44}, "missing_lines": [5, 7, 9, 10, 11, 12, 13, 14, 23, 26, 39, 41, 42, 46, 50, 53, 54, 61, 70, 71, 72, 82, 83, 84, 86, 88, 89, 91, 99, 100, 106, 107, 108, 118, 124, 125, 141, 142, 145, 146, 153, 154, 157, 158, 178, 181, 182, 183, 185, 186, 187, 188, 190, 192, 194, 197, 198, 222, 227, 229, 231, 233, 241, 242, 255, 257, 259, 266, 267, 274, 275, 276, 278, 291, 292, 309, 312, 317, 320, 321, 345, 352, 355, 382, 383, 404, 406, 408, 430, 431, 449, 451, 453], "excluded_lines": [], "executed_branches": [], "missing_branches": [[41, 42], [41, 50], [54, 53], [54, 70], [70, 71], [70, 72], [71, 70], [71, 72], [72, 71], [72, 106], [88, 89], [88, 91], [106, 107], [106, 108], [107, 106], [107, 108], [108, 107], [108, 124], [125, 124], [125, 145], [146, 145], [146, 157], [158, 157], [158, 197], [181, 182], [181, 194], [185, 186], [185, 187], [187, 188], [187, 190], [198, 197], [198, 241], [242, 241], [242, 266], [267, 266], [267, 291], [292, 291], [292, 320], [321, 320], [321, 382], [383, 382], [383, 430], [431, -1], [431, 430]]}, "backend\\routers\\posts.py": {"executed_lines": [], "summary": {"covered_lines": 0, "num_statements": 80, "percent_covered": 0.0, "percent_covered_display": "0", "missing_lines": 80, "excluded_lines": 0, "num_branches": 56, "num_partial_branches": 0, "covered_branches": 0, "missing_branches": 56}, "missing_lines": [3, 5, 6, 7, 10, 11, 12, 13, 14, 16, 17, 18, 20, 23, 24, 25, 90, 93, 97, 99, 100, 101, 106, 110, 111, 112, 113, 114, 115, 116, 117, 118, 119, 120, 121, 122, 124, 125, 128, 130, 131, 132, 133, 134, 135, 136, 137, 138, 139, 140, 143, 153, 156, 159, 166, 167, 168, 188, 191, 198, 199, 200, 224, 227, 230, 231, 232, 233, 236, 238, 239, 240, 241, 242, 244, 247, 260, 263, 264, 266], "excluded_lines": [], "executed_branches": [], "missing_branches": [[23, 24], [23, 25], [24, 23], [24, 25], [25, 24], [25, 166], [97, 99], [97, 111], [100, 101], [100, 110], [101, 106], [101, 110], [111, 112], [111, 113], [113, 114], [113, 115], [115, 116], [115, 117], [117, 118], [117, 119], [119, 120], [119, 121], [121, 122], [121, 131], [122, 124], [122, 128], [131, 132], [131, 133], [133, 134], [133, 135], [135, 136], [135, 137], [137, 138], [137, 139], [139, 140], [139, 143], [166, 167], [166, 168], [167, 166], [167, 168], [168, 167], [168, 198], [198, 199], [198, 200], [199, 198], [199, 200], [200, -1], [200, 199], [232, 233], [232, 236], [236, -236], [236, 238], [238, 239], [238, 244], [260, -260], [260, 263]]}, "backend\\routers\\pricing.py": {"executed_lines": [], "summary": {"covered_lines": 0, "num_statements": 61, "percent_covered": 0.0, "percent_covered_display": "0", "missing_lines": 61, "excluded_lines": 0, "num_branches": 38, "num_partial_branches": 0, "covered_branches": 0, "missing_branches": 38}, "missing_lines": [8, 9, 10, 12, 13, 16, 17, 19, 28, 31, 34, 37, 38, 39, 40, 41, 44, 47, 48, 49, 50, 51, 54, 55, 56, 76, 77, 86, 87, 88, 112, 115, 116, 117, 132, 133, 134, 137, 140, 141, 142, 143, 177, 180, 182, 183, 184, 186, 193, 202, 203, 208, 215, 224, 225, 226, 266, 268, 269, 276, 278], "excluded_lines": [], "executed_branches": [], "missing_branches": [[54, 55], [54, 56], [55, 54], [55, 56], [56, 55], [56, 86], [86, 87], [86, 88], [87, 86], [87, 88], [88, 87], [88, 115], [115, 116], [115, 117], [116, 115], [116, 117], [117, 116], [117, 140], [133, 134], [133, 137], [140, 141], [140, 143], [141, 140], [141, 142], [142, 141], [142, 143], [143, 142], [143, 224], [180, 182], [180, 202], [202, 203], [202, 208], [224, 225], [224, 226], [225, 224], [225, 226], [226, -1], [226, 225]]}, "backend\\routers\\projects.py": {"executed_lines": [], "summary": {"covered_lines": 0, "num_statements": 73, "percent_covered": 0.0, "percent_covered_display": "0", "missing_lines": 73, "excluded_lines": 0, "num_branches": 50, "num_partial_branches": 0, "covered_branches": 0, "missing_branches": 50}, "missing_lines": [5, 7, 8, 9, 13, 14, 15, 16, 17, 19, 20, 21, 23, 26, 27, 28, 63, 66, 69, 70, 71, 72, 75, 85, 91, 97, 104, 105, 106, 120, 121, 122, 128, 133, 139, 142, 144, 145, 148, 149, 150, 152, 155, 156, 157, 177, 180, 187, 188, 189, 190, 207, 208, 209, 215, 217, 220, 223, 224, 225, 227, 230, 231, 232, 248, 249, 250, 256, 258, 261, 262, 263, 265], "excluded_lines": [], "executed_branches": [], "missing_branches": [[26, 27], [26, 28], [27, 26], [27, 28], [28, 27], [28, 104], [69, 70], [69, 71], [71, 72], [71, 75], [104, 105], [104, 106], [105, 104], [105, 106], [106, 105], [106, 155], [121, 122], [121, 128], [128, 133], [128, 139], [149, 150], [149, 152], [155, 156], [155, 157], [156, 155], [156, 157], [157, 156], [157, 187], [187, 188], [187, 190], [188, 187], [188, 189], [189, 188], [189, 190], [190, 189], [190, 230], [208, 209], [208, 215], [224, 225], [224, 227], [230, 231], [230, 232], [231, 230], [231, 232], [232, -1], [232, 231], [249, 250], [249, 256], [262, 263], [262, 265]]}, "backend\\routers\\research.py": {"executed_lines": [1, 7, 9, 10, 11, 13, 14, 15, 16, 30, 31, 32, 33, 34, 36, 39, 40, 42, 43, 44, 45, 46, 47, 50, 51, 53, 54, 55, 56, 59, 60, 62, 63, 64, 68, 174, 190, 239, 264, 266, 267, 269, 270, 272, 274, 275, 278, 283, 284, 286, 287, 288, 290, 292, 293, 296, 301, 307, 308, 310, 313, 315, 318, 319, 320, 336, 337, 338], "summary": {"covered_lines": 64, "num_statements": 138, "percent_covered": 43.333333333333336, "percent_covered_display": "43", "missing_lines": 74, "excluded_lines": 0, "num_branches": 72, "num_partial_branches": 1, "covered_branches": 27, "missing_branches": 45}, "missing_lines": [205, 206, 208, 209, 211, 213, 215, 216, 218, 219, 220, 221, 222, 224, 226, 228, 302, 304, 306, 333, 368, 369, 370, 376, 377, 383, 384, 385, 391, 392, 399, 400, 404, 414, 415, 418, 419, 420, 421, 427, 428, 429, 430, 436, 437, 438, 440, 441, 446, 447, 453, 454, 455, 461, 462, 473, 481, 482, 483, 487, 489, 490, 492, 493, 498, 500, 508, 509, 515, 526, 527, 528, 529, 530], "excluded_lines": [], "executed_branches": [[269, 270], [269, 315], [270, 272], [270, 284], [274, 275], [274, 283], [284, 286], [284, 308], [287, 288], [287, 307], [288, 290], [292, 293], [292, 301], [308, 310], [308, 313], [318, 319], [318, 320], [319, 318], [319, 320], [320, 319], [320, 320], [320, 336], [336, 337], [336, 338], [337, 336], [337, 338], [338, -1], [338, 337], [338, 338]], "missing_branches": [[206, 208], [206, 211], [219, 220], [219, 224], [220, -220], [220, 221], [288, 302], [302, 304], [302, 306], [369, 370], [369, 376], [376, 377], [376, 383], [384, 385], [384, 391], [391, 392], [391, 399], [414, 415], [414, 453], [418, 419], [418, 427], [420, 421], [420, 427], [427, 428], [427, 436], [429, 430], [429, 436], [436, 437], [436, 453], [440, 441], [440, 446], [446, 447], [446, 453], [453, -453], [453, 454], [454, 455], [454, 461], [461, 462], [461, 473], [487, 489], [487, 490], [508, 509], [508, 515], [526, 527], [526, 528]]}, "backend\\routers\\runs.py": {"executed_lines": [], "summary": {"covered_lines": 0, "num_statements": 39, "percent_covered": 0.0, "percent_covered_display": "0", "missing_lines": 39, "excluded_lines": 0, "num_branches": 18, "num_partial_branches": 0, "covered_branches": 0, "missing_branches": 18}, "missing_lines": [5, 7, 8, 9, 13, 14, 15, 17, 18, 20, 23, 24, 38, 40, 43, 44, 45, 46, 49, 51, 54, 55, 66, 67, 68, 74, 79, 84, 85, 88, 89, 101, 104, 105, 118, 119, 120, 121, 125], "excluded_lines": [], "executed_branches": [], "missing_branches": [[24, 23], [24, 54], [43, 44], [43, 45], [45, 46], [45, 49], [55, 54], [55, 88], [67, 68], [67, 74], [74, 79], [74, 84], [89, 88], [89, 104], [105, -1], [105, 104], [120, 121], [120, 125]]}, "backend\\schemas\\__init__.py": {"executed_lines": [1, 5, 13, 14, 15, 21, 22, 23, 38, 40], "summary": {"covered_lines": 9, "num_statements": 9, "percent_covered": 100.0, "percent_covered_display": "100", "missing_lines": 0, "excluded_lines": 0, "num_branches": 0, "num_partial_branches": 0, "covered_branches": 0, "missing_branches": 0}, "missing_lines": [], "excluded_lines": [], "executed_branches": [], "missing_branches": []}, "backend\\schemas\\auth.py": {"executed_lines": [1, 5, 6, 7, 8, 9, 12, 13, 15, 16, 19, 20, 21, 30, 31, 39, 40, 41, 43, 46, 47, 48, 68, 69, 70, 74, 75, 76, 104, 105, 114, 115, 117, 119, 120, 121, 128, 129, 135, 136, 137, 138, 139, 140, 141, 143, 146, 147, 149, 150, 151, 152, 155, 156, 158, 161, 162, 164, 165, 166], "summary": {"covered_lines": 52, "num_statements": 72, "percent_covered": 68.33333333333333, "percent_covered_display": "68", "missing_lines": 20, "excluded_lines": 0, "num_branches": 48, "num_partial_branches": 0, "covered_branches": 30, "missing_branches": 18}, "missing_lines": [23, 24, 25, 26, 27, 50, 51, 52, 53, 56, 57, 58, 60, 61, 66, 72, 101, 123, 124, 125], "excluded_lines": [], "executed_branches": [[19, 20], [19, 21], [20, 19], [20, 21], [21, -12], [21, 20], [46, 47], [46, 48], [47, 46], [47, 48], [48, 47], [48, 68], [68, 69], [68, 70], [69, 68], [69, 70], [70, 69], [70, 74], [74, 75], [74, 76], [75, 74], [75, 76], [76, -30], [76, 75], [119, 120], [119, 121], [120, 119], [120, 121], [121, -104], [121, 120]], "missing_branches": [[23, 24], [23, 25], [25, 26], [25, 27], [50, 51], [50, 52], [52, 53], [52, 56], [56, -56], [56, 57], [57, -57], [57, 58], [58, -58], [58, 60], [60, 61], [60, 66], [123, 124], [123, 125]]}, "backend\\schemas\\brief.py": {"executed_lines": [1, 5, 6, 8, 11, 12, 20, 21, 23, 26, 27, 35, 37, 40, 41, 47, 48, 49, 50, 51, 52, 54], "summary": {"covered_lines": 18, "num_statements": 18, "percent_covered": 100.0, "percent_covered_display": "100", "missing_lines": 0, "excluded_lines": 0, "num_branches": 2, "num_partial_branches": 0, "covered_branches": 2, "missing_branches": 0}, "missing_lines": [], "excluded_lines": [], "executed_branches": [[54, -54], [54, -40], [54, 54]], "missing_branches": []}, "backend\\schemas\\client.py": {"executed_lines": [1, 5, 6, 8, 11, 12, 14, 15, 16, 17, 18, 19, 20, 21, 22, 25, 26, 35, 38, 39, 48, 49, 50, 51, 52, 53, 54, 55, 56, 58, 61, 62, 68, 69, 71], "summary": {"covered_lines": 30, "num_statements": 30, "percent_covered": 100.0, "percent_covered_display": "100", "missing_lines": 0, "excluded_lines": 0, "num_branches": 2, "num_partial_branches": 0, "covered_branches": 2, "missing_branches": 0}, "missing_lines": [], "excluded_lines": [], "executed_branches": [[71, -71], [71, -61], [71, 71]], "missing_branches": []}, "backend\\schemas\\deliverable.py": {"executed_lines": [1, 5, 6, 8, 11, 12, 14, 17, 18, 27, 28, 30, 33, 34, 45, 47, 50, 51, 57, 58, 59, 60, 61, 62, 63, 64, 65, 66, 67, 68, 70, 78, 79, 89, 90, 92, 93, 94, 100, 101, 103, 104, 105, 106, 107, 108, 109, 111, 120, 121, 123, 124, 125, 126, 127, 128, 129, 131, 139, 140, 142, 143, 144, 145, 146, 148, 156, 157], "summary": {"covered_lines": 59, "num_statements": 69, "percent_covered": 79.7752808988764, "percent_covered_display": "80", "missing_lines": 10, "excluded_lines": 0, "num_branches": 20, "num_partial_branches": 0, "covered_branches": 12, "missing_branches": 8}, "missing_lines": [81, 82, 84, 85, 86, 159, 160, 162, 163, 164], "excluded_lines": [], "executed_branches": [[70, -70], [70, 70], [70, 78], [79, -50], [79, 78], [111, -111], [111, -100], [111, 111], [131, -131], [131, -120], [131, 131], [148, -148], [148, 148], [148, 156], [157, -139], [157, 156]], "missing_branches": [[81, 82], [81, 84], [84, 85], [84, 86], [159, 160], [159, 162], [162, 163], [162, 164]]}, "backend\\schemas\\enums.py": {"executed_lines": [], "summary": {"covered_lines": 0, "num_statements": 25, "percent_covered": 0.0, "percent_covered_display": "0", "missing_lines": 25, "excluded_lines": 0, "num_branches": 0, "num_partial_branches": 0, "covered_branches": 0, "missing_branches": 0}, "missing_lines": [4, 7, 10, 11, 12, 13, 14, 15, 18, 21, 22, 23, 24, 27, 30, 31, 32, 33, 34, 35, 36, 39, 42, 43, 44], "excluded_lines": [], "executed_branches": [], "missing_branches": []}, "backend\\schemas\\post.py": {"executed_lines": [1, 5, 6, 8, 10, 13, 14, 16, 17, 18, 19, 20, 23, 24, 33, 34, 36, 39, 40, 51, 53, 60, 61, 67, 68, 69, 70, 71, 72, 73, 74, 75, 77], "summary": {"covered_lines": 28, "num_statements": 28, "percent_covered": 100.0, "percent_covered_display": "100", "missing_lines": 0, "excluded_lines": 0, "num_branches": 2, "num_partial_branches": 0, "covered_branches": 2, "missing_branches": 0}, "missing_lines": [], "excluded_lines": [], "executed_branches": [[77, -77], [77, -60], [77, 77]], "missing_branches": []}, "backend\\schemas\\project.py": {"executed_lines": [1, 5, 6, 8, 9, 17, 18, 20, 21, 24, 25, 30, 37, 42, 47, 54, 55, 57, 62, 63, 64, 68, 69, 70, 76, 77, 78, 84, 85, 86, 92, 93, 94, 106, 107, 108, 137, 138, 156, 157, 166, 171, 172, 181, 182, 185, 186, 189, 194, 197, 201, 206, 207, 209, 215, 216, 222, 223, 224, 225, 227], "summary": {"covered_lines": 56, "num_statements": 87, "percent_covered": 66.20689655172414, "percent_covered_display": "66", "missing_lines": 31, "excluded_lines": 0, "num_branches": 58, "num_partial_branches": 0, "covered_branches": 40, "missing_branches": 18}, "missing_lines": [66, 72, 80, 81, 82, 88, 89, 90, 96, 97, 102, 110, 111, 114, 115, 118, 120, 121, 122, 123, 124, 125, 128, 135, 142, 143, 146, 147, 148, 151, 153], "excluded_lines": [], "executed_branches": [[62, 63], [62, 64], [63, 62], [63, 64], [64, 63], [64, 68], [68, 69], [68, 70], [69, 68], [69, 70], [70, 69], [70, 76], [76, 77], [76, 78], [77, 76], [77, 78], [78, 77], [78, 84], [84, 85], [84, 86], [85, 84], [85, 86], [86, 85], [86, 92], [92, 93], [92, 94], [93, 92], [93, 94], [94, 93], [94, 106], [106, 107], [106, 108], [107, 106], [107, 108], [108, 107], [108, 137], [138, -17], [138, 137], [227, -227], [227, -215], [227, 227]], "missing_branches": [[80, 81], [80, 82], [88, 89], [88, 90], [96, 97], [96, 102], [110, 111], [110, 114], [114, 115], [114, 118], [118, 120], [118, 135], [122, 123], [122, 128], [142, 143], [142, 146], [146, 147], [146, 153]]}, "backend\\schemas\\research_schemas.py": {"executed_lines": [1, 8, 9, 12, 13, 15, 17, 22, 23, 24, 26, 27, 29, 30, 32, 35, 36, 39, 40, 42, 44, 47, 48, 50, 52, 57, 58, 59, 61, 62, 64, 65, 66, 68, 69, 71, 72, 74, 76, 79, 80, 82, 84, 89, 90, 91, 93, 94, 96, 97, 98, 100, 101, 103, 106, 108, 111, 112, 114, 116, 121, 122, 123, 125, 127, 128, 130, 131, 133, 136, 137, 139, 141, 142, 143, 144, 147, 153, 154, 155, 157, 160, 163, 164, 166, 167, 169, 172, 173, 175, 177, 182, 183, 184, 186, 187, 189, 192, 193, 195, 197, 203, 207, 208, 209, 211, 214, 216, 219, 222, 224, 225, 226, 228, 231, 232, 234, 235, 236, 238, 241, 244, 246, 249, 250, 252, 254, 258, 263, 264, 265, 267, 270, 271, 273, 274, 275, 277, 280, 283, 285, 287, 288, 289, 291, 294, 296, 299, 300, 302, 305, 306, 308, 310, 317, 324, 325, 327, 329, 334, 335, 336, 338, 341, 343, 344, 346, 349, 350, 352, 354, 361, 362, 364, 366, 372, 379, 380, 382, 385], "summary": {"covered_lines": 166, "num_statements": 180, "percent_covered": 91.19496855345912, "percent_covered_display": "91", "missing_lines": 14, "excluded_lines": 0, "num_branches": 138, "num_partial_branches": 14, "covered_branches": 124, "missing_branches": 14}, "missing_lines": [104, 158, 212, 217, 220, 229, 239, 242, 268, 278, 281, 292, 297, 339], "excluded_lines": [], "executed_branches": [[22, 23], [22, 24], [23, 22], [23, 24], [24, -12], [24, 23], [26, 27], [26, 29], [30, 32], [30, 44], [35, 36], [35, 39], [39, 40], [39, 42], [57, 58], [57, 59], [58, 57], [58, 59], [59, -47], [59, 58], [61, 62], [61, 64], [65, 66], [65, 76], [68, 69], [68, 71], [71, 72], [71, 74], [89, 90], [89, 91], [90, 89], [90, 91], [91, -79], [91, 90], [93, 94], [93, 96], [97, 98], [97, 108], [100, 101], [100, 103], [103, 106], [121, 122], [121, 123], [122, 121], [122, 123], [123, -111], [123, 122], [127, 128], [127, 130], [130, 131], [130, 133], [153, 154], [153, 155], [154, 153], [154, 155], [155, -136], [155, 154], [157, 160], [163, 164], [163, 166], [166, 167], [166, 169], [182, 183], [182, 184], [183, 182], [183, 184], [184, -172], [184, 183], [186, 187], [186, 189], [207, 208], [207, 209], [208, 207], [208, 209], [209, 208], [209, 224], [211, 214], [216, 219], [219, 222], [224, 225], [224, 226], [225, 224], [225, 226], [226, -192], [226, 225], [228, 231], [231, 232], [231, 234], [235, 236], [235, 246], [238, 241], [241, 244], [263, 264], [263, 265], [264, 263], [264, 265], [265, 264], [265, 287], [267, 270], [270, 271], [270, 273], [274, 275], [274, 285], [277, 280], [280, 283], [287, 288], [287, 289], [288, 287], [288, 289], [289, -249], [289, 288], [291, 294], [296, 299], [299, 300], [299, 302], [334, 335], [334, 336], [335, 334], [335, 336], [336, -324], [336, 335], [338, 341], [343, 344], [343, 346]], "missing_branches": [[103, 104], [157, 158], [211, 212], [216, 217], [219, 220], [228, 229], [238, 239], [241, 242], [267, 268], [277, 278], [280, 281], [291, 292], [296, 297], [338, 339]]}, "backend\\schemas\\run.py": {"executed_lines": [1, 5, 6, 8, 11, 12, 14, 15, 18, 19, 27, 28, 30, 33, 34, 43, 44, 45, 46, 48, 51, 52, 58, 59, 60, 61, 62, 63, 64, 65, 67, 75, 76, 77], "summary": {"covered_lines": 29, "num_statements": 42, "percent_covered": 59.67741935483871, "percent_covered_display": "60", "missing_lines": 13, "excluded_lines": 0, "num_branches": 20, "num_partial_branches": 0, "covered_branches": 8, "missing_branches": 12}, "missing_lines": [79, 80, 81, 83, 84, 85, 87, 88, 90, 91, 93, 94, 95], "excluded_lines": [], "executed_branches": [[67, -67], [67, 67], [67, 75], [75, 76], [75, 77], [76, 75], [76, 77], [77, -51], [77, 76]], "missing_branches": [[79, 80], [79, 81], [81, 83], [81, 95], [84, 85], [84, 94], [85, 87], [85, 88], [88, 90], [88, 91], [91, 84], [91, 93]]}, "backend\\seed_demo_data.py": {"executed_lines": [], "summary": {"covered_lines": 0, "num_statements": 112, "percent_covered": 0.0, "percent_covered_display": "0", "missing_lines": 112, "excluded_lines": 2, "num_branches": 8, "num_partial_branches": 0, "covered_branches": 0, "missing_branches": 8}, "missing_lines": [15, 16, 17, 18, 19, 22, 23, 24, 27, 29, 30, 31, 32, 33, 34, 37, 39, 40, 41, 42, 43, 44, 46, 47, 48, 49, 50, 53, 55, 58, 59, 60, 61, 62, 64, 65, 68, 70, 72, 90, 91, 92, 95, 97, 99, 101, 428, 429, 430, 433, 435, 437, 439, 557, 558, 559, 562, 564, 566, 568, 731, 732, 733, 736, 738, 740, 742, 960, 961, 962, 965, 967, 969, 970, 971, 972, 974, 975, 976, 979, 982, 983, 984, 987, 989, 991, 993, 994, 995, 998, 999, 1000, 1001, 1002, 1005, 1006, 1007, 1009, 1010, 1011, 1012, 1013, 1014, 1015, 1016, 1017, 1018, 1020, 1021, 1022, 1023, 1025], "excluded_lines": [1028, 1029], "executed_branches": [], "missing_branches": [[22, 23], [22, 27], [40, 41], [40, 50], [41, 42], [41, 46], [993, 994], [993, 998]]}, "backend\\seed_users.py": {"executed_lines": [], "summary": {"covered_lines": 0, "num_statements": 24, "percent_covered": 0.0, "percent_covered_display": "0", "missing_lines": 24, "excluded_lines": 13, "num_branches": 6, "num_partial_branches": 0, "covered_branches": 0, "missing_branches": 6}, "missing_lines": [5, 6, 7, 8, 10, 11, 12, 15, 19, 20, 21, 23, 24, 25, 26, 27, 28, 30, 36, 37, 39, 40, 41, 43], "excluded_lines": [46, 47, 50, 52, 54, 55, 56, 57, 58, 59, 60, 61, 63], "executed_branches": [], "missing_branches": [[24, 25], [24, 39], [26, 27], [26, 30], [39, 40], [39, 41]]}, "backend\\services\\__init__.py": {"executed_lines": [], "summary": {"covered_lines": 0, "num_statements": 0, "percent_covered": 100.0, "percent_covered_display": "100", "missing_lines": 0, "excluded_lines": 0, "num_branches": 0, "num_partial_branches": 0, "covered_branches": 0, "missing_branches": 0}, "missing_lines": [], "excluded_lines": [], "executed_branches": [], "missing_branches": []}, "backend\\services\\crud.py": {"executed_lines": [1, 5, 6, 7, 8, 9, 11, 12, 13, 14, 16, 22, 34, 50, 51, 77, 78, 111, 182, 206, 231, 253, 254, 269, 270, 283, 320, 360, 361, 379, 380, 460, 536, 551, 576, 601, 611, 626, 646, 658, 684, 700, 719, 724, 729], "summary": {"covered_lines": 44, "num_statements": 252, "percent_covered": 16.27906976744186, "percent_covered_display": "16", "missing_lines": 208, "excluded_lines": 0, "num_branches": 92, "num_partial_branches": 0, "covered_branches": 12, "missing_branches": 80}, "missing_lines": [28, 29, 30, 31, 40, 41, 42, 43, 44, 61, 95, 103, 104, 105, 106, 108, 138, 147, 148, 149, 150, 153, 154, 155, 163, 166, 169, 170, 171, 174, 175, 176, 177, 179, 193, 194, 195, 196, 197, 198, 201, 203, 214, 215, 216, 218, 219, 220, 222, 223, 226, 228, 237, 238, 239, 241, 242, 245, 247, 264, 280, 294, 295, 297, 298, 299, 300, 302, 303, 304, 305, 306, 307, 308, 310, 311, 314, 315, 317, 326, 328, 329, 330, 331, 333, 334, 336, 337, 339, 340, 341, 342, 343, 344, 345, 347, 348, 351, 352, 354, 371, 407, 410, 411, 412, 413, 414, 415, 418, 419, 422, 423, 426, 427, 430, 431, 433, 434, 437, 439, 442, 443, 446, 447, 448, 449, 452, 453, 454, 455, 457, 491, 494, 495, 496, 497, 498, 499, 500, 501, 504, 505, 506, 514, 517, 520, 521, 522, 525, 526, 527, 528, 530, 543, 564, 568, 569, 570, 571, 573, 584, 585, 586, 588, 589, 590, 591, 593, 594, 595, 608, 618, 630, 637, 638, 639, 640, 653, 655, 671, 674, 676, 677, 678, 679, 681, 686, 688, 694, 695, 696, 697, 703, 704, 705, 707, 708, 709, 711, 712, 713, 721, 726, 755, 763, 764, 765, 766], "excluded_lines": [], "executed_branches": [[51, 50], [51, 77], [78, 77], [78, 78], [78, 111], [254, 253], [254, 269], [270, 269], [270, 283], [361, 360], [361, 379], [380, 379], [380, 380], [380, 460]], "missing_branches": [[103, 104], [103, 105], [105, 106], [105, 108], [147, 148], [147, 149], [149, 150], [149, 153], [153, 154], [153, 163], [170, 171], [170, 174], [175, 176], [175, 179], [215, 216], [215, 218], [219, 220], [219, 222], [238, 239], [238, 241], [329, 330], [329, 333], [336, 337], [336, 339], [410, 411], [410, 412], [412, 413], [412, 414], [414, 415], [414, 418], [418, 419], [418, 422], [422, 423], [422, 426], [426, 427], [426, 430], [430, 431], [430, 442], [431, 433], [431, 437], [442, 443], [442, 446], [446, 447], [446, 448], [448, 449], [448, 452], [452, 453], [452, 454], [454, 455], [454, 457], [494, 495], [494, 496], [496, 497], [496, 498], [498, 499], [498, 500], [500, 501], [500, 504], [504, 505], [504, 514], [521, 522], [521, 525], [526, 527], [526, 530], [568, 569], [568, 570], [570, 571], [570, 573], [585, 586], [585, 588], [676, 677], [676, 678], [678, 679], [678, 681], [704, 705], [704, 707], [707, 708], [707, 711], [708, 707], [708, 709]]}, "backend\\services\\deliverable_service.py": {"executed_lines": [], "summary": {"covered_lines": 0, "num_statements": 66, "percent_covered": 0.0, "percent_covered_display": "0", "missing_lines": 66, "excluded_lines": 0, "num_branches": 26, "num_partial_branches": 0, "covered_branches": 0, "missing_branches": 26}, "missing_lines": [7, 8, 9, 10, 12, 14, 15, 16, 17, 20, 33, 34, 35, 37, 38, 39, 40, 41, 42, 43, 44, 46, 47, 48, 49, 50, 53, 63, 64, 66, 67, 68, 71, 72, 75, 76, 79, 80, 83, 84, 85, 86, 88, 89, 91, 102, 118, 119, 120, 121, 124, 125, 128, 129, 130, 131, 132, 133, 136, 137, 138, 139, 142, 156, 158, 161], "excluded_lines": [], "executed_branches": [], "missing_branches": [[33, 34], [33, 37], [38, -20], [38, 39], [41, 42], [41, 43], [44, 46], [44, 48], [63, 64], [63, 66], [67, -67], [67, 68], [68, -68], [68, 71], [79, -79], [79, 80], [84, 85], [84, 88], [85, 84], [85, 86], [119, 120], [119, 124], [129, 130], [129, 136], [138, 139], [138, 161]]}, "backend\\services\\generator_service.py": {"executed_lines": [], "summary": {"covered_lines": 0, "num_statements": 168, "percent_covered": 0.0, "percent_covered_display": "0", "missing_lines": 168, "excluded_lines": 0, "num_branches": 28, "num_partial_branches": 0, "covered_branches": 0, "missing_branches": 28}, "missing_lines": [10, 11, 12, 13, 15, 17, 18, 19, 20, 23, 26, 28, 29, 30, 33, 34, 35, 37, 38, 39, 40, 42, 74, 75, 76, 79, 80, 81, 83, 84, 85, 90, 91, 93, 96, 97, 98, 104, 115, 116, 117, 120, 123, 130, 131, 132, 133, 134, 137, 138, 139, 145, 147, 153, 170, 180, 185, 212, 213, 214, 216, 217, 218, 219, 222, 223, 225, 226, 228, 229, 230, 233, 234, 235, 236, 237, 238, 239, 240, 243, 244, 247, 248, 249, 250, 251, 252, 253, 254, 257, 258, 268, 269, 270, 271, 274, 275, 276, 277, 278, 279, 280, 283, 284, 285, 286, 287, 289, 290, 298, 300, 301, 302, 304, 305, 306, 309, 310, 312, 313, 314, 315, 317, 331, 332, 333, 335, 336, 337, 340, 341, 342, 343, 344, 345, 346, 347, 350, 351, 352, 354, 355, 357, 363, 364, 365, 367, 369, 381, 382, 383, 387, 404, 405, 407, 409, 426, 428, 429, 431, 448, 449, 451, 452, 453, 456, 458, 462], "excluded_lines": [], "executed_branches": [], "missing_branches": [[75, 76], [75, 79], [80, 81], [80, 83], [84, 85], [84, 90], [91, 93], [91, 115], [115, 116], [115, 117], [130, 131], [130, 137], [138, 139], [138, 145], [225, 226], [225, 228], [228, 229], [228, 233], [248, 249], [248, 257], [300, 301], [300, 309], [312, 313], [312, 340], [354, 355], [354, 357], [428, 429], [428, 456]]}, "backend\\services\\research_service.py": {"executed_lines": [1, 10, 11, 12, 14, 19, 20, 21, 22, 30, 31, 33, 34, 35, 36, 37, 38, 39, 40, 41, 42, 43, 44, 45, 47, 48, 71, 72, 75, 76, 77, 79, 80, 81, 82, 83, 89, 90, 92, 94, 96, 192, 213, 222, 226, 231, 233, 234, 235, 237, 241, 243, 245, 249, 253], "summary": {"covered_lines": 53, "num_statements": 90, "percent_covered": 54.310344827586206, "percent_covered_display": "54", "missing_lines": 37, "excluded_lines": 0, "num_branches": 26, "num_partial_branches": 6, "covered_branches": 10, "missing_branches": 16}, "missing_lines": [25, 26, 27, 62, 64, 65, 66, 67, 84, 85, 86, 121, 124, 125, 126, 128, 129, 130, 133, 134, 136, 154, 155, 158, 161, 163, 165, 166, 169, 180, 181, 182, 224, 228, 229, 239, 247], "excluded_lines": [], "executed_branches": [[21, 22], [81, 82], [222, 226], [226, 231], [231, 233], [231, 237], [237, 241], [241, 243], [241, 245], [245, 249]], "missing_branches": [[21, 25], [26, 27], [26, 30], [81, 83], [125, 126], [125, 128], [129, 130], [129, 133], [133, 134], [133, 154], [154, 155], [154, 158], [222, 224], [226, 228], [237, 239], [245, 247]]}, "backend\\tasks\\__init__.py": {"executed_lines": [], "summary": {"covered_lines": 0, "num_statements": 0, "percent_covered": 100.0, "percent_covered_display": "100", "missing_lines": 0, "excluded_lines": 0, "num_branches": 0, "num_partial_branches": 0, "covered_branches": 0, "missing_branches": 0}, "missing_lines": [], "excluded_lines": [], "executed_branches": [], "missing_branches": []}, "backend\\tasks\\generation.py": {"executed_lines": [], "summary": {"covered_lines": 0, "num_statements": 68, "percent_covered": 0.0, "percent_covered_display": "0", "missing_lines": 68, "excluded_lines": 0, "num_branches": 18, "num_partial_branches": 0, "covered_branches": 0, "missing_branches": 18}, "missing_lines": [10, 11, 13, 14, 16, 17, 18, 19, 21, 24, 31, 33, 34, 36, 37, 38, 40, 42, 43, 44, 47, 48, 87, 89, 90, 92, 93, 94, 96, 97, 98, 101, 111, 112, 114, 115, 116, 118, 119, 120, 123, 139, 142, 153, 154, 157, 167, 168, 169, 171, 174, 183, 190, 191, 197, 198, 199, 200, 201, 202, 203, 204, 205, 208, 211, 212, 232, 240], "excluded_lines": [], "executed_branches": [], "missing_branches": [[34, 33], [34, 40], [36, 37], [36, 38], [42, -40], [42, 43], [48, 47], [48, 211], [92, 93], [92, 96], [114, 115], [114, 118], [118, 119], [118, 123], [199, 200], [199, 208], [212, -1], [212, 211]]}, "backend\\temp_db_query.py": {"executed_lines": [], "summary": {"covered_lines": 0, "num_statements": 25, "percent_covered": 0.0, "percent_covered_display": "0", "missing_lines": 25, "excluded_lines": 2, "num_branches": 8, "num_partial_branches": 0, "covered_branches": 0, "missing_branches": 8}, "missing_lines": [1, 4, 5, 8, 9, 10, 12, 20, 21, 22, 23, 25, 26, 27, 36, 37, 38, 39, 41, 48, 49, 50, 51, 53, 54], "excluded_lines": [57, 58], "executed_branches": [], "missing_branches": [[22, 23], [22, 25], [26, 27], [26, 41], [38, 26], [38, 39], [50, 51], [50, 53]]}, "backend\\tmp_versions.py": {"executed_lines": [], "summary": {"covered_lines": 0, "num_statements": 6, "percent_covered": 0.0, "percent_covered_display": "0", "missing_lines": 6, "excluded_lines": 0, "num_branches": 4, "num_partial_branches": 0, "covered_branches": 0, "missing_branches": 4}, "missing_lines": [1, 2, 3, 4, 5, 6], "excluded_lines": [], "executed_branches": [], "missing_branches": [[3, -1], [3, 4], [4, 5], [4, 6]]}, "backend\\utils\\__init__.py": {"executed_lines": [], "summary": {"covered_lines": 0, "num_statements": 0, "percent_covered": 100.0, "percent_covered_display": "100", "missing_lines": 0, "excluded_lines": 0, "num_branches": 0, "num_partial_branches": 0, "covered_branches": 0, "missing_branches": 0}, "missing_lines": [], "excluded_lines": [], "executed_branches": [], "missing_branches": []}, "backend\\utils\\auth.py": {"executed_lines": [1, 5, 6, 7, 9, 10, 12, 13, 16, 19, 22, 30, 32, 35, 40, 47, 58, 60, 61, 63, 65, 68, 69, 71, 73, 74, 76, 77, 80, 90, 91, 92, 95, 96, 98, 103, 104, 107, 120, 121, 123, 125, 126, 129, 130, 131, 132, 135, 136, 141, 142, 143, 144, 147, 150, 153], "summary": {"covered_lines": 55, "num_statements": 66, "percent_covered": 81.70731707317073, "percent_covered_display": "82", "missing_lines": 11, "excluded_lines": 0, "num_branches": 16, "num_partial_branches": 2, "covered_branches": 12, "missing_branches": 4}, "missing_lines": [31, 37, 42, 43, 44, 100, 101, 164, 165, 166, 167], "excluded_lines": [], "executed_branches": [[30, 32], [60, 61], [60, 63], [71, 73], [71, 76], [98, 103], [123, 125], [123, 129], [130, 131], [130, 147], [135, 136], [135, 141]], "missing_branches": [[30, 31], [98, 100], [165, 166], [165, 167]]}, "backend\\utils\\caching.py": {"executed_lines": [], "summary": {"covered_lines": 0, "num_statements": 69, "percent_covered": 0.0, "percent_covered_display": "0", "missing_lines": 69, "excluded_lines": 0, "num_branches": 28, "num_partial_branches": 0, "covered_branches": 0, "missing_branches": 28}, "missing_lines": [9, 10, 11, 13, 14, 17, 21, 27, 32, 37, 43, 49, 55, 70, 73, 74, 76, 79, 93, 96, 97, 99, 100, 102, 103, 106, 107, 108, 109, 112, 113, 115, 116, 118, 119, 121, 122, 124, 127, 138, 140, 141, 144, 146, 149, 166, 167, 168, 171, 172, 175, 177, 180, 209, 212, 214, 215, 216, 217, 220, 223, 225, 229, 237, 238, 252, 259, 269, 278], "excluded_lines": [], "executed_branches": [], "missing_branches": [[96, 97], [96, 99], [99, 100], [99, 102], [102, 103], [102, 106], [106, 107], [106, 108], [108, 109], [108, 112], [112, 113], [112, 115], [115, 116], [115, 118], [118, 119], [118, 121], [121, 122], [121, 124], [140, 141], [140, 144], [167, 168], [167, 171], [171, 172], [171, 175], [212, 214], [212, 220], [238, -229], [238, 237]]}, "backend\\utils\\cli_executor.py": {"executed_lines": [], "summary": {"covered_lines": 0, "num_statements": 71, "percent_covered": 0.0, "percent_covered_display": "0", "missing_lines": 71, "excluded_lines": 0, "num_branches": 26, "num_partial_branches": 0, "covered_branches": 0, "missing_branches": 26}, "missing_lines": [7, 8, 9, 10, 11, 13, 16, 19, 21, 22, 24, 50, 53, 60, 61, 63, 64, 66, 68, 70, 77, 79, 80, 82, 84, 85, 86, 94, 97, 98, 99, 101, 102, 104, 112, 113, 114, 119, 142, 147, 149, 164, 166, 167, 170, 171, 172, 175, 176, 184, 185, 186, 187, 189, 191, 193, 194, 195, 196, 198, 199, 201, 202, 203, 204, 206, 207, 209, 210, 211, 215], "excluded_lines": [], "executed_branches": [], "missing_branches": [[60, 61], [60, 63], [63, 64], [63, 66], [84, 85], [84, 94], [98, 99], [98, 101], [171, 172], [171, 175], [175, 176], [175, 189], [184, 185], [184, 189], [186, 184], [186, 187], [187, -187], [187, 184], [194, 195], [194, 198], [198, 199], [198, 201], [201, 202], [201, 203], [203, 204], [203, 206]]}, "backend\\utils\\db_monitor.py": {"executed_lines": [], "summary": {"covered_lines": 0, "num_statements": 58, "percent_covered": 0.0, "percent_covered_display": "0", "missing_lines": 58, "excluded_lines": 0, "num_branches": 28, "num_partial_branches": 0, "covered_branches": 0, "missing_branches": 28}, "missing_lines": [4, 5, 7, 8, 11, 24, 27, 28, 38, 41, 42, 43, 44, 46, 76, 88, 89, 90, 92, 94, 95, 96, 97, 98, 99, 101, 104, 117, 118, 119, 120, 121, 122, 124, 127, 139, 142, 143, 148, 149, 150, 155, 160, 161, 166, 167, 169, 172, 179, 181, 182, 184, 188, 191, 193, 194, 195, 197], "excluded_lines": [], "executed_branches": [], "missing_branches": [[27, 28], [27, 38], [89, 90], [89, 92], [94, 95], [94, 96], [96, 97], [96, 98], [98, 99], [98, 101], [117, 118], [117, 119], [119, 120], [119, 121], [121, 122], [121, 124], [142, 143], [142, 148], [148, 149], [148, 160], [149, 150], [149, 155], [160, 161], [160, 166], [166, 167], [166, 169], [181, 182], [181, 184]]}, "backend\\utils\\file_utils.py": {"executed_lines": [], "summary": {"covered_lines": 0, "num_statements": 24, "percent_covered": 0.0, "percent_covered_display": "0", "missing_lines": 24, "excluded_lines": 0, "num_branches": 10, "num_partial_branches": 0, "covered_branches": 0, "missing_branches": 10}, "missing_lines": [4, 7, 17, 19, 22, 24, 25, 28, 29, 31, 33, 34, 37, 47, 48, 50, 51, 52, 54, 55, 56, 59, 60, 62], "excluded_lines": [], "executed_branches": [], "missing_branches": [[22, 24], [22, 28], [28, 29], [28, 31], [47, 48], [47, 50], [54, 55], [54, 59], [59, 60], [59, 62]]}, "backend\\utils\\http_rate_limiter.py": {"executed_lines": [1, 22, 23, 24, 27, 42, 61, 71, 80, 89, 98], "summary": {"covered_lines": 10, "num_statements": 19, "percent_covered": 43.47826086956522, "percent_covered_display": "43", "missing_lines": 9, "excluded_lines": 0, "num_branches": 4, "num_partial_branches": 0, "covered_branches": 0, "missing_branches": 4}, "missing_lines": [35, 36, 39, 51, 52, 54, 55, 57, 100], "excluded_lines": [], "executed_branches": [], "missing_branches": [[35, 36], [35, 39], [54, 55], [54, 57]]}, "backend\\utils\\input_validators.py": {"executed_lines": [1, 25, 26, 31, 47, 50, 121, 155, 215, 262, 309, 368, 391], "summary": {"covered_lines": 12, "num_statements": 109, "percent_covered": 6.282722513089006, "percent_covered_display": "6", "missing_lines": 97, "excluded_lines": 0, "num_branches": 82, "num_partial_branches": 0, "covered_branches": 0, "missing_branches": 82}, "missing_lines": [75, 76, 77, 78, 81, 84, 85, 88, 89, 94, 95, 103, 104, 105, 112, 113, 118, 134, 137, 139, 140, 145, 146, 152, 178, 179, 181, 184, 185, 190, 191, 198, 199, 206, 207, 212, 236, 237, 238, 239, 240, 245, 246, 252, 253, 259, 283, 284, 285, 286, 287, 292, 293, 299, 300, 306, 330, 331, 333, 336, 337, 338, 339, 341, 342, 344, 346, 351, 352, 354, 356, 357, 359, 361, 365, 379, 380, 382, 384, 388, 412, 413, 416, 417, 418, 419, 424, 425, 426, 427, 428, 429, 430, 431, 432, 434, 436], "excluded_lines": [], "executed_branches": [], "missing_branches": [[75, 76], [75, 81], [76, 77], [76, 78], [84, 85], [84, 88], [88, 89], [88, 94], [94, 95], [94, 103], [103, 104], [103, 112], [104, 103], [104, 105], [112, 113], [112, 118], [139, 140], [139, 145], [145, 146], [145, 152], [178, 179], [178, 181], [184, 185], [184, 190], [190, 191], [190, 198], [198, 199], [198, 206], [206, 207], [206, 212], [236, 237], [236, 245], [245, 246], [245, 252], [252, 253], [252, 259], [283, 284], [283, 292], [292, 293], [292, 299], [299, 300], [299, 306], [330, 331], [330, 333], [336, 337], [336, 354], [339, 341], [339, 351], [341, 342], [341, 344], [342, -342], [342, 346], [344, -344], [344, 346], [354, 356], [354, 365], [356, 357], [356, 359], [357, -357], [357, 361], [359, -359], [359, 361], [379, 380], [379, 382], [382, 384], [382, 388], [412, 413], [412, 416], [416, 417], [416, 424], [418, 419], [418, 424], [425, 426], [425, 427], [427, 428], [427, 430], [428, -424], [428, 429], [430, -424], [430, 431], [431, -424], [431, 432]]}, "backend\\utils\\logger.py": {"executed_lines": [1, 6, 7, 8, 9, 12, 28, 29, 32, 35, 36, 37, 41, 42, 45, 46, 47, 48, 49, 50, 52, 56], "summary": {"covered_lines": 21, "num_statements": 21, "percent_covered": 95.65217391304348, "percent_covered_display": "96", "missing_lines": 0, "excluded_lines": 0, "num_branches": 2, "num_partial_branches": 1, "covered_branches": 1, "missing_branches": 1}, "missing_lines": [], "excluded_lines": [], "executed_branches": [[45, 46]], "missing_branches": [[45, 52]]}, "backend\\utils\\pagination.py": {"executed_lines": [], "summary": {"covered_lines": 0, "num_statements": 89, "percent_covered": 0.0, "percent_covered_display": "0", "missing_lines": 89, "excluded_lines": 0, "num_branches": 24, "num_partial_branches": 0, "covered_branches": 0, "missing_branches": 24}, "missing_lines": [9, 10, 11, 12, 13, 15, 18, 21, 22, 23, 24, 25, 26, 27, 28, 29, 32, 35, 36, 38, 39, 43, 44, 45, 48, 68, 69, 72, 75, 78, 81, 82, 83, 85, 95, 101, 127, 130, 131, 133, 134, 135, 136, 137, 138, 139, 141, 144, 146, 147, 148, 150, 153, 160, 166, 167, 168, 170, 171, 173, 176, 179, 180, 181, 184, 185, 186, 187, 188, 189, 193, 205, 211, 240, 243, 244, 253, 254, 256, 258, 268, 277, 284, 296, 297, 299, 302, 303, 305], "excluded_lines": [], "executed_branches": [], "missing_branches": [[133, 134], [133, 144], [136, 137], [136, 144], [144, 146], [144, 166], [150, 153], [150, 160], [170, 171], [170, 173], [180, 181], [180, 184], [185, 186], [185, 193], [243, 244], [243, 253], [253, 254], [253, 277], [256, 258], [256, 268], [296, 297], [296, 299], [302, 303], [302, 305]]}, "backend\\utils\\query_cache.py": {"executed_lines": [1, 12, 13, 14, 15, 17, 20, 23, 33, 54, 57, 64, 91, 108, 109, 110, 135, 136, 138, 140, 143, 185, 204, 250, 262, 264, 267, 269, 272], "summary": {"covered_lines": 28, "num_statements": 79, "percent_covered": 29.357798165137616, "percent_covered_display": "29", "missing_lines": 51, "excluded_lines": 0, "num_branches": 30, "num_partial_branches": 2, "covered_branches": 4, "missing_branches": 26}, "missing_lines": [77, 82, 85, 86, 88, 112, 113, 116, 117, 120, 121, 122, 125, 126, 129, 130, 132, 161, 163, 164, 165, 167, 168, 170, 172, 173, 174, 175, 176, 179, 180, 181, 182, 199, 200, 201, 220, 221, 222, 224, 225, 227, 228, 234, 247, 252, 253, 254, 255, 256, 274], "excluded_lines": [], "executed_branches": [[110, 109], [110, 135], [135, 136], [136, 138]], "missing_branches": [[120, 121], [120, 125], [135, -135], [136, -136], [163, -143], [163, 164], [167, 168], [167, 170], [170, 172], [170, 179], [173, 163], [173, 174], [175, 173], [175, 176], [181, 163], [181, 182], [199, -185], [199, 200], [200, 199], [200, 201], [220, 221], [220, 247], [224, 225], [224, 227], [252, -250], [252, 253]]}, "backend\\utils\\query_profiler.py": {"executed_lines": [1, 7, 8, 9, 10, 11, 12, 13, 16, 17, 20, 31, 32, 35, 36, 37, 38, 39, 40, 41, 42, 43, 44, 47, 48, 49, 50, 51, 52, 53, 54, 55, 56, 57, 58, 59, 62, 82, 89, 159, 215, 247, 345, 355, 364, 365, 369, 370], "summary": {"covered_lines": 45, "num_statements": 125, "percent_covered": 29.834254143646408, "percent_covered_display": "30", "missing_lines": 80, "excluded_lines": 0, "num_branches": 56, "num_partial_branches": 1, "covered_branches": 9, "missing_branches": 47}, "missing_lines": [68, 71, 74, 77, 79, 84, 85, 86, 104, 105, 108, 109, 110, 111, 114, 115, 117, 118, 119, 120, 123, 134, 135, 137, 138, 141, 142, 145, 146, 155, 156, 175, 177, 179, 180, 183, 186, 187, 190, 191, 194, 196, 210, 212, 231, 234, 235, 238, 239, 242, 244, 255, 256, 259, 260, 261, 262, 265, 266, 269, 272, 275, 277, 278, 283, 284, 289, 290, 296, 301, 302, 307, 348, 349, 367, 372, 373, 374, 375, 378], "excluded_lines": [], "executed_branches": [[20, 31], [35, 36], [35, 37], [47, 48], [47, 49], [365, 364], [365, 369], [370, -355], [370, 369]], "missing_branches": [[20, -20], [117, 118], [117, 119], [119, 120], [119, 123], [134, 135], [134, 137], [141, 142], [141, 145], [145, -89], [145, 146], [155, -89], [155, 156], [177, 179], [177, 210], [179, 180], [179, 183], [186, 187], [186, 190], [190, 191], [190, 194], [210, -210], [210, 212], [234, 235], [234, 238], [238, 239], [238, 242], [242, -242], [242, 244], [259, -259], [259, 260], [260, -260], [260, 261], [261, -261], [261, 262], [262, -262], [262, 265], [277, 278], [277, 283], [283, 284], [283, 289], [289, 290], [289, 296], [301, 302], [301, 307], [373, -369], [373, 374]]}, "backend\\utils\\rate_limiter.py": {"executed_lines": [], "summary": {"covered_lines": 0, "num_statements": 66, "percent_covered": 0.0, "percent_covered_display": "0", "missing_lines": 66, "excluded_lines": 0, "num_branches": 28, "num_partial_branches": 0, "covered_branches": 0, "missing_branches": 28}, "missing_lines": [12, 13, 14, 15, 16, 18, 21, 22, 25, 26, 27, 28, 31, 41, 43, 44, 45, 48, 49, 51, 53, 54, 55, 57, 59, 60, 61, 62, 71, 81, 82, 85, 86, 87, 88, 90, 92, 99, 100, 101, 103, 112, 113, 119, 121, 123, 125, 126, 128, 135, 136, 137, 138, 139, 141, 151, 152, 153, 155, 159, 162, 164, 166, 168, 169, 178], "excluded_lines": [], "executed_branches": [], "missing_branches": [[21, 22], [21, 23], [54, -51], [54, 55], [61, -61], [61, 62], [81, -71], [81, 82], [85, 86], [85, 87], [87, 88], [87, 90], [99, -92], [99, 100], [112, -103], [112, 113], [121, -121], [121, 112], [125, -123], [125, 126], [135, -128], [135, 136], [136, 137], [136, 139], [137, 136], [137, 138], [152, 153], [152, 155]]}, "backend\\utils\\secret_rotation.py": {"executed_lines": [1, 25, 26, 27, 28, 29, 30, 31, 32, 35, 36, 37, 38, 39, 40, 41, 42, 44, 46, 47, 48, 50, 52, 55, 56, 72, 79, 80, 81, 83, 85, 93, 94, 95, 97, 104, 106, 112, 113, 114, 116, 118, 120, 122, 124, 126, 143, 146, 149, 150, 153, 161, 163, 164, 166, 168, 189, 190, 193, 194, 195, 197, 202, 205, 207, 208, 209, 210, 212, 214, 221, 227, 229, 231, 233, 234, 236, 242, 258, 285, 302, 313], "summary": {"covered_lines": 78, "num_statements": 116, "percent_covered": 66.0, "percent_covered_display": "66", "missing_lines": 38, "excluded_lines": 24, "num_branches": 34, "num_partial_branches": 5, "covered_branches": 21, "missing_branches": 13}, "missing_lines": [87, 88, 89, 90, 91, 98, 99, 101, 102, 147, 151, 203, 238, 239, 240, 244, 247, 252, 254, 255, 256, 260, 287, 288, 293, 294, 295, 296, 297, 298, 299, 304, 305, 306, 307, 308, 309, 310], "excluded_lines": [313, 314, 316, 317, 318, 319, 320, 321, 322, 324, 326, 327, 328, 329, 330, 331, 332, 333, 334, 335, 336, 337, 338, 339], "executed_branches": [[35, 36], [35, 37], [46, 47], [46, 48], [85, 93], [94, 95], [94, 97], [97, -83], [113, 114], [113, 116], [146, 149], [150, 153], [163, 164], [163, 166], [194, 195], [194, 205], [195, 194], [195, 197], [202, 194], [227, -227], [227, 229]], "missing_branches": [[85, 87], [88, 89], [88, 90], [97, 98], [146, 147], [150, 151], [202, 203], [238, -236], [238, 239], [254, -242], [254, 255], [260, -260], [260, -258]]}, "src\\__init__.py": {"executed_lines": [1, 3, 4], "summary": {"covered_lines": 2, "num_statements": 2, "percent_covered": 100.0, "percent_covered_display": "100", "missing_lines": 0, "excluded_lines": 0, "num_branches": 0, "num_partial_branches": 0, "covered_branches": 0, "missing_branches": 0}, "missing_lines": [], "excluded_lines": [], "executed_branches": [], "missing_branches": []}, "src\\agents\\__init__.py": {"executed_lines": [1], "summary": {"covered_lines": 0, "num_statements": 0, "percent_covered": 100.0, "percent_covered_display": "100", "missing_lines": 0, "excluded_lines": 0, "num_branches": 0, "num_partial_branches": 0, "covered_branches": 0, "missing_branches": 0}, "missing_lines": [], "excluded_lines": [], "executed_branches": [], "missing_branches": []}, "src\\agents\\brief_enhancer.py": {"executed_lines": [], "summary": {"covered_lines": 0, "num_statements": 95, "percent_covered": 0.0, "percent_covered_display": "0", "missing_lines": 95, "excluded_lines": 0, "num_branches": 36, "num_partial_branches": 0, "covered_branches": 0, "missing_branches": 36}, "missing_lines": [3, 4, 6, 7, 8, 9, 12, 18, 25, 27, 41, 47, 48, 49, 52, 54, 55, 56, 59, 60, 61, 62, 64, 65, 67, 81, 84, 87, 88, 89, 94, 96, 97, 101, 102, 105, 107, 108, 116, 118, 119, 121, 122, 123, 125, 138, 145, 152, 179, 181, 194, 195, 197, 199, 200, 201, 204, 207, 209, 210, 211, 212, 213, 214, 215, 217, 219, 220, 221, 222, 224, 225, 227, 228, 229, 230, 232, 234, 247, 250, 251, 252, 255, 257, 258, 259, 260, 261, 263, 278, 281, 282, 283, 284, 286], "excluded_lines": [], "executed_branches": [], "missing_branches": [[47, 48], [47, 52], [54, 55], [54, 59], [59, 60], [59, 64], [87, 88], [87, 94], [94, 96], [94, 101], [96, 94], [96, 97], [101, 102], [101, 105], [197, 199], [197, 224], [199, 200], [199, 204], [209, 210], [209, 211], [211, 212], [211, 213], [213, 214], [213, 215], [215, 217], [215, 219], [219, 197], [219, 220], [224, 225], [224, 227], [251, 252], [251, 255], [282, 283], [282, 286], [283, 282], [283, 284]]}, "src\\agents\\brief_parser.py": {"executed_lines": [1, 3, 4, 6, 7, 8, 9, 10, 11, 14, 15, 20, 22, 29, 31, 44, 46, 48, 55, 58, 60, 61, 63, 66, 67, 68, 70, 85, 88, 89, 90, 93, 95, 96, 97, 98, 99, 101, 115, 116, 117, 118, 119, 120, 123, 124, 125, 126, 127, 128, 131, 132, 133, 134, 135, 136, 139, 140, 156, 162, 173, 176, 178, 191, 192, 198, 199, 201, 202, 204, 205, 207, 208], "summary": {"covered_lines": 71, "num_statements": 75, "percent_covered": 93.97590361445783, "percent_covered_display": "94", "missing_lines": 4, "excluded_lines": 0, "num_branches": 8, "num_partial_branches": 1, "covered_branches": 7, "missing_branches": 1}, "missing_lines": [65, 158, 159, 160], "excluded_lines": [], "executed_branches": [[63, 66], [89, 90], [89, 93], [116, 117], [116, 123], [124, 125], [124, 131]], "missing_branches": [[63, 65]]}, "src\\agents\\brief_quality_checker.py": {"executed_lines": [], "summary": {"covered_lines": 0, "num_statements": 122, "percent_covered": 0.0, "percent_covered_display": "0", "missing_lines": 122, "excluded_lines": 0, "num_branches": 63, "num_partial_branches": 0, "covered_branches": 0, "missing_branches": 63}, "missing_lines": [3, 5, 6, 7, 8, 11, 18, 40, 47, 49, 59, 62, 63, 64, 65, 67, 68, 69, 71, 72, 73, 74, 75, 76, 79, 80, 81, 82, 85, 90, 91, 94, 101, 107, 113, 130, 135, 137, 148, 151, 152, 154, 155, 156, 159, 168, 169, 172, 173, 174, 175, 176, 178, 180, 181, 182, 183, 184, 185, 186, 188, 191, 193, 203, 204, 206, 207, 209, 210, 211, 212, 213, 214, 217, 219, 230, 235, 246, 247, 255, 256, 257, 259, 260, 261, 263, 274, 281, 287, 289, 300, 307, 308, 309, 312, 319, 325, 327, 341, 344, 346, 348, 365, 368, 369, 370, 371, 374, 375, 376, 377, 380, 381, 385, 386, 388, 389, 391, 392, 394, 395, 398], "excluded_lines": [], "executed_branches": [], "missing_branches": [[67, 68], [67, 79], [71, 72], [71, 73], [73, 74], [73, 75], [75, 67], [75, 76], [94, -94], [94, 101], [107, -107], [107, 113], [151, 152], [151, 154], [154, 155], [154, 180], [155, 156], [155, 159], [168, -168], [168, 169], [168, 172], [173, 174], [173, 175], [175, 176], [175, 178], [180, 181], [180, 191], [181, 182], [181, 183], [183, 184], [183, 185], [185, 186], [185, 188], [206, 207], [206, 217], [209, 210], [209, 211], [211, 212], [211, 213], [213, 206], [213, 214], [281, -281], [281, 287], [307, 308], [307, 312], [308, 307], [308, 309], [319, -319], [319, 325], [369, 370], [369, 374], [375, 376], [375, 380], [380, 381], [380, 385], [385, 386], [385, 388], [388, 389], [388, 391], [391, 392], [391, 394], [394, 395], [394, 398]]}, "src\\agents\\client_classifier.py": {"executed_lines": [1, 3, 5, 6, 7, 10, 11, 15, 27, 30, 33, 35, 36, 37, 40, 41, 42, 43, 44, 47, 48, 49, 50, 54, 55, 60, 63, 64, 67, 73, 75, 77], "summary": {"covered_lines": 30, "num_statements": 44, "percent_covered": 67.6470588235294, "percent_covered_display": "68", "missing_lines": 14, "excluded_lines": 0, "num_branches": 24, "num_partial_branches": 6, "covered_branches": 16, "missing_branches": 8}, "missing_lines": [51, 57, 61, 68, 71, 91, 92, 94, 95, 96, 98, 99, 100, 102], "excluded_lines": [], "executed_branches": [[35, 36], [35, 60], [40, 41], [41, 42], [41, 47], [43, 41], [43, 44], [47, 48], [48, 49], [48, 54], [50, 48], [54, 55], [60, 63], [63, -63], [63, 64], [67, 73]], "missing_branches": [[40, 47], [47, 54], [50, 51], [54, 57], [60, 61], [67, 68], [94, 95], [94, 98]]}, "src\\agents\\content_generator.py": {"executed_lines": [1, 3, 4, 5, 6, 8, 13, 14, 15, 16, 17, 18, 19, 20, 21, 22, 23, 24, 25, 31, 35, 36, 41, 43, 59, 60, 61, 62, 64, 93, 94, 95, 99, 108, 114, 115, 132, 148, 156, 157, 160, 161, 164, 165, 167, 169, 170, 179, 180, 181, 184, 201, 202, 203, 205, 206, 208, 240, 241, 242, 246, 372, 543, 572, 573, 579, 580, 584, 585, 588, 589, 592, 594, 595, 596, 597, 600, 601, 610, 611, 612, 615, 616, 617, 619, 620, 622, 653, 654, 660, 661, 665, 666, 669, 670, 673, 675, 676, 681, 682, 691, 694, 696, 698, 699, 711, 721, 807, 911, 941, 943, 945, 956, 994, 1002, 1005, 1031, 1049, 1052, 1055, 1057, 1060, 1063, 1068, 1074, 1079, 1080, 1091, 1128, 1145, 1148, 1149, 1150, 1152, 1155, 1156, 1157, 1158, 1161, 1162, 1181, 1182, 1203, 1206, 1207, 1228, 1229, 1328, 1329, 1331, 1334, 1335, 1336, 1338, 1339, 1340, 1342, 1343, 1344, 1347, 1366, 1370, 1371, 1372, 1373, 1376, 1377, 1379, 1381, 1413, 1428, 1430, 1440, 1443, 1446, 1447, 1450, 1457, 1464, 1465, 1467, 1484, 1510, 1554, 1649, 1666, 1676, 1686], "summary": {"covered_lines": 185, "num_statements": 513, "percent_covered": 33.93854748603352, "percent_covered_display": "34", "missing_lines": 328, "excluded_lines": 2, "num_branches": 203, "num_partial_branches": 19, "covered_branches": 58, "missing_branches": 145}, "missing_lines": [116, 117, 118, 122, 123, 126, 127, 134, 135, 136, 137, 138, 140, 142, 143, 145, 185, 186, 187, 196, 197, 198, 256, 262, 263, 264, 265, 266, 270, 271, 274, 275, 280, 282, 283, 284, 285, 286, 288, 290, 291, 293, 296, 304, 305, 308, 309, 312, 313, 315, 317, 318, 327, 330, 331, 332, 333, 342, 345, 347, 349, 350, 362, 365, 366, 367, 369, 370, 407, 408, 409, 411, 416, 417, 419, 421, 422, 427, 437, 440, 445, 447, 448, 449, 459, 462, 463, 465, 466, 472, 481, 484, 485, 486, 487, 488, 492, 493, 496, 497, 498, 500, 501, 502, 503, 506, 518, 521, 522, 524, 525, 529, 537, 539, 540, 541, 574, 575, 576, 581, 655, 656, 657, 662, 677, 678, 714, 715, 716, 718, 719, 746, 750, 755, 756, 764, 765, 770, 773, 776, 786, 788, 790, 791, 796, 804, 805, 832, 836, 842, 843, 851, 853, 856, 857, 865, 866, 871, 874, 877, 887, 890, 892, 894, 895, 900, 908, 909, 959, 969, 970, 974, 977, 985, 986, 992, 1006, 1007, 1010, 1011, 1013, 1014, 1016, 1017, 1019, 1022, 1025, 1026, 1029, 1069, 1075, 1082, 1083, 1086, 1111, 1114, 1115, 1116, 1117, 1119, 1122, 1123, 1124, 1126, 1348, 1351, 1352, 1353, 1354, 1357, 1358, 1359, 1362, 1363, 1367, 1383, 1384, 1386, 1387, 1390, 1391, 1394, 1395, 1396, 1397, 1400, 1401, 1402, 1403, 1404, 1405, 1407, 1411, 1432, 1435, 1436, 1437, 1453, 1454, 1460, 1461, 1470, 1473, 1474, 1477, 1480, 1482, 1488, 1491, 1492, 1493, 1494, 1497, 1498, 1499, 1501, 1502, 1503, 1506, 1507, 1508, 1524, 1526, 1528, 1529, 1535, 1538, 1546, 1547, 1549, 1550, 1552, 1577, 1583, 1584, 1594, 1595, 1596, 1597, 1598, 1600, 1612, 1613, 1615, 1618, 1619, 1621, 1623, 1628, 1631, 1636, 1638, 1643, 1651, 1652, 1653, 1656, 1657, 1658, 1661, 1662, 1663, 1664, 1669, 1670, 1671, 1672, 1674, 1679, 1681, 1682, 1683, 1684, 1704, 1705, 1708, 1717, 1739, 1741, 1748, 1751, 1763, 1764, 1766, 1767, 1769, 1780, 1781], "excluded_lines": [31, 32], "executed_branches": [[93, 94], [93, 108], [115, 132], [132, 148], [167, 169], [167, 184], [169, 167], [169, 170], [184, 201], [201, 202], [240, 241], [580, 584], [592, 594], [592, 615], [595, 596], [595, 600], [600, 592], [600, 601], [615, 616], [615, 619], [661, 665], [673, 675], [673, 694], [676, 681], [681, 673], [681, 682], [698, -696], [698, 699], [943, 945], [1005, -994], [1068, 1074], [1074, 1079], [1161, 1162], [1161, 1181], [1181, 1182], [1181, 1203], [1206, 1207], [1206, 1228], [1228, 1229], [1228, 1328], [1328, 1329], [1328, 1331], [1334, 1335], [1334, 1338], [1338, 1339], [1338, 1342], [1342, 1343], [1342, 1347], [1347, 1366], [1366, 1370], [1371, 1372], [1430, 1440], [1443, -1443], [1443, 1443], [1443, 1446], [1443, 1450], [1450, -1450], [1450, 1450], [1450, 1457], [1457, -1457], [1457, 1457], [1457, 1464]], "missing_branches": [[115, 116], [117, 118], [117, 132], [122, 123], [122, 126], [126, 127], [126, 132], [132, 134], [135, 136], [135, 142], [137, 138], [137, 140], [142, 143], [142, 145], [184, 185], [201, 205], [240, 256], [263, 264], [263, 280], [265, 266], [265, 280], [270, 271], [270, 274], [274, 275], [274, 280], [280, 282], [280, 296], [283, 284], [283, 
[...]
247, 248, 249, 251, 253, 255, 261, 262, 266, 269, 273, 275, 277, 281, 282, 300, 301, 305, 306, 316, 317], "excluded_lines": [], "executed_branches": [], "missing_branches": [[103, 104], [103, 107], [107, 108], [107, 111], [123, 124], [123, 127], [127, 128], [127, 131], [134, -113], [134, 135], [150, -137], [150, 151], [162, -153], [162, 163], [171, 172], [171, 184], [192, 193], [192, 195], [195, 196], [195, 200], [200, 201], [200, 204], [208, 209], [208, 213], [215, 216], [215, 218], [218, 219], [218, 222], [247, 248], [247, 251], [282, 281], [282, 305], [300, -281], [300, 301], [306, -1], [306, 305], [316, -305], [316, 317]]}, "src\\utils\\response_cache.py": {"executed_lines": [1, 22, 23, 24, 25, 26, 28, 31, 32, 51, 64, 66, 67, 70, 72, 73, 74, 76, 77, 78, 79, 84, 101, 108, 111, 113, 124, 125, 127, 128, 130, 131, 133, 134, 135, 138, 143, 149, 150, 151, 152, 153, 155, 156, 157, 159, 160, 162, 163, 166, 172, 183, 184, 186, 187, 189, 190, 197, 198, 200, 205, 213, 216, 217, 218, 219, 220, 224, 226, 236, 243, 244, 246, 247, 248, 249, 250, 251, 252, 256], "summary": {"covered_lines": 78, "num_statements": 101, "percent_covered": 78.41726618705036, "percent_covered_display": "78", "missing_lines": 23, "excluded_lines": 0, "num_branches": 38, "num_partial_branches": 7, "covered_branches": 31, "missing_branches": 7}, "missing_lines": [68, 80, 81, 82, 139, 140, 141, 144, 145, 146, 164, 165, 168, 169, 170, 202, 203, 214, 221, 222, 237, 253, 254], "excluded_lines": [], "executed_branches": [[64, 66], [64, 72], [67, 70], [76, -51], [76, 77], [124, 125], [124, 127], [130, 131], [130, 133], [134, 135], [134, 138], [134, 159], [138, 143], [143, 149], [150, 151], [150, 155], [159, 160], [183, 184], [183, 186], [197, 198], [197, 200], [213, 216], [217, 218], [217, 224], [236, 243], [244, -244], [244, 244], [244, 246], [247, 248], [247, 256], [249, 247], [249, 250], [251, 252]], "missing_branches": [[67, 68], [138, 139], [143, 144], [159, 168], [213, 214], [236, 237], [251, 249]]}, "src\\utils\\schedule_generator.py": {"executed_lines": [1, 3, 4, 6, 7, 8, 9, 12, 13, 17, 47, 55, 58, 86, 89, 90, 93, 101, 103, 104, 108, 111, 114, 115, 116, 117, 122, 123, 124, 125, 128, 129, 130, 133, 136, 145, 147, 159, 162, 163, 164, 170, 171, 172, 173, 174, 175, 176, 177, 180, 185, 196, 198, 200, 202, 204, 205, 206, 207, 208, 213, 214, 216, 218, 234, 235, 236, 239, 240, 241, 247, 248, 250, 252, 253, 256, 259, 260, 261, 263, 265, 268, 270, 272, 273, 274, 275, 278, 281, 283, 284, 285, 288, 290, 293, 297, 303, 307, 310], "summary": {"covered_lines": 97, "num_statements": 112, "percent_covered": 86.36363636363636, "percent_covered_display": "86", "missing_lines": 15, "excluded_lines": 0, "num_branches": 42, "num_partial_branches": 4, "covered_branches": 36, "missing_branches": 6}, "missing_lines": [106, 118, 119, 166, 167, 209, 210, 294, 295, 299, 300, 301, 313, 314, 315], "excluded_lines": [], "executed_branches": [[89, 90], [89, 93], [103, 104], [103, 162], [104, 108], [124, 125], [124, 128], [129, 130], [129, 133], [162, 163], [163, -163], [163, 163], [163, 164], [171, 172], [171, 180], [175, 176], [175, 177], [180, -180], [180, 180], [180, 185], [204, 205], [204, 213], [205, 204], [205, 206], [213, 214], [213, 216], [240, 241], [240, 247], [250, 252], [250, 303], [263, 265], [263, 297], [270, 272], [270, 288], [281, 283], [281, 290], [293, 263], [297, 250]], "missing_branches": [[104, 106], [162, 166], [293, 294], [297, 299], [313, 314], [313, 315]]}, "src\\utils\\template_cache.py": {"executed_lines": [1, 10, 11, 12, 13, 14, 16, 17, 20, 21, 23, 32, 33, 34, 36, 48, 52, 53, 54, 59, 62, 63, 72, 80, 81, 82, 83, 84, 85, 87, 97, 98, 99, 100, 102, 105, 112, 113, 115, 116, 118, 127, 129, 134, 138, 141, 142, 143, 145, 150, 162, 170, 171, 176, 177, 179, 180, 181, 183, 185, 204, 207, 220, 221, 222, 226], "summary": {"covered_lines": 63, "num_statements": 86, "percent_covered": 68.85245901639344, "percent_covered_display": "69", "missing_lines": 23, "excluded_lines": 0, "num_branches": 36, "num_partial_branches": 5, "covered_branches": 21, "missing_branches": 15}, "missing_lines": [49, 55, 56, 57, 106, 107, 108, 109, 135, 157, 158, 159, 160, 164, 165, 166, 167, 168, 173, 174, 182, 192, 193], "excluded_lines": [], "executed_branches": [[48, 52], [54, 59], [97, -87], [97, 98], [98, 99], [98, 102], [105, 112], [127, -118], [127, 129], [134, 138], [141, 142], [141, 145], [171, 170], [171, 176], [177, 176], [177, 185], [179, -176], [179, 180], [181, 183], [220, 221], [220, 226]], "missing_branches": [[48, 49], [54, 55], [105, 106], [134, 135], [157, -150], [157, 158], [158, 157], [158, 159], [164, -162], [164, 165], [173, -170], [173, 174], [181, 182], [192, -185], [192, 193]]}, "src\\utils\\template_loader.py": {"executed_lines": [1, 3, 4, 5, 6, 8, 9, 10, 11, 12, 13, 16, 17, 18, 19, 20, 23, 24, 27, 45, 52, 54, 55, 57, 59, 60, 62, 63, 65, 68, 71, 72, 73, 74, 75, 77, 80, 82, 85, 87, 88, 89, 92, 93, 97, 100, 101, 104, 105, 109, 112, 115, 118, 121, 122, 125, 137, 140, 142, 144, 146, 147, 148, 151, 152, 154, 157, 160, 161, 163, 165, 203, 205, 206, 207, 208, 210, 212, 215, 216, 217, 220, 221, 222, 223, 225, 227, 229, 238, 239, 241, 243, 244, 245, 247, 249, 251, 253, 254, 255, 256, 258, 260, 262, 264, 266, 286, 287, 289, 292, 295, 296, 299, 300, 302, 303, 306, 307, 308, 309, 310, 311, 312, 313, 316, 321, 322, 323, 324, 325, 328, 333, 334, 335, 340, 341, 345, 349, 352, 353, 355, 362, 363, 368, 372, 373, 374], "summary": {"covered_lines": 145, "num_statements": 156, "percent_covered": 91.9047619047619, "percent_covered_display": "92", "missing_lines": 11, "excluded_lines": 0, "num_branches": 54, "num_partial_branches": 6, "covered_branches": 48, "missing_branches": 6}, "missing_lines": [94, 95, 106, 107, 336, 337, 342, 346, 375, 376, 377], "excluded_lines": [], "executed_branches": [[52, 54], [52, 57], [59, 60], [59, 62], [72, 73], [72, 77], [87, 88], [87, 140], [93, 97], [105, 109], [146, 147], [146, 151], [147, 146], [147, 148], [163, 165], [163, 210], [165, 203], [165, 205], [206, 163], [206, 207], [220, 221], [220, 222], [222, 223], [222, 225], [239, -239], [239, -227], [239, 239], [245, -245], [245, -241], [245, 245], [253, 254], [253, 256], [254, 253], [254, 255], [306, 307], [306, 316], [308, 309], [308, 316], [310, 311], [321, 322], [321, 328], [323, 321], [323, 324], [333, 334], [333, 340], [335, 333], [341, 345], [345, 349], [362, 363], [362, 368]], "missing_branches": [[93, 94], [105, 106], [310, 308], [335, 336], [341, 342], [345, 346]]}, "src\\utils\\voice_matcher.py": {"executed_lines": [], "summary": {"covered_lines": 0, "num_statements": 109, "percent_covered": 0.0, "percent_covered_display": "0", "missing_lines": 109, "excluded_lines": 0, "num_branches": 60, "num_partial_branches": 0, "covered_branches": 0, "missing_branches": 60}, "missing_lines": [7, 8, 10, 11, 12, 13, 16, 27, 29, 31, 44, 45, 47, 48, 51, 54, 55, 56, 59, 62, 63, 64, 67, 70, 71, 72, 75, 78, 79, 80, 83, 86, 89, 93, 105, 110, 111, 112, 113, 115, 116, 119, 121, 129, 134, 137, 138, 140, 143, 145, 153, 158, 161, 164, 166, 167, 168, 170, 173, 175, 183, 187, 188, 197, 199, 202, 205, 207, 215, 224, 225, 226, 229, 230, 233, 234, 235, 236, 239, 240, 241, 244, 245, 248, 249, 253, 256, 257, 258, 261, 262, 265, 266, 268, 271, 272, 273, 274, 275, 276, 281, 282, 283, 284, 285, 288, 291, 292, 294], "excluded_lines": [], "executed_branches": [], "missing_branches": [[44, 45], [44, 47], [47, 48], [47, 51], [55, 56], [55, 62], [63, 64], [63, 70], [71, 72], [71, 78], [79, 80], [79, 86], [111, 112], [111, 115], [137, 138], [137, 140], [158, -158], [158, 161], [187, 188], [187, 197], [197, -197], [197, 199], [199, -199], [199, 202], [229, 230], [229, 233], [233, 234], [233, 235], [235, 236], [235, 239], [239, 240], [239, 256], [240, 241], [240, 244], [244, 245], [244, 256], [248, 249], [248, 253], [256, 257], [256, 271], [257, 258], [257, 261], [261, 262], [261, 271], [265, 266], [265, 268], [271, 272], [271, 281], [272, 273], [272, 274], [274, 275], [274, 281], [281, 282], [281, 291], [282, 283], [282, 284], [284, 285], [284, 291], [291, 292], [291, 294]]}, "src\\utils\\voice_metrics.py": {"executed_lines": [1, 12, 13, 14, 17, 18, 25, 27, 142, 161, 162, 165, 166, 169, 171, 175, 178, 179, 182, 185, 187, 188, 189, 199, 202, 204, 205, 207, 208, 209, 211, 212, 213, 214, 215, 218, 219, 222, 224, 239, 240, 242, 243, 246, 247, 248, 251, 252, 253, 254, 261, 267, 269, 286, 287, 289, 290, 293, 294, 297, 299, 300, 301, 302, 304, 306, 313, 327, 330, 331, 334, 338, 339, 344, 345, 346, 347, 350, 351, 352, 353, 354, 357, 362, 364, 374, 375, 376, 377, 381], "summary": {"covered_lines": 88, "num_statements": 91, "percent_covered": 95.74468085106383, "percent_covered_display": "96", "missing_lines": 3, "excluded_lines": 0, "num_branches": 50, "num_partial_branches": 3, "covered_branches": 47, "missing_branches": 3}, "missing_lines": [172, 335, 358], "excluded_lines": [], "executed_branches": [[161, 162], [161, 165], [171, 175], [175, -175], [175, 175], [175, 178], [187, 188], [187, 189], [188, 187], [188, 189], [189, 188], [189, 224], [204, 205], [204, 207], [211, 212], [211, 218], [213, 214], [213, 215], [218, 219], [218, 222], [242, 243], [242, 267], [246, 247], [246, 251], [247, -247], [247, 247], [247, 248], [252, 253], [252, 261], [289, 290], [289, 293], [299, 300], [299, 301], [301, 302], [301, 304], [330, 331], [330, 334], [334, 338], [338, 339], [338, 344], [344, 345], [344, 346], [346, 347], [346, 350], [351, 352], [351, 362], [353, 354], [353, 357], [357, 362]], "missing_branches": [[171, 172], [334, 335], [357, 358]]}, "src\\validators\\__init__.py": {"executed_lines": [1, 3, 4, 5, 6, 8], "summary": {"covered_lines": 5, "num_statements": 5, "percent_covered": 100.0, "percent_covered_display": "100", "missing_lines": 0, "excluded_lines": 0, "num_branches": 0, "num_partial_branches": 0, "covered_branches": 0, "missing_branches": 0}, "missing_lines": [], "excluded_lines": [], "executed_branches": [], "missing_branches": []}, "src\\validators\\cta_validator.py": {"executed_lines": [1, 6, 7, 8, 10, 11, 12, 15, 16, 19, 28, 44, 52, 54, 70, 73, 74, 76, 78, 79, 82, 85, 86, 88, 89, 90, 91, 96, 97, 98, 100, 110, 112, 113, 114, 115, 116, 117, 118, 119, 122, 124, 134, 136, 138, 139, 142, 143, 144, 145, 146, 148, 150, 152, 163, 164, 170, 171, 174, 176], "summary": {"covered_lines": 58, "num_statements": 60, "percent_covered": 97.61904761904762, "percent_covered_display": "98", "missing_lines": 2, "excluded_lines": 0, "num_branches": 24, "num_partial_branches": 0, "covered_branches": 24, "missing_branches": 0}, "missing_lines": [120, 121], "excluded_lines": [], "executed_branches": [[73, 74], [73, 76], [88, 89], [88, 96], [89, 88], [89, 90], [96, -96], [96, 96], [96, 97], [97, 98], [97, 100], [112, 113], [112, 114], [115, 116], [115, 122], [116, 117], [116, 118], [136, 138], [136, 150], [143, 144], [143, 148], [144, 143], [144, 145], [163, 164], [163, 170]], "missing_branches": []}, "src\\validators\\headline_validator.py": {"executed_lines": [1, 7, 8, 10, 11, 12, 15, 16, 19, 28, 69, 107, 109, 117, 119, 136, 139, 140, 142, 144, 145, 146, 148, 150, 151, 154, 155, 165, 166, 167, 173, 175, 188, 190, 191, 192, 193, 194, 195, 196, 197, 200, 202, 212, 213, 216, 217, 220, 221, 222, 223, 226, 227, 228, 229, 232, 233, 236, 237, 238, 239, 243, 244, 245, 247, 249, 259, 261, 276], "summary": {"covered_lines": 67, "num_statements": 69, "percent_covered": 98.05825242718447, "percent_covered_display": "98", "missing_lines": 2, "excluded_lines": 0, "num_branches": 34, "num_partial_branches": 0, "covered_branches": 34, "missing_branches": 0}, "missing_lines": [198, 199], "excluded_lines": [], "executed_branches": [[139, 140], [139, 142], [148, 150], [148, 173], [165, 148], [165, 166], [173, -173], [173, 173], [173, 175], [190, 191], [190, 192], [193, 194], [193, 200], [194, 195], [194, 196], [216, 217], [216, 220], [220, 221], [220, 226], [221, 220], [221, 222], [226, 227], [226, 232], [227, 226], [227, 228], [232, 233], [232, 236], [236, 237], [236, 243], [237, 236], [237, 238], [244, 245], [244, 247], [261, -261], [261, 261], [261, 276]], "missing_branches": []}, "src\\validators\\hook_validator.py": {"executed_lines": [1, 7, 8, 10, 11, 12, 13, 16, 17, 20, 21, 24, 25, 31, 46, 47, 48, 50, 68, 71, 72, 75, 76, 77, 80, 83, 86, 87, 93, 94, 97, 98, 100, 101, 106, 108, 118, 128, 129, 132, 133, 135, 136, 137, 138, 142, 144, 154, 155, 157, 158, 159, 161, 163, 176, 178, 180, 181, 183, 185, 187, 188, 189, 190, 191, 193, 194, 205, 206, 210, 212, 218, 220, 221, 223, 224, 234, 236, 251, 255, 257, 270, 272, 273, 274, 276, 277, 289, 291, 307, 309, 372, 384], "summary": {"covered_lines": 91, "num_statements": 125, "percent_covered": 69.83240223463687, "percent_covered_display": "70", "missing_lines": 34, "excluded_lines": 0, "num_branches": 54, "num_partial_branches": 2, "covered_branches": 34, "missing_branches": 20}, "missing_lines": [19, 139, 140, 252, 313, 314, 317, 318, 319, 321, 323, 324, 325, 327, 328, 329, 332, 333, 335, 336, 337, 339, 340, 341, 344, 346, 347, 350, 351, 354, 356, 357, 368, 370], "excluded_lines": [], "executed_branches": [[86, 87], [86, 93], [93, 94], [93, 97], [100, 101], [100, 106], [128, 129], [128, 132], [133, 135], [133, 142], [135, 136], [135, 137], [155, 157], [155, 161], [176, 178], [176, 180], [183, 185], [183, 234], [185, 187], [185, 205], [193, 183], [193, 194], [210, 212], [210, 218], [223, 183], [223, 224], [251, 255], [272, 273], [272, 289], [273, 272], [273, 274], [276, 273], [276, 277], [307, 309]], "missing_branches": [[251, 252], [307, 313], [317, 318], [317, 332], [318, 319], [318, 321], [324, 325], [324, 327], [335, 336], [335, 370], [336, 337], [336, 339], [340, 341], [340, 344], [346, 335], [346, 347], [350, 351], [350, 354], [356, 346], [356, 357]]}, "src\\validators\\keyword_validator.py": {"executed_lines": [1, 6, 7, 9, 10, 11, 14, 15, 17, 35, 96, 145], "summary": {"covered_lines": 10, "num_statements": 64, "percent_covered": 11.363636363636363, "percent_covered_display": "11", "missing_lines": 54, "excluded_lines": 0, "num_branches": 24, "num_partial_branches": 0, "covered_branches": 0, "missing_branches": 24}, "missing_lines": [31, 32, 33, 45, 48, 49, 50, 51, 54, 55, 56, 57, 59, 60, 63, 64, 65, 70, 71, 75, 76, 78, 89, 94, 107, 108, 111, 114, 117, 122, 123, 126, 127, 128, 130, 143, 159, 161, 162, 165, 166, 167, 169, 171, 172, 173, 174, 175, 176, 179, 182, 184, 191, 193], "excluded_lines": [], "executed_branches": [], "missing_branches": [[49, 50], [49, 54], [55, -55], [55, 56], [56, -56], [56, 57], [57, -57], [57, 59], [64, 65], [64, 70], [70, 71], [70, 75], [75, 76], [75, 78], [122, -122], [122, 123], [161, 162], [161, 193], [169, 161], [169, 171], [173, 174], [173, 175], [175, 176], [175, 179]]}, "src\\validators\\length_validator.py": {"executed_lines": [1, 6, 7, 9, 10, 11, 12, 15, 16, 18, 36, 37, 38, 39, 40, 42, 56, 57, 60, 63, 64, 65, 66, 67, 68, 70, 71, 72, 73, 75, 78, 79, 80, 81, 86, 87, 88, 89, 94, 95, 96, 101, 102, 105, 107, 118, 128, 129, 132, 133, 135, 136, 139, 141, 143, 153, 154, 155, 156, 157, 158, 159, 160, 161, 162, 165, 167, 178, 179, 181, 182, 183, 186, 187, 188, 189, 190, 191, 194, 196, 210, 213, 216, 217, 218, 219, 221, 223, 233, 234, 237, 238, 240, 241, 242, 243, 247], "summary": {"covered_lines": 95, "num_statements": 97, "percent_covered": 97.24137931034483, "percent_covered_display": "97", "missing_lines": 2, "excluded_lines": 0, "num_branches": 48, "num_partial_branches": 2, "covered_branches": 46, "missing_branches": 2}, "missing_lines": [244, 245], "excluded_lines": [], "executed_branches": [[63, 64], [63, 70], [79, 80], [79, 86], [80, 81], [80, 86], [87, 88], [87, 94], [88, 89], [88, 94], [95, 96], [95, 101], [101, -101], [101, 101], [101, 102], [128, 129], [128, 132], [133, 135], [133, 139], [153, 154], [153, 155], [155, 156], [155, 157], [157, 158], [157, 159], [159, 160], [159, 161], [161, 162], [161, 165], [178, 179], [178, 194], [179, 181], [179, 186], [182, 178], [182, 183], [187, 188], [190, 178], [190, 191], [216, 217], [216, 221], [218, 219], [233, 234], [233, 237], [238, 240], [238, 247], [240, 241], [240, 242]], "missing_branches": [[187, 178], [218, 216]]}, "src\\validators\\prompt_injection_defense.py": {"executed_lines": [1, 16, 17, 18, 19, 21, 24, 25, 26, 28, 29, 30, 31, 34, 35, 47, 75, 91, 98, 105, 108, 109, 110, 112, 119, 120, 123, 124, 125, 126, 127, 130, 131, 132, 133, 134, 135, 138, 139, 140, 146, 147, 148, 150, 152, 163, 165, 166, 171, 177, 179, 181, 182, 185, 186, 189, 190, 192, 200, 201, 206, 216, 222, 223, 226, 228, 235, 238, 239, 240, 241, 244, 245, 246, 247, 249, 251, 252, 257, 262, 263, 266, 280, 281, 284, 286, 292, 295, 305, 306, 309, 322, 324, 325, 330, 333, 334], "summary": {"covered_lines": 92, "num_statements": 96, "percent_covered": 93.05555555555556, "percent_covered_display": "93", "missing_lines": 4, "excluded_lines": 0, "num_branches": 48, "num_partial_branches": 4, "covered_branches": 42, "missing_branches": 6}, "missing_lines": [141, 142, 143, 287], "excluded_lines": [], "executed_branches": [[24, 25], [24, 26], [123, 124], [123, 130], [125, 123], [125, 126], [130, 131], [130, 138], [132, 130], [132, 133], [134, 135], [138, 139], [138, 146], [140, 138], [147, 148], [147, 150], [165, 166], [165, 171], [179, 181], [179, 189], [181, 182], [181, 185], [185, 186], [185, 192], [186, 185], [189, 190], [189, 192], [190, -190], [190, 189], [238, 239], [238, 244], [240, 238], [240, 241], [244, 245], [244, 249], [246, 244], [246, 247], [251, 252], [251, 257], [286, 292], [324, 325], [324, 330]], "missing_branches": [[134, 130], [140, 141], [142, 138], [142, 143], [186, -186], [286, 287]]}, "src\\validators\\research_input_validator.py": {"executed_lines": [1, 17, 18, 20, 23, 24, 27, 28, 54, 55, 56, 58, 65, 67, 130, 193, 243, 279, 315, 369, 394, 430], "summary": {"covered_lines": 19, "num_statements": 132, "percent_covered": 8.962264150943396, "percent_covered_display": "9", "missing_lines": 113, "excluded_lines": 0, "num_branches": 80, "num_partial_branches": 0, "covered_branches": 0, "missing_branches": 80}, "missing_lines": [96, 97, 98, 99, 102, 103, 106, 107, 110, 111, 115, 116, 121, 122, 123, 124, 125, 127, 128, 157, 158, 159, 160, 163, 164, 167, 170, 171, 175, 176, 181, 182, 183, 184, 185, 186, 187, 188, 189, 191, 218, 219, 220, 221, 224, 225, 228, 229, 230, 231, 236, 237, 241, 259, 260, 261, 262, 265, 266, 269, 270, 271, 274, 275, 277, 295, 296, 297, 298, 301, 302, 305, 306, 307, 310, 311, 313, 340, 341, 342, 343, 346, 347, 348, 349, 350, 351, 353, 358, 359, 361, 362, 364, 365, 382, 383, 385, 407, 408, 411, 416, 417, 418, 425, 427, 443, 444, 447, 452, 453, 454, 461, 463], "excluded_lines": [], "executed_branches": [], "missing_branches": [[96, 97], [96, 102], [97, 98], [97, 99], [102, 103], [102, 106], [110, 111], [110, 115], [115, 116], [115, 121], [121, 122], [121, 127], [157, 158], [157, 163], [158, 159], [158, 160], [163, 164], [163, 167], [170, 171], [170, 175], [175, 176], [175, 181], [181, 182], [181, 191], [183, 184], [183, 189], [218, 219], [218, 224], [219, 220], [219, 221], [224, 225], [224, 228], [228, 229], [228, 236], [230, 231], [230, 236], [236, 237], [236, 241], [259, 260], [259, 265], [260, 261], [260, 262], [265, 266], [265, 269], [270, 271], [270, 274], [274, 275], [274, 277], [295, 296], [295, 301], [296, 297], [296, 298], [301, 302], [301, 305], [306, 307], [306, 310], [310, 311], [310, 313], [340, 341], [340, 346], [341, 342], [341, 343], [346, 347], [346, 358], [347, 348], [347, 353], [358, 359], [358, 361], [361, 362], [361, 364], [382, 383], [382, 385], [407, 408], [407, 411], [417, 418], [417, 427], [443, 444], [443, 447], [453, 454], [453, 463]]}}, "totals": {"covered_lines": 5766, "num_statements": 15278, "percent_covered": 34.89621135142981, "percent_covered_display": "35", "missing_lines": 9512, "excluded_lines": 117, "num_branches": 5389, "num_partial_branches": 224, "covered_branches": 1446, "missing_branches": 3943}}
