{"meta": {"version": "7.4.0", "timestamp": "2026-01-16T09:54:50.463497", "branch_coverage": true, "show_contexts": false}, "files": {"src\\__init__.py": {"executed_lines": [1, 3, 4], "summary": {"covered_lines": 2, "num_statements": 2, "percent_covered": 100.0, "percent_covered_display": "100", "missing_lines": 0, "excluded_lines": 0, "num_branches": 0, "num_partial_branches": 0, "covered_branches": 0, "missing_branches": 0}, "missing_lines": [], "excluded_lines": [], "executed_branches": [], "missing_branches": []}, "src\\agents\\__init__.py": {"executed_lines": [], "summary": {"covered_lines": 0, "num_statements": 0, "percent_covered": 100.0, "percent_covered_display": "100", "missing_lines": 0, "excluded_lines": 0, "num_branches": 0, "num_partial_branches": 0, "covered_branches": 0, "missing_branches": 0}, "missing_lines": [], "excluded_lines": [], "executed_branches": [], "missing_branches": []}, "src\\agents\\brief_enhancer.py": {"executed_lines": [], "summary": {"covered_lines": 0, "num_statements": 95, "percent_covered": 0.0, "percent_covered_display": "0", "missing_lines": 95, "excluded_lines": 0, "num_branches": 36, "num_partial_branches": 0, "covered_branches": 0, "missing_branches": 36}, "missing_lines": [3, 4, 6, 7, 8, 9, 12, 18, 25, 27, 41, 47, 48, 49, 52, 54, 55, 56, 59, 60, 61, 62, 64, 65, 67, 81, 84, 87, 88, 89, 94, 96, 97, 101, 102, 105, 107, 108, 116, 118, 119, 121, 122, 123, 125, 138, 145, 152, 179, 181, 194, 195, 197, 199, 200, 201, 204, 207, 209, 210, 211, 212, 213, 214, 215, 217, 219, 220, 221, 222, 224, 225, 227, 228, 229, 230, 232, 234, 247, 250, 251, 252, 255, 257, 258, 259, 260, 261, 263, 278, 281, 282, 283, 284, 286], "excluded_lines": [], "executed_branches": [], "missing_branches": [[47, 48], [47, 52], [54, 55], [54, 59], [59, 60], [59, 64], [87, 88], [87, 94], [94, 96], [94, 101], [96, 94], [96, 97], [101, 102], [101, 105], [197, 199], [197, 224], [199, 200], [199, 204], [209, 210], [209, 211], [211, 212], [211, 213], [213, 214], [213, 215], [215, 217], [215, 219], [219, 197], [219, 220], [224, 225], [224, 227], [251, 252], [251, 255], [282, 283], [282, 286], [283, 282], [283, 284]]}, "src\\agents\\brief_parser.py": {"executed_lines": [], "summary": {"covered_lines": 0, "num_statements": 75, "percent_covered": 0.0, "percent_covered_display": "0", "missing_lines": 75, "excluded_lines": 0, "num_branches": 8, "num_partial_branches": 0, "covered_branches": 0, "missing_branches": 8}, "missing_lines": [3, 4, 6, 7, 8, 9, 10, 11, 14, 20, 22, 29, 31, 44, 46, 48, 55, 58, 60, 61, 63, 65, 66, 67, 68, 70, 85, 88, 89, 90, 93, 95, 96, 97, 98, 99, 101, 115, 116, 117, 118, 119, 120, 123, 124, 125, 126, 127, 128, 131, 132, 133, 134, 135, 136, 139, 140, 156, 158, 159, 160, 162, 173, 176, 178, 191, 192, 198, 199, 201, 202, 204, 205, 207, 208], "excluded_lines": [], "executed_branches": [], "missing_branches": [[63, 65], [63, 66], [89, 90], [89, 93], [116, 117], [116, 123], [124, 125], [124, 131]]}, "src\\agents\\brief_quality_checker.py": {"executed_lines": [], "summary": {"covered_lines": 0, "num_statements": 122, "percent_covered": 0.0, "percent_covered_display": "0", "missing_lines": 122, "excluded_lines": 0, "num_branches": 63, "num_partial_branches": 0, "covered_branches": 0, "missing_branches": 63}, "missing_lines": [3, 5, 6, 7, 8, 11, 18, 40, 47, 49, 59, 62, 63, 64, 65, 67, 68, 69, 71, 72, 73, 74, 75, 76, 79, 80, 81, 82, 85, 90, 91, 94, 101, 107, 113, 130, 135, 137, 148, 151, 152, 154, 155, 156, 159, 168, 169, 172, 173, 174, 175, 176, 178, 180, 181, 182, 183, 184, 185, 186, 188, 191, 193, 203, 204, 206, 207, 209, 210, 211, 212, 213, 214, 217, 219, 230, 235, 246, 247, 255, 256, 257, 259, 260, 261, 263, 274, 281, 287, 289, 300, 307, 308, 309, 312, 319, 325, 327, 341, 344, 346, 348, 365, 368, 369, 370, 371, 374, 375, 376, 377, 380, 381, 385, 386, 388, 389, 391, 392, 394, 395, 398], "excluded_lines": [], "executed_branches": [], "missing_branches": [[67, 68], [67, 79], [71, 72], [71, 73], [73, 74], [73, 75], [75, 67], [75, 76], [94, -94], [94, 101], [107, -107], [107, 113], [151, 152], [151, 154], [154, 155], [154, 180], [155, 156], [155, 159], [168, -168], [168, 169], [168, 172], [173, 174], [173, 175], [175, 176], [175, 178], [180, 181], [180, 191], [181, 182], [181, 183], [183, 184], [183, 185], [185, 186], [185, 188], [206, 207], [206, 217], [209, 210], [209, 211], [211, 212], [211, 213], [213, 206], [213, 214], [281, -281], [281, 287], [307, 308], [307, 312], [308, 307], [308, 309], [319, -319], [319, 325], [369, 370], [369, 374], [375, 376], [375, 380], [380, 381], [380, 385], [385, 386], [385, 388], [388, 389], [388, 391], [391, 392], [391, 394], [394, 395], [394, 398]]}, "src\\agents\\client_classifier.py": {"executed_lines": [], "summary": {"covered_lines": 0, "num_statements": 44, "percent_covered": 0.0, "percent_covered_display": "0", "missing_lines": 44, "excluded_lines": 0, "num_branches": 24, "num_partial_branches": 0, "covered_branches": 0, "missing_branches": 24}, "missing_lines": [3, 5, 6, 7, 10, 15, 27, 30, 33, 35, 36, 37, 40, 41, 42, 43, 44, 47, 48, 49, 50, 51, 54, 55, 57, 60, 61, 63, 64, 67, 68, 71, 73, 75, 77, 91, 92, 94, 95, 96, 98, 99, 100, 102], "excluded_lines": [], "executed_branches": [], "missing_branches": [[35, 36], [35, 60], [40, 41], [40, 47], [41, 42], [41, 47], [43, 41], [43, 44], [47, 48], [47, 54], [48, 49], [48, 54], [50, 48], [50, 51], [54, 55], [54, 57], [60, 61], [60, 63], [63, -63], [63, 64], [67, 68], [67, 73], [94, 95], [94, 98]]}, "src\\agents\\content_generator.py": {"executed_lines": [], "summary": {"covered_lines": 0, "num_statements": 512, "percent_covered": 0.0, "percent_covered_display": "0", "missing_lines": 512, "excluded_lines": 2, "num_branches": 203, "num_partial_branches": 0, "covered_branches": 0, "missing_branches": 203}, "missing_lines": [3, 4, 5, 6, 8, 13, 14, 15, 16, 17, 18, 19, 20, 21, 22, 23, 24, 25, 35, 41, 43, 59, 60, 61, 62, 64, 93, 94, 95, 99, 108, 114, 115, 116, 117, 118, 122, 123, 126, 127, 132, 134, 135, 136, 137, 138, 140, 142, 143, 145, 148, 156, 157, 160, 161, 164, 165, 167, 169, 170, 179, 180, 181, 184, 185, 186, 187, 196, 197, 198, 201, 202, 203, 205, 206, 208, 240, 241, 242, 246, 256, 262, 263, 264, 265, 266, 270, 271, 274, 275, 280, 282, 283, 284, 285, 286, 288, 290, 291, 293, 296, 304, 305, 308, 309, 312, 313, 315, 317, 318, 327, 330, 331, 332, 333, 342, 345, 347, 349, 350, 362, 365, 366, 367, 369, 370, 372, 407, 408, 409, 411, 416, 417, 419, 421, 422, 427, 437, 440, 445, 447, 448, 449, 459, 462, 463, 465, 466, 472, 481, 484, 485, 486, 487, 488, 492, 493, 496, 497, 498, 500, 501, 502, 503, 506, 518, 521, 522, 524, 525, 529, 537, 539, 540, 541, 543, 572, 573, 574, 575, 576, 579, 580, 581, 584, 585, 588, 589, 592, 594, 595, 596, 597, 600, 601, 610, 611, 612, 615, 616, 617, 619, 620, 622, 653, 654, 655, 656, 657, 660, 661, 662, 665, 666, 669, 670, 673, 675, 676, 677, 678, 681, 682, 691, 694, 696, 698, 699, 711, 714, 715, 716, 718, 719, 721, 746, 750, 755, 756, 764, 765, 770, 773, 776, 786, 788, 790, 791, 796, 804, 805, 807, 832, 836, 842, 843, 851, 853, 856, 857, 865, 866, 871, 874, 877, 887, 890, 892, 894, 895, 900, 908, 909, 911, 941, 943, 945, 956, 959, 969, 970, 974, 977, 985, 986, 992, 994, 1002, 1005, 1006, 1009, 1010, 1012, 1013, 1015, 1016, 1018, 1021, 1024, 1025, 1028, 1030, 1048, 1051, 1054, 1056, 1059, 1062, 1067, 1068, 1073, 1074, 1078, 1079, 1081, 1082, 1085, 1090, 1110, 1113, 1114, 1115, 1116, 1118, 1121, 1122, 1123, 1125, 1127, 1144, 1147, 1148, 1149, 1151, 1154, 1155, 1156, 1157, 1160, 1161, 1180, 1181, 1202, 1205, 1206, 1227, 1228, 1327, 1328, 1330, 1333, 1334, 1335, 1337, 1338, 1339, 1341, 1342, 1343, 1346, 1347, 1350, 1351, 1352, 1353, 1356, 1357, 1358, 1361, 1362, 1365, 1366, 1369, 1370, 1371, 1372, 1375, 1376, 1378, 1380, 1382, 1383, 1385, 1386, 1389, 1390, 1393, 1394, 1395, 1396, 1399, 1400, 1401, 1402, 1403, 1404, 1406, 1410, 1412, 1427, 1429, 1431, 1434, 1435, 1436, 1439, 1442, 1445, 1446, 1449, 1452, 1453, 1456, 1459, 1460, 1463, 1464, 1466, 1469, 1472, 1473, 1476, 1479, 1481, 1483, 1487, 1490, 1491, 1492, 1493, 1496, 1497, 1498, 1500, 1501, 1502, 1505, 1506, 1507, 1509, 1523, 1525, 1527, 1528, 1534, 1537, 1545, 1546, 1548, 1549, 1551, 1553, 1576, 1582, 1583, 1593, 1594, 1595, 1596, 1597, 1599, 1611, 1612, 1614, 1617, 1618, 1620, 1622, 1627, 1630, 1635, 1637, 1642, 1648, 1650, 1651, 1652, 1655, 1656, 1657, 1660, 1661, 1662, 1663, 1665, 1668, 1669, 1670, 1671, 1673, 1675, 1678, 1680, 1681, 1682, 1683, 1685, 1703, 1704, 1707, 1716, 1738, 1740, 1747, 1750, 1762, 1763, 1765, 1766, 1768, 1779, 1780], "excluded_lines": [31, 32], "executed_branches": [], "missing_branches": [[93, 94], [93, 108], [115, 116], [115, 132], [117, 118], [117, 132], [122, 123], [122, 126], [126, 127], [126, 132], [132, 134], [132, 148], [135, 136], [135, 142], [137, 138], [137, 140], [142, 143], [142, 145], [167, 169], [167, 184], [169, 167], [169, 170], [184, 185], [184, 201], [201, 202], [201, 205], [240, 241], [240, 256], [263, 264], [263, 280], [265, 266], [265, 280], [270, 271], [270, 274], [274, 275], [274, 280], [280, 282], [280, 296], [283, 284], [283, 290], [285, 286], [285, 288], [290, 291], [290, 293], [315, 317], [315, 330], [317, 315], [317, 318], [330, 331], [330, 345], [349, -347], [349, 350], [365, 366], [365, 369], [416, 417], [416, 419], [421, 422], [421, 440], [447, 448], [447, 462], [485, 486], [485, 487], [487, 488], [487, 492], [492, 493], [492, 496], [496, 497], [496, 500], [500, 501], [500, 506], [580, 581], [580, 584], [592, 594], [592, 615], [595, 596], [595, 600], [600, 592], [600, 601], [615, 616], [615, 619], [661, 662], [661, 665], [673, 675], [673, 694], [676, 677], [676, 681], [681, 673], [681, 682], [698, -696], [698, 699], [714, 715], [714, 718], [764, 765], [764, 773], [842, 843], [842, 853], [865, 866], [865, 874], [943, 945], [943, 985], [969, 970], [969, 977], [985, -985], [985, 986], [1005, 1006], [1005, 1009], [1009, 1010], [1009, 1024], [1010, 1012], [1010, 1013], [1013, 1015], [1013, 1016], [1016, 1018], [1016, 1021], [1024, 1025], [1024, 1028], [1067, 1068], [1067, 1073], [1073, 1074], [1073, 1078], [1113, 1114], [1113, 1115], [1115, 1116], [1115, 1118], [1160, 1161], [1160, 1180], [1180, 1181], [1180, 1202], [1205, 1206], [1205, 1227], [1227, 1228], [1227, 1327], [1327, 1328], [1327, 1330], [1333, 1334], [1333, 1337], [1337, 1338], [1337, 1341], [1341, 1342], [1341, 1346], [1346, 1347], [1346, 1365], [1350, 1351], [1350, 1356], [1352, 1353], [1352, 1356], [1356, 1357], [1356, 1361], [1361, 1362], [1361, 1365], [1365, 1366], [1365, 1369], [1370, 1371], [1370, 1375], [1382, 1383], [1382, 1385], [1389, 1390], [1389, 1399], [1393, 1394], [1393, 1399], [1395, 1396], [1395, 1399], [1399, 1400], [1399, 1406], [1401, 1402], [1401, 1406], [1403, 1404], [1403, 1406], [1429, 1431], [1429, 1439], [1442, -1442], [1442, 1445], [1442, 1449], [1449, -1449], [1449, 1452], [1449, 1456], [1456, -1456], [1456, 1459], [1456, 1463], [1472, 1473], [1472, 1476], [1490, 1491], [1490, 1496], [1491, 1490], [1491, 1492], [1496, 1497], [1496, 1500], [1500, 1501], [1500, 1505], [1505, -1483], [1505, 1506], [1594, 1595], [1594, 1614], [1620, 1622], [1620, 1637], [1651, 1652], [1651, 1655], [1656, 1657], [1656, 1660], [1661, 1662], [1661, 1663], [1681, 1682], [1681, 1683]]}, "src\\agents\\coordinator.py": {"executed_lines": [], "summary": {"covered_lines": 0, "num_statements": 225, "percent_covered": 0.0, "percent_covered_display": "0", "missing_lines": 225, "excluded_lines": 0, "num_branches": 88, "num_partial_branches": 0, "covered_branches": 0, "missing_branches": 88}, "missing_lines": [13, 14, 15, 17, 18, 19, 20, 21, 22, 23, 24, 25, 26, 27, 30, 42, 44, 45, 46, 47, 48, 49, 50, 52, 83, 84, 85, 88, 89, 90, 91, 94, 95, 96, 97, 98, 99, 101, 104, 105, 106, 107, 110, 111, 113, 119, 120, 121, 122, 124, 125, 132, 139, 140, 143, 144, 145, 146, 148, 149, 150, 151, 154, 155, 158, 160, 161, 164, 171, 177, 178, 181, 183, 184, 185, 186, 189, 191, 193, 203, 206, 207, 208, 209, 212, 220, 221, 222, 223, 224, 225, 226, 229, 230, 231, 232, 234, 236, 238, 254, 255, 256, 257, 258, 261, 262, 263, 264, 265, 266, 269, 270, 271, 272, 274, 275, 276, 278, 279, 280, 282, 284, 294, 297, 304, 305, 306, 307, 308, 310, 311, 312, 316, 317, 322, 323, 325, 341, 342, 343, 355, 358, 363, 365, 372, 373, 374, 376, 379, 380, 381, 382, 385, 386, 387, 388, 389, 390, 391, 393, 394, 397, 400, 401, 403, 417, 418, 419, 420, 421, 422, 424, 425, 428, 429, 430, 431, 432, 433, 434, 436, 437, 440, 441, 442, 443, 444, 445, 446, 448, 449, 452, 453, 454, 456, 464, 465, 466, 467, 468, 469, 471, 472, 475, 476, 477, 480, 481, 483, 491, 494, 495, 496, 499, 514, 515, 516, 517, 518, 519, 520, 522, 526, 552, 553], "excluded_lines": [], "executed_branches": [], "missing_branches": [[91, -91], [91, 94], [95, 96], [95, 101], [120, 121], [120, 124], [124, 125], [124, 132], [140, -140], [140, 143], [148, 149], [148, 154], [150, 151], [150, 154], [154, 155], [154, 189], [164, -164], [164, 171], [183, 184], [183, 189], [185, 186], [185, 189], [220, 221], [220, 229], [222, 220], [222, 223], [224, 220], [224, 225], [229, 230], [229, 234], [254, 255], [254, 261], [256, 257], [256, 258], [261, 262], [261, 269], [264, 265], [264, 266], [269, 270], [269, 282], [271, 272], [271, 274], [278, 279], [278, 280], [305, 306], [305, 310], [307, 305], [307, 308], [310, 311], [310, 322], [342, 343], [342, 358], [389, 390], [389, 391], [393, 394], [393, 397], [418, 419], [418, 424], [419, 420], [419, 424], [421, 419], [421, 422], [424, 425], [424, 428], [432, 433], [432, 434], [436, 437], [436, 440], [444, 445], [444, 446], [448, 449], [448, 452], [465, 466], [465, 471], [466, 467], [466, 471], [468, 466], [468, 469], [471, 472], [471, 475], [476, 477], [476, 480], [495, 496], [495, 499], [518, -518], [518, 519], [519, -519], [519, 520]]}, "src\\agents\\keyword_agent.py": {"executed_lines": [], "summary": {"covered_lines": 0, "num_statements": 96, "percent_covered": 0.0, "percent_covered_display": "0", "missing_lines": 96, "excluded_lines": 0, "num_branches": 32, "num_partial_branches": 0, "covered_branches": 0, "missing_branches": 32}, "missing_lines": [6, 7, 9, 11, 12, 13, 14, 17, 20, 22, 23, 25, 35, 38, 42, 56, 57, 60, 62, 68, 70, 83, 86, 87, 89, 90, 91, 94, 95, 96, 97, 98, 99, 103, 104, 105, 106, 109, 110, 111, 112, 113, 114, 115, 119, 120, 122, 124, 125, 126, 127, 130, 131, 132, 133, 135, 136, 137, 138, 139, 140, 143, 149, 151, 153, 154, 155, 156, 158, 159, 160, 161, 163, 164, 165, 166, 168, 169, 170, 171, 173, 175, 177, 236, 239, 241, 242, 243, 244, 252, 253, 254, 255, 256, 258, 264], "excluded_lines": [], "executed_branches": [], "missing_branches": [[87, 89], [87, 103], [90, 91], [90, 94], [95, 96], [95, 97], [97, 98], [97, 99], [103, 104], [103, 109], [105, 106], [105, 109], [119, 120], [119, 143], [130, 131], [130, 132], [132, 133], [132, 135], [158, 159], [158, 163], [160, 161], [160, 163], [163, 164], [163, 168], [165, 166], [165, 168], [168, 169], [168, 173], [170, 171], [170, 173], [242, 243], [242, 256]]}, "src\\agents\\keyword_refiner.py": {"executed_lines": [], "summary": {"covered_lines": 0, "num_statements": 64, "percent_covered": 0.0, "percent_covered_display": "0", "missing_lines": 64, "excluded_lines": 0, "num_branches": 18, "num_partial_branches": 0, "covered_branches": 0, "missing_branches": 18}, "missing_lines": [6, 8, 10, 11, 12, 15, 18, 20, 21, 23, 33, 36, 39, 40, 41, 43, 44, 45, 48, 49, 51, 52, 54, 71, 74, 75, 76, 84, 87, 88, 89, 90, 92, 94, 96, 109, 112, 117, 122, 128, 130, 132, 133, 134, 136, 137, 138, 139, 140, 142, 143, 144, 145, 146, 148, 160, 166, 171, 183, 192, 194, 195, 198, 200], "excluded_lines": [], "executed_branches": [], "missing_branches": [[43, 44], [43, 48], [75, 76], [75, 87], [87, 88], [87, 89], [89, 90], [89, 92], [133, 134], [133, 136], [137, 138], [137, 139], [139, 140], [139, 142], [143, 144], [143, 145], [145, -130], [145, 146]]}, "src\\agents\\memory_learning_agent.py": {"executed_lines": [], "summary": {"covered_lines": 0, "num_statements": 161, "percent_covered": 0.0, "percent_covered_display": "0", "missing_lines": 161, "excluded_lines": 0, "num_branches": 104, "num_partial_branches": 0, "covered_branches": 0, "missing_branches": 104}, "missing_lines": [7, 9, 10, 11, 12, 13, 14, 16, 19, 22, 28, 30, 43, 46, 49, 56, 57, 60, 63, 65, 67, 69, 81, 84, 85, 86, 87, 90, 91, 94, 97, 98, 99, 102, 103, 105, 113, 115, 117, 119, 129, 132, 133, 134, 135, 137, 138, 139, 140, 142, 143, 144, 145, 148, 163, 166, 168, 170, 171, 172, 175, 176, 182, 183, 184, 185, 187, 189, 199, 202, 203, 204, 205, 208, 209, 210, 217, 219, 228, 230, 233, 240, 241, 242, 243, 246, 247, 248, 249, 252, 253, 254, 255, 256, 259, 263, 264, 265, 268, 272, 273, 274, 277, 278, 282, 284, 286, 295, 297, 298, 299, 300, 303, 306, 307, 309, 310, 311, 312, 313, 314, 316, 317, 320, 323, 324, 325, 326, 329, 330, 331, 332, 335, 338, 339, 340, 342, 343, 344, 345, 346, 347, 349, 350, 353, 355, 359, 361, 370, 371, 372, 374, 390, 391, 392, 393, 396, 397, 398, 401, 403], "excluded_lines": [], "executed_branches": [], "missing_branches": [[56, 57], [56, 60], [85, 86], [85, 90], [90, 91], [90, 94], [98, 99], [98, 102], [103, 105], [103, 113], [133, 134], [133, 137], [134, 135], [134, 137], [138, 139], [138, 142], [139, 140], [139, 142], [143, 144], [143, 148], [144, 145], [144, 148], [166, 168], [166, 170], [170, 171], [170, 182], [171, 172], [171, 175], [182, 183], [182, 187], [203, 204], [203, 208], [208, 209], [208, 217], [209, 208], [209, 210], [240, 241], [240, 246], [241, -241], [241, 240], [241, 242], [246, -246], [246, 247], [246, 248], [248, -248], [248, 249], [248, 252], [252, -252], [252, 253], [252, 259], [253, -253], [253, 254], [253, 255], [255, 256], [255, 259], [259, -259], [259, 263], [259, 264], [264, -264], [264, 265], [264, 268], [268, -268], [268, 272], [268, 273], [273, -273], [273, 274], [273, 277], [277, -277], [277, 278], [277, 282], [298, 299], [298, 303], [309, 310], [309, 316], [310, 309], [310, 311], [311, 312], [311, 313], [313, 309], [313, 314], [324, 325], [324, 329], [329, 330], [329, 335], [330, 329], [330, 331], [338, 339], [338, 353], [339, -339], [339, 340], [340, 342], [340, 353], [342, 343], [342, 345], [345, 346], [345, 349], [371, 372], [371, 374], [391, 392], [391, 396], [397, 398], [397, 403], [398, -398], [398, 401]]}, "src\\agents\\post_regenerator.py": {"executed_lines": [], "summary": {"covered_lines": 0, "num_statements": 119, "percent_covered": 0.0, "percent_covered_display": "0", "missing_lines": 119, "excluded_lines": 5, "num_branches": 50, "num_partial_branches": 0, "covered_branches": 0, "missing_branches": 50}, "missing_lines": [7, 9, 10, 11, 12, 13, 14, 15, 16, 19, 22, 30, 31, 32, 41, 44, 55, 56, 57, 59, 68, 71, 72, 74, 75, 82, 83, 92, 93, 100, 101, 110, 111, 114, 115, 116, 118, 119, 120, 121, 122, 129, 130, 132, 133, 135, 157, 158, 161, 163, 169, 172, 173, 174, 175, 176, 178, 180, 188, 191, 201, 203, 205, 206, 215, 216, 218, 219, 221, 223, 236, 240, 241, 242, 248, 249, 255, 256, 261, 262, 267, 268, 273, 274, 280, 282, 284, 286, 289, 290, 293, 296, 298, 300, 318, 319, 328, 330, 331, 333, 335, 336, 341, 342, 343, 344, 345, 346, 349, 354, 356, 357, 358, 360, 361, 363, 365, 367, 372], "excluded_lines": [34, 35, 36, 37, 38], "executed_branches": [], "missing_branches": [[71, 72], [71, 92], [74, 75], [74, 82], [82, 83], [82, 92], [92, 93], [92, 100], [100, 101], [100, 110], [110, 111], [110, 114], [114, 115], [114, 132], [116, 118], [116, 132], [121, 122], [121, 132], [157, 158], [157, 163], [163, -163], [163, 169], [203, 205], [203, 215], [240, 241], [240, 280], [241, 242], [241, 248], [248, 249], [248, 255], [255, 256], [255, 261], [261, 262], [261, 267], [267, 268], [267, 273], [273, 240], [273, 274], [289, 290], [289, 293], [330, 331], [330, 367], [333, 335], [333, 365], [335, 336], [335, 341], [342, 343], [342, 349], [356, 357], [356, 360]]}, "src\\agents\\qa_agent.py": {"executed_lines": [], "summary": {"covered_lines": 0, "num_statements": 52, "percent_covered": 0.0, "percent_covered_display": "0", "missing_lines": 52, "excluded_lines": 0, "num_branches": 16, "num_partial_branches": 0, "covered_branches": 0, "missing_branches": 16}, "missing_lines": [3, 5, 6, 7, 8, 9, 10, 11, 12, 13, 16, 21, 28, 29, 30, 31, 34, 35, 36, 38, 49, 52, 53, 54, 55, 58, 59, 60, 63, 64, 65, 66, 67, 68, 69, 72, 73, 74, 75, 76, 77, 78, 80, 81, 85, 87, 88, 90, 93, 102, 116, 121], "excluded_lines": [], "executed_branches": [], "missing_branches": [[35, -21], [35, 36], [59, 60], [59, 63], [68, 69], [68, 72], [73, 74], [73, 75], [75, 76], [75, 77], [77, 78], [77, 80], [80, 81], [80, 87], [87, 88], [87, 90]]}, "src\\agents\\question_generator.py": {"executed_lines": [], "summary": {"covered_lines": 0, "num_statements": 77, "percent_covered": 0.0, "percent_covered_display": "0", "missing_lines": 77, "excluded_lines": 0, "num_branches": 32, "num_partial_branches": 0, "covered_branches": 0, "missing_branches": 32}, "missing_lines": [3, 4, 6, 7, 8, 9, 10, 13, 20, 76, 94, 101, 103, 117, 123, 126, 127, 128, 129, 130, 133, 134, 135, 138, 139, 142, 143, 144, 145, 146, 147, 148, 149, 150, 153, 154, 156, 157, 159, 174, 175, 176, 177, 180, 182, 184, 185, 186, 189, 190, 191, 193, 202, 218, 220, 240, 241, 249, 251, 252, 253, 262, 263, 265, 266, 267, 269, 282, 285, 286, 287, 290, 292, 293, 294, 295, 296], "excluded_lines": [], "executed_branches": [], "missing_branches": [[126, 127], [126, 133], [127, 126], [127, 128], [129, 126], [129, 130], [133, 134], [133, 142], [134, 133], [134, 135], [138, 133], [138, 139], [142, 143], [142, 153], [144, 145], [144, 153], [145, 144], [145, 146], [147, 144], [147, 148], [149, 144], [149, 150], [153, -153], [153, 154], [175, 176], [175, 180], [182, 184], [182, 189], [251, 252], [251, 262], [286, 287], [286, 290]]}, "src\\agents\\revision_agent.py": {"executed_lines": [], "summary": {"covered_lines": 0, "num_statements": 123, "percent_covered": 0.0, "percent_covered_display": "0", "missing_lines": 123, "excluded_lines": 0, "num_branches": 58, "num_partial_branches": 0, "covered_branches": 0, "missing_branches": 58}, "missing_lines": [7, 9, 10, 11, 12, 13, 14, 15, 18, 21, 27, 29, 49, 55, 59, 61, 69, 72, 82, 86, 91, 93, 94, 96, 98, 118, 119, 121, 122, 123, 124, 125, 126, 128, 135, 137, 139, 157, 160, 161, 162, 163, 164, 165, 168, 169, 191, 193, 202, 205, 207, 208, 210, 211, 215, 216, 218, 223, 225, 230, 232, 233, 234, 235, 236, 238, 243, 245, 246, 248, 249, 252, 253, 255, 257, 266, 284, 286, 288, 291, 292, 293, 294, 297, 300, 302, 304, 315, 318, 319, 320, 321, 325, 330, 331, 332, 334, 337, 342, 348, 349, 350, 351, 354, 356, 357, 359, 360, 361, 362, 365, 366, 368, 370, 383, 385, 388, 389, 390, 391, 392, 394, 396], "excluded_lines": [], "executed_branches": [], "missing_branches": [[121, 122], [121, 137], [123, 124], [123, 128], [207, 208], [207, 210], [210, 211], [210, 215], [215, 216], [215, 218], [218, 223], [218, 225], [225, 230], [225, 232], [232, 233], [232, 238], [233, 234], [233, 235], [235, 236], [235, 238], [238, 243], [238, 245], [245, 246], [245, 248], [248, 249], [248, 252], [252, 253], [252, 255], [291, 292], [291, 293], [293, 294], [293, 297], [319, 320], [319, 330], [320, 321], [320, 325], [330, 331], [330, 337], [331, 332], [331, 334], [337, -337], [337, 342], [342, -342], [342, 348], [348, 349], [348, 350], [350, 351], [350, 354], [359, 360], [359, 361], [361, 362], [361, 365], [365, 366], [365, 368], [389, 390], [389, 391], [391, 392], [391, 394]]}, "src\\agents\\voice_analyzer.py": {"executed_lines": [], "summary": {"covered_lines": 0, "num_statements": 230, "percent_covered": 0.0, "percent_covered_display": "0", "missing_lines": 230, "excluded_lines": 0, "num_branches": 101, "num_partial_branches": 0, "covered_branches": 0, "missing_branches": 101}, "missing_lines": [3, 4, 5, 6, 8, 9, 10, 11, 12, 13, 16, 19, 21, 23, 27, 29, 30, 32, 33, 34, 35, 37, 38, 40, 41, 43, 44, 45, 47, 48, 49, 50, 51, 54, 55, 56, 57, 60, 63, 64, 65, 66, 68, 69, 71, 75, 97, 114, 117, 129, 131, 139, 142, 143, 144, 145, 148, 149, 150, 151, 154, 155, 156, 158, 160, 167, 168, 171, 183, 184, 186, 187, 190, 193, 194, 196, 198, 205, 206, 210, 216, 217, 218, 219, 222, 261, 263, 264, 265, 268, 271, 272, 274, 276, 278, 279, 280, 281, 282, 284, 286, 300, 301, 303, 304, 305, 306, 307, 308, 310, 312, 314, 315, 317, 318, 319, 321, 323, 325, 326, 328, 329, 330, 332, 333, 334, 336, 337, 338, 339, 340, 341, 342, 344, 345, 347, 356, 358, 360, 361, 363, 364, 365, 366, 367, 369, 370, 372, 373, 374, 375, 377, 379, 381, 382, 383, 384, 385, 387, 389, 390, 392, 394, 403, 404, 405, 406, 407, 408, 410, 411, 414, 415, 417, 419, 421, 422, 424, 431, 433, 434, 437, 438, 439, 440, 442, 449, 451, 453, 455, 456, 458, 466, 467, 468, 470, 472, 476, 478, 479, 480, 481, 482, 483, 486, 487, 489, 490, 491, 492, 493, 495, 497, 499, 504, 506, 508, 509, 510, 511, 512, 513, 515, 517, 529, 530, 531, 534, 536, 541], "excluded_lines": [], "executed_branches": [], "missing_branches": [[33, 34], [33, 35], [43, -43], [43, 44], [45, -45], [45, 47], [63, 64], [63, 65], [65, 66], [65, 68], [68, 69], [68, 71], [186, 187], [186, 190], [217, 218], [217, 222], [264, 265], [264, 268], [280, 281], [280, 282], [303, 304], [303, 310], [304, 303], [304, 305], [306, 303], [306, 307], [307, 306], [307, 308], [317, 318], [317, 321], [318, -318], [318, 317], [318, 319], [325, 326], [325, 328], [332, 333], [332, 356], [333, 334], [333, 336], [337, 338], [337, 344], [338, 337], [338, 339], [340, 337], [340, 341], [345, -345], [345, 347], [356, -356], [356, -323], [364, 365], [364, 369], [365, 364], [365, 366], [373, 374], [373, 377], [374, -374], [374, 373], [374, 375], [382, 383], [382, 385], [403, 404], [403, 410], [404, 403], [404, 405], [406, -406], [406, 407], [410, 411], [410, 417], [411, -411], [411, 414], [433, 434], [433, 437], [437, 438], [437, 439], [439, 440], [439, 442], [455, 456], [455, 458], [466, -466], [466, 467], [467, 468], [467, 470], [478, 479], [478, 489], [480, 481], [480, 489], [481, 480], [481, 482], [482, 481], [482, 483], [490, 491], [490, 495], [491, -491], [491, 492], [508, -508], [508, 509], [508, 510], [510, 511], [510, 512], [512, 513], [512, 515]]}, "src\\cli\\__init__.py": {"executed_lines": [], "summary": {"covered_lines": 0, "num_statements": 0, "percent_covered": 100.0, "percent_covered_display": "100", "missing_lines": 0, "excluded_lines": 0, "num_branches": 0, "num_partial_branches": 0, "covered_branches": 0, "missing_branches": 0}, "missing_lines": [], "excluded_lines": [], "executed_branches": [], "missing_branches": []}, "src\\cli\\interactive_mode.py": {"executed_lines": [], "summary": {"covered_lines": 0, "num_statements": 278, "percent_covered": 0.0, "percent_covered_display": "0", "missing_lines": 278, "excluded_lines": 0, "num_branches": 95, "num_partial_branches": 0, "covered_branches": 0, "missing_branches": 95}, "missing_lines": [3, 4, 5, 6, 8, 9, 10, 11, 13, 14, 15, 16, 17, 18, 19, 20, 22, 25, 30, 32, 33, 34, 35, 36, 37, 39, 46, 47, 52, 54, 55, 57, 60, 63, 66, 68, 70, 71, 72, 73, 74, 75, 76, 77, 78, 80, 82, 84, 85, 86, 88, 93, 94, 96, 99, 101, 102, 103, 104, 106, 108, 110, 112, 116, 118, 120, 122, 129, 131, 132, 134, 135, 138, 141, 144, 145, 146, 149, 153, 154, 155, 158, 161, 164, 166, 167, 172, 174, 177, 178, 179, 181, 182, 183, 184, 185, 186, 187, 191, 194, 195, 197, 198, 200, 202, 204, 205, 209, 210, 212, 215, 216, 218, 219, 221, 223, 224, 227, 230, 231, 232, 235, 236, 239, 240, 244, 245, 246, 250, 251, 252, 254, 263, 264, 265, 268, 270, 272, 273, 275, 277, 279, 280, 281, 282, 283, 284, 285, 286, 288, 290, 291, 292, 293, 294, 295, 296, 297, 301, 302, 304, 307, 308, 310, 311, 312, 314, 325, 326, 328, 329, 333, 334, 336, 337, 340, 342, 344, 346, 347, 349, 350, 351, 355, 357, 358, 360, 362, 364, 366, 368, 370, 375, 376, 380, 382, 383, 384, 388, 390, 391, 392, 394, 395, 396, 398, 399, 401, 403, 404, 406, 408, 409, 411, 412, 413, 414, 417, 419, 420, 422, 423, 425, 427, 434, 435, 437, 438, 440, 450, 451, 452, 454, 455, 457, 458, 460, 467, 468, 469, 470, 472, 473, 474, 475, 476, 478, 479, 480, 481, 482, 484, 485, 486, 487, 488, 490, 491, 492, 494, 496, 499, 501, 502, 505, 506, 507, 509, 510, 511, 514, 516, 517, 520, 521, 522, 527, 528], "excluded_lines": [], "executed_branches": [], "missing_branches": [[54, 55], [54, 57], [70, 71], [70, 74], [72, -39], [72, 73], [77, -39], [77, 78], [88, 93], [88, 96], [134, 135], [134, 166], [144, 145], [144, 149], [145, 146], [145, 149], [153, 154], [153, 158], [166, -129], [166, 167], [194, 195], [194, 197], [209, -202], [209, 210], [218, 219], [218, 221], [223, 224], [223, 227], [230, 231], [230, 235], [239, -212], [239, 240], [244, -212], [244, 245], [250, -212], [250, 251], [268, 270], [268, 277], [272, 273], [272, 275], [277, 279], [277, 288], [281, 282], [281, 286], [288, 290], [288, 301], [292, 293], [292, 297], [301, 302], [301, 304], [325, 326], [325, 328], [328, 329], [328, 333], [333, -333], [333, 334], [333, 340], [357, 358], [357, 360], [370, 375], [370, 380], [398, 399], [398, 401], [419, 420], [419, 422], [434, 435], [434, 437], [437, 438], [437, 440], [450, 451], [450, 454], [454, 455], [454, 457], [457, 458], [457, 460], [467, 468], [467, 472], [469, 470], [469, 472], [472, 473], [472, 478], [475, 476], [475, 478], [478, 479], [478, 484], [481, 482], [481, 484], [484, 485], [484, 490], [487, 488], [487, 490], [490, 491], [490, 494], [527, -496], [527, 528]]}, "src\\config\\__init__.py": {"executed_lines": [1], "summary": {"covered_lines": 0, "num_statements": 0, "percent_covered": 100.0, "percent_covered_display": "100", "missing_lines": 0, "excluded_lines": 0, "num_branches": 0, "num_partial_branches": 0, "covered_branches": 0, "missing_branches": 0}, "missing_lines": [], "excluded_lines": [], "executed_branches": [], "missing_branches": []}, "src\\config\\brand_frameworks.py": {"executed_lines": [], "summary": {"covered_lines": 0, "num_statements": 34, "percent_covered": 0.0, "percent_covered_display": "0", "missing_lines": 34, "excluded_lines": 0, "num_branches": 20, "num_partial_branches": 0, "covered_branches": 0, "missing_branches": 20}, "missing_lines": [8, 12, 57, 147, 156, 166, 168, 169, 171, 179, 186, 203, 218, 219, 220, 221, 222, 224, 226, 227, 228, 229, 230, 231, 232, 234, 236, 237, 238, 240, 243, 246, 256, 264], "excluded_lines": [], "executed_branches": [], "missing_branches": [[168, 169], [168, 171], [218, 219], [218, 226], [219, 220], [219, 221], [221, 222], [221, 224], [226, 227], [226, 236], [227, 228], [227, 229], [229, 230], [229, 231], [231, 232], [231, 234], [236, 237], [236, 243], [237, 238], [237, 240]]}, "src\\config\\constants.py": {"executed_lines": [1, 16, 19, 22, 23, 31, 35, 39, 46, 49, 52, 55, 58, 65, 68, 71, 74, 81, 84, 87, 90, 97, 137, 141, 144, 151, 154, 161, 164, 167, 174, 177, 186, 187, 190, 191, 194, 197, 200, 203, 210, 213, 216], "summary": {"covered_lines": 42, "num_statements": 42, "percent_covered": 100.0, "percent_covered_display": "100", "missing_lines": 0, "excluded_lines": 0, "num_branches": 0, "num_partial_branches": 0, "covered_branches": 0, "missing_branches": 0}, "missing_lines": [], "excluded_lines": [], "executed_branches": [], "missing_branches": []}, "src\\config\\platform_specs.py": {"executed_lines": [1, 7, 9, 12, 72, 107, 180, 192, 197], "summary": {"covered_lines": 8, "num_statements": 31, "percent_covered": 18.6046511627907, "percent_covered_display": "19", "missing_lines": 23, "excluded_lines": 0, "num_branches": 12, "num_partial_branches": 0, "covered_branches": 0, "missing_branches": 12}, "missing_lines": [182, 183, 184, 186, 187, 189, 194, 204, 205, 206, 208, 209, 210, 211, 213, 214, 215, 216, 217, 218, 222, 223, 228], "excluded_lines": [], "executed_branches": [], "missing_branches": [[183, 184], [183, 186], [205, 206], [205, 208], [213, 214], [213, 215], [215, 216], [215, 217], [217, 218], [217, 222], [222, 223], [222, 228]]}, "src\\config\\pricing.py": {"executed_lines": [1, 10, 11, 12, 15, 16, 17, 18, 19, 20, 23, 24, 27, 28, 31, 32, 35, 38, 45, 46, 48, 49, 50, 51, 52, 53, 56, 64, 65, 72, 140, 171, 194], "summary": {"covered_lines": 29, "num_statements": 39, "percent_covered": 70.2127659574468, "percent_covered_display": "70", "missing_lines": 10, "excluded_lines": 0, "num_branches": 8, "num_partial_branches": 0, "covered_branches": 4, "missing_branches": 4}, "missing_lines": [67, 166, 167, 168, 188, 189, 190, 191, 216, 217], "excluded_lines": [], "executed_branches": [[56, -56], [56, 56], [56, 64], [65, -45], [65, 64]], "missing_branches": [[188, 189], [188, 191], [189, 188], [189, 190]]}, "src\\config\\prompts.py": {"executed_lines": [1, 13, 14, 16, 41, 73, 83, 89, 103, 104, 106, 107, 125, 126], "summary": {"covered_lines": 11, "num_statements": 13, "percent_covered": 88.23529411764706, "percent_covered_display": "88", "missing_lines": 2, "excluded_lines": 0, "num_branches": 4, "num_partial_branches": 0, "covered_branches": 4, "missing_branches": 0}, "missing_lines": [117, 137], "excluded_lines": [], "executed_branches": [[107, 106], [107, 125], [126, -103], [126, 125]], "missing_branches": []}, "src\\config\\secrets_manager.py": {"executed_lines": [], "summary": {"covered_lines": 0, "num_statements": 137, "percent_covered": 0.0, "percent_covered_display": "0", "missing_lines": 137, "excluded_lines": 12, "num_branches": 42, "num_partial_branches": 0, "covered_branches": 0, "missing_branches": 42}, "missing_lines": [18, 19, 20, 21, 22, 23, 25, 28, 32, 52, 67, 68, 70, 72, 74, 75, 81, 82, 84, 85, 87, 89, 90, 95, 97, 98, 99, 101, 104, 105, 111, 123, 124, 125, 126, 128, 133, 135, 136, 137, 139, 140, 141, 142, 145, 146, 149, 150, 151, 152, 154, 156, 158, 160, 161, 162, 164, 166, 168, 169, 174, 175, 177, 178, 180, 182, 183, 184, 189, 191, 192, 193, 194, 195, 197, 199, 202, 215, 223, 224, 226, 227, 229, 231, 240, 242, 243, 245, 246, 249, 250, 251, 252, 254, 255, 257, 272, 273, 276, 282, 284, 285, 286, 287, 289, 290, 296, 298, 305, 306, 308, 310, 311, 313, 315, 317, 327, 329, 330, 331, 332, 333, 335, 336, 341, 343, 351, 353, 368, 369, 373, 376, 388, 389, 391, 395, 404], "excluded_lines": [35, 36, 37, 39, 40, 41, 43, 44, 45, 47, 48, 49], "executed_branches": [], "missing_branches": [[74, 75], [74, 81], [81, 82], [81, 84], [97, -95], [97, 98], [105, -105], [105, -101], [135, 136], [135, 139], [140, 141], [140, 158], [141, 140], [141, 142], [145, 146], [145, 149], [149, 141], [149, 150], [168, 169], [168, 174], [174, 175], [174, 177], [191, 192], [191, 193], [193, 194], [193, 195], [223, 224], [223, 226], [242, 243], [242, 245], [245, 246], [245, 249], [250, 251], [250, 254], [285, 286], [285, 289], [329, 330], [329, 335], [335, 336], [335, 341], [388, 389], [388, 391]]}, "src\\config\\settings.py": {"executed_lines": [1, 2, 3, 5, 6, 8, 11, 12, 15, 16, 18, 19, 20, 29, 37, 38, 45, 52, 58, 59, 60, 61, 62, 63, 66, 67, 70, 71, 72, 73, 76, 77, 78, 79, 80, 81, 84, 85, 86, 89, 90, 91, 92, 95, 96, 97, 98, 101, 102, 103, 106, 107, 108, 110, 111, 113, 114, 115, 116, 120], "summary": {"covered_lines": 57, "num_statements": 62, "percent_covered": 88.15789473684211, "percent_covered_display": "88", "missing_lines": 5, "excluded_lines": 0, "num_branches": 14, "num_partial_branches": 4, "covered_branches": 10, "missing_branches": 4}, "missing_lines": [30, 34, 39, 46, 53], "excluded_lines": [], "executed_branches": [[18, 19], [18, 20], [19, 18], [19, 20], [20, 19], [20, 60], [29, 37], [38, 45], [45, 52], [52, 58]], "missing_branches": [[29, 30], [38, 39], [45, 46], [52, 53]]}, "src\\config\\template_rules.py": {"executed_lines": [], "summary": {"covered_lines": 0, "num_statements": 23, "percent_covered": 0.0, "percent_covered_display": "0", "missing_lines": 23, "excluded_lines": 0, "num_branches": 0, "num_partial_branches": 0, "covered_branches": 0, "missing_branches": 0}, "missing_lines": [9, 10, 12, 15, 19, 20, 21, 22, 25, 26, 27, 30, 31, 32, 35, 36, 37, 40, 44, 230, 528, 546, 564], "excluded_lines": [], "executed_branches": [], "missing_branches": []}, "src\\config\\template_rules_expanded.py": {"executed_lines": [], "summary": {"covered_lines": 0, "num_statements": 23, "percent_covered": 0.0, "percent_covered_display": "0", "missing_lines": 23, "excluded_lines": 0, "num_branches": 0, "num_partial_branches": 0, "covered_branches": 0, "missing_branches": 0}, "missing_lines": [9, 10, 12, 15, 19, 20, 21, 22, 25, 26, 27, 30, 31, 32, 35, 36, 37, 40, 44, 230, 528, 546, 564], "excluded_lines": [], "executed_branches": [], "missing_branches": []}, "src\\config\\template_rules_original_backup.py": {"executed_lines": [], "summary": {"covered_lines": 0, "num_statements": 11, "percent_covered": 0.0, "percent_covered_display": "0", "missing_lines": 11, "excluded_lines": 0, "num_branches": 0, "num_partial_branches": 0, "covered_branches": 0, "missing_branches": 0}, "missing_lines": [3, 4, 6, 9, 12, 13, 14, 15, 16, 20, 87], "excluded_lines": [], "executed_branches": [], "missing_branches": []}, "src\\database\\__init__.py": {"executed_lines": [], "summary": {"covered_lines": 0, "num_statements": 2, "percent_covered": 0.0, "percent_covered_display": "0", "missing_lines": 2, "excluded_lines": 0, "num_branches": 0, "num_partial_branches": 0, "covered_branches": 0, "missing_branches": 0}, "missing_lines": [6, 8], "excluded_lines": [], "executed_branches": [], "missing_branches": []}, "src\\database\\migrate_phase8b.py": {"executed_lines": [], "summary": {"covered_lines": 0, "num_statements": 78, "percent_covered": 0.0, "percent_covered_display": "0", "missing_lines": 78, "excluded_lines": 2, "num_branches": 6, "num_partial_branches": 0, "covered_branches": 0, "missing_branches": 6}, "missing_lines": [7, 8, 9, 12, 15, 17, 18, 20, 22, 23, 25, 26, 27, 29, 34, 37, 40, 41, 42, 45, 48, 53, 54, 55, 58, 61, 64, 67, 71, 76, 79, 82, 83, 86, 89, 91, 96, 99, 114, 117, 120, 124, 127, 149, 152, 155, 159, 164, 166, 169, 173, 176, 178, 181, 182, 184, 185, 187, 188, 189, 190, 192, 193, 194, 195, 198, 201, 203, 205, 206, 207, 208, 211, 212, 214, 216, 217, 220], "excluded_lines": [223, 224], "executed_branches": [], "missing_branches": [[25, 26], [25, 29], [82, 83], [82, 91], [205, 206], [205, 211]]}, "src\\database\\project_db.py": {"executed_lines": [], "summary": {"covered_lines": 0, "num_statements": 444, "percent_covered": 0.0, "percent_covered_display": "0", "missing_lines": 444, "excluded_lines": 0, "num_branches": 154, "num_partial_branches": 0, "covered_branches": 0, "missing_branches": 154}, "missing_lines": [7, 8, 9, 10, 11, 13, 14, 22, 25, 28, 34, 36, 38, 39, 42, 44, 46, 48, 49, 50, 51, 52, 54, 55, 57, 58, 59, 60, 62, 68, 77, 78, 79, 80, 101, 102, 120, 121, 122, 123, 125, 134, 135, 136, 137, 139, 140, 141, 143, 152, 153, 154, 158, 159, 161, 170, 171, 172, 176, 177, 179, 189, 190, 191, 194, 195, 201, 210, 211, 212, 214, 234, 248, 249, 250, 251, 253, 262, 263, 264, 265, 267, 268, 271, 272, 273, 275, 276, 278, 287, 288, 289, 293, 294, 295, 296, 299, 302, 303, 305, 307, 309, 322, 323, 325, 326, 327, 335, 336, 338, 347, 348, 349, 357, 358, 360, 370, 371, 372, 373, 393, 394, 400, 409, 410, 411, 412, 414, 415, 416, 418, 427, 428, 429, 450, 451, 453, 462, 463, 464, 467, 468, 470, 480, 481, 482, 493, 494, 500, 509, 510, 513, 516, 519, 528, 531, 534, 543, 545, 553, 559, 560, 561, 562, 563, 569, 578, 580, 581, 582, 583, 585, 586, 587, 589, 598, 599, 600, 601, 602, 638, 639, 640, 641, 643, 652, 653, 654, 655, 704, 705, 707, 716, 718, 719, 721, 722, 723, 725, 734, 735, 736, 737, 761, 762, 764, 774, 776, 777, 778, 787, 788, 792, 803, 804, 805, 820, 823, 832, 834, 836, 849, 851, 852, 854, 855, 865, 874, 875, 877, 887, 888, 891, 898, 899, 902, 911, 921, 922, 924, 934, 935, 937, 950, 951, 952, 959, 961, 971, 972, 975, 983, 985, 987, 998, 999, 1016, 1017, 1019, 1031, 1033, 1034, 1036, 1037, 1046, 1055, 1056, 1058, 1072, 1073, 1076, 1085, 1087, 1089, 1090, 1091, 1092, 1095, 1096, 1097, 1101, 1124, 1125, 1126, 1128, 1145, 1146, 1148, 1158, 1159, 1161, 1162, 1169, 1170, 1172, 1180, 1181, 1183, 1189, 1190, 1191, 1192, 1193, 1199, 1226, 1228, 1229, 1231, 1233, 1252, 1253, 1254, 1256, 1275, 1277, 1278, 1280, 1281, 1283, 1284, 1285, 1287, 1288, 1289, 1291, 1292, 1293, 1295, 1297, 1298, 1299, 1301, 1302, 1304, 1305, 1306, 1318, 1320, 1322, 1332, 1333, 1335, 1341, 1343, 1344, 1345, 1347, 1349, 1350, 1353, 1354, 1356, 1372, 1401, 1402, 1404, 1425, 1426, 1429, 1443, 1444, 1446, 1463, 1464, 1466, 1467, 1469, 1470, 1471, 1473, 1474, 1475, 1477, 1479, 1480, 1481, 1483, 1484, 1486, 1487, 1488, 1501, 1503, 1505, 1512, 1513, 1515, 1527, 1529, 1530, 1538, 1539, 1551, 1569, 1571, 1572, 1574, 1576, 1590, 1592, 1613, 1615, 1616, 1618, 1619, 1621, 1622, 1623, 1625, 1626, 1627, 1629, 1630, 1631, 1633, 1634, 1635, 1637, 1639, 1640, 1641, 1643, 1644, 1646, 1647, 1648, 1657, 1659, 1661, 1671, 1673, 1674, 1676, 1678, 1695, 1698, 1699, 1700, 1701, 1702, 1704, 1714, 1720, 1722], "excluded_lines": [], "executed_branches": [], "missing_branches": [[34, 36], [34, 38], [48, -44], [48, 49], [49, 50], [49, 52], [55, 54], [55, 68], [77, -68], [77, 78], [134, -125], [134, 135], [139, 140], [139, 141], [152, -143], [152, 153], [170, -161], [170, 171], [189, -179], [189, 190], [210, -201], [210, 211], [262, -253], [262, 263], [267, 268], [267, 276], [287, -278], [287, 288], [295, 296], [295, 307], [322, 323], [322, 325], [325, -309], [325, 326], [347, -338], [347, 348], [370, -360], [370, 371], [372, 373], [372, 393], [409, -400], [409, 410], [414, 415], [414, 416], [427, -418], [427, 428], [462, -453], [462, 463], [480, -470], [480, 481], [509, -500], [509, 510], [559, -553], [559, 560], [580, -569], [580, 581], [585, 586], [585, 587], [598, -589], [598, 599], [652, -643], [652, 653], [719, 721], [719, 723], [734, -725], [734, 735], [776, -764], [776, 777], [803, -792], [803, 804], [851, -836], [851, 852], [854, 855], [854, 865], [887, -877], [887, 888], [934, -924], [934, 935], [951, 952], [951, 959], [971, -961], [971, 972], [985, 987], [985, 998], [1033, -1019], [1033, 1034], [1036, 1037], [1036, 1046], [1072, -1058], [1072, 1073], [1087, 1089], [1087, 1124], [1158, -1148], [1158, 1159], [1161, 1162], [1161, 1172], [1189, -1183], [1189, 1190], [1228, -1199], [1228, 1229], [1277, -1256], [1277, 1278], [1283, 1284], [1283, 1287], [1287, 1288], [1287, 1291], [1291, 1292], [1291, 1295], [1297, 1298], [1297, 1301], [1305, 1306], [1305, 1320], [1332, -1322], [1332, 1333], [1343, 1344], [1343, 1347], [1401, -1372], [1401, 1402], [1463, -1446], [1463, 1464], [1469, 1470], [1469, 1473], [1473, 1474], [1473, 1477], [1479, 1480], [1479, 1483], [1487, 1488], [1487, 1503], [1512, -1505], [1512, 1513], [1529, 1530], [1529, 1538], [1571, -1551], [1571, 1572], [1615, -1592], [1615, 1616], [1621, 1622], [1621, 1625], [1625, 1626], [1625, 1629], [1629, 1630], [1629, 1633], [1633, 1634], [1633, 1637], [1639, 1640], [1639, 1643], [1647, 1648], [1647, 1659], [1673, -1661], [1673, 1674], [1699, 1700], [1699, 1714], [1701, 1702], [1701, 1704]]}, "src\\exceptions.py": {"executed_lines": [], "summary": {"covered_lines": 0, "num_statements": 26, "percent_covered": 0.0, "percent_covered_display": "0", "missing_lines": 26, "excluded_lines": 0, "num_branches": 6, "num_partial_branches": 0, "covered_branches": 0, "missing_branches": 6}, "missing_lines": [25, 38, 48, 63, 67, 77, 93, 97, 108, 123, 127, 142, 146, 156, 171, 189, 190, 191, 192, 195, 212, 218, 219, 222, 223, 232], "excluded_lines": [], "executed_branches": [], "missing_branches": [[190, 191], [190, 192], [218, 219], [218, 222], [232, -232], [232, -195]]}, "src\\models\\__init__.py": {"executed_lines": [1], "summary": {"covered_lines": 0, "num_statements": 0, "percent_covered": 100.0, "percent_covered_display": "100", "missing_lines": 0, "excluded_lines": 0, "num_branches": 0, "num_partial_branches": 0, "covered_branches": 0, "missing_branches": 0}, "missing_lines": [], "excluded_lines": [], "executed_branches": [], "missing_branches": []}, "src\\models\\audience_research_models.py": {"executed_lines": [1, 3, 4, 6, 9, 10, 12, 13, 14, 15, 16, 17, 20, 21, 23, 24, 25, 26, 29, 30, 32, 33, 34, 35, 36, 39, 40, 42, 45, 46, 49, 52, 55, 58, 64, 65, 67, 70, 73, 74, 77, 82, 83, 85, 86, 90, 91, 92, 95, 96, 98, 99, 100, 101, 104, 107, 110, 111, 113, 114, 115, 116, 119, 120, 125, 128, 131, 134, 139, 144, 149, 154, 159, 164, 169, 174, 179, 184, 189, 193, 194], "summary": {"covered_lines": 72, "num_statements": 72, "percent_covered": 100.0, "percent_covered_display": "100", "missing_lines": 0, "excluded_lines": 0, "num_branches": 0, "num_partial_branches": 0, "covered_branches": 0, "missing_branches": 0}, "missing_lines": [], "excluded_lines": [], "executed_branches": [], "missing_branches": []}, "src\\models\\brief_quality.py": {"executed_lines": [], "summary": {"covered_lines": 0, "num_statements": 31, "percent_covered": 0.0, "percent_covered_display": "0", "missing_lines": 31, "excluded_lines": 0, "num_branches": 4, "num_partial_branches": 0, "covered_branches": 0, "missing_branches": 4}, "missing_lines": [3, 4, 6, 9, 12, 13, 14, 15, 18, 22, 23, 24, 27, 32, 33, 36, 39, 42, 45, 46, 49, 50, 51, 53, 55, 65, 66, 67, 68, 69, 71], "excluded_lines": [], "executed_branches": [], "missing_branches": [[65, 66], [65, 71], [68, 69], [68, 71]]}, "src\\models\\client_brief.py": {"executed_lines": [1, 2, 3, 5, 8, 9, 11, 12, 13, 14, 15, 16, 17, 20, 21, 23, 24, 25, 26, 27, 28, 30, 31, 40, 41, 43, 44, 45, 48, 49, 52, 53, 54, 55, 58, 59, 60, 65, 68, 69, 70, 73, 76, 79, 84, 85, 86, 91, 92, 97, 100, 105, 107, 108, 109, 116, 129], "summary": {"covered_lines": 52, "num_statements": 72, "percent_covered": 63.829787234042556, "percent_covered_display": "64", "missing_lines": 20, "excluded_lines": 0, "num_branches": 22, "num_partial_branches": 0, "covered_branches": 8, "missing_branches": 14}, "missing_lines": [33, 34, 35, 36, 37, 111, 112, 113, 114, 118, 119, 120, 121, 122, 123, 124, 125, 126, 127, 131], "excluded_lines": [], "executed_branches": [[31, -20], [31, 30], [107, 108], [107, 109], [108, 107], [108, 109], [109, 108], [109, 116]], "missing_branches": [[34, 35], [34, 37], [35, 34], [35, 36], [112, 113], [112, 114], [119, 120], [119, 121], [121, 122], [121, 123], [123, 124], [123, 125], [125, 126], [125, 127]]}, "src\\models\\client_memory.py": {"executed_lines": [], "summary": {"covered_lines": 0, "num_statements": 160, "percent_covered": 0.0, "percent_covered_display": "0", "missing_lines": 160, "excluded_lines": 0, "num_branches": 56, "num_partial_branches": 0, "covered_branches": 0, "missing_branches": 56}, "missing_lines": [6, 7, 8, 10, 13, 17, 20, 21, 24, 29, 30, 31, 36, 39, 42, 47, 53, 56, 59, 64, 67, 70, 75, 80, 81, 84, 89, 91, 92, 94, 96, 97, 99, 100, 101, 103, 104, 106, 108, 118, 119, 120, 122, 123, 125, 126, 128, 129, 131, 137, 138, 140, 147, 150, 152, 154, 155, 157, 159, 161, 162, 164, 166, 173, 174, 176, 178, 206, 207, 210, 211, 212, 213, 214, 216, 217, 218, 219, 220, 222, 223, 224, 225, 226, 228, 229, 230, 231, 232, 234, 235, 236, 237, 238, 241, 242, 244, 245, 247, 248, 250, 253, 256, 259, 260, 263, 264, 266, 268, 269, 271, 273, 282, 283, 286, 287, 289, 290, 293, 295, 298, 301, 302, 303, 306, 309, 312, 313, 314, 319, 320, 321, 322, 324, 326, 341, 342, 345, 346, 347, 348, 349, 351, 352, 353, 354, 355, 357, 358, 359, 360, 361, 363, 364, 365, 366, 367, 370, 371, 373], "excluded_lines": [], "executed_branches": [], "missing_branches": [[92, 91], [92, 96], [97, 96], [97, 103], [99, 100], [99, 101], [104, 103], [104, 108], [122, 123], [122, 125], [125, 126], [125, 128], [150, 152], [150, 157], [154, 155], [154, 164], [157, 159], [157, 164], [161, 162], [161, 164], [207, -13], [207, 206], [210, 211], [210, 216], [216, 217], [216, 222], [222, 223], [222, 228], [228, 229], [228, 234], [234, 235], [234, 241], [241, 242], [241, 244], [244, 245], [244, 247], [247, 248], [247, 250], [283, -253], [283, 282], [286, 287], [286, 289], [289, 290], [289, 293], [342, -298], [342, 341], [345, 346], [345, 351], [351, 352], [351, 357], [357, 358], [357, 363], [363, 364], [363, 370], [370, 371], [370, 373]]}, "src\\models\\competitive_analysis_models.py": {"executed_lines": [1, 3, 4, 6, 9, 10, 12, 13, 14, 17, 18, 20, 21, 22, 23, 24, 25, 26, 27, 30, 31, 33, 34, 35, 38, 41, 44, 47, 48, 51, 52, 55, 56, 59, 60, 62, 63, 64, 65, 68, 73, 74, 76, 77, 78, 79, 80, 83, 84, 86, 87, 88, 89, 94, 95, 97, 98, 99, 102, 107, 108, 111, 114, 117, 122, 125, 128, 132, 133], "summary": {"covered_lines": 61, "num_statements": 61, "percent_covered": 100.0, "percent_covered_display": "100", "missing_lines": 0, "excluded_lines": 0, "num_branches": 0, "num_partial_branches": 0, "covered_branches": 0, "missing_branches": 0}, "missing_lines": [], "excluded_lines": [], "executed_branches": [], "missing_branches": []}, "src\\models\\content_audit_models.py": {"executed_lines": [1, 3, 4, 6, 9, 10, 12, 13, 14, 15, 16, 19, 20, 22, 23, 24, 25, 26, 27, 28, 29, 30, 31, 34, 35, 37, 38, 39, 40, 43, 44, 46, 47, 48, 49, 50, 53, 54, 55, 60, 61, 62, 65, 66, 67, 70, 71, 74, 77, 78, 83, 84, 86, 87, 88, 89, 90, 93, 96, 97, 99, 100, 101, 102, 105, 106, 108, 109, 110, 111, 112, 113, 116, 117, 119, 120, 121, 122, 123, 126, 127, 129, 130, 131, 132, 135, 136, 138, 139, 140, 141, 144, 145, 148, 153, 156, 161, 166, 170, 174, 178, 183, 186, 191, 195, 199, 204, 205, 206, 210, 211], "summary": {"covered_lines": 100, "num_statements": 100, "percent_covered": 100.0, "percent_covered_display": "100", "missing_lines": 0, "excluded_lines": 0, "num_branches": 0, "num_partial_branches": 0, "covered_branches": 0, "missing_branches": 0}, "missing_lines": [], "excluded_lines": [], "executed_branches": [], "missing_branches": []}, "src\\models\\content_calendar_models.py": {"executed_lines": [1, 3, 4, 6, 9, 10, 12, 13, 14, 15, 16, 17, 18, 21, 22, 24, 25, 26, 27, 28, 31, 32, 34, 35, 36, 37, 38, 39, 42, 43, 45, 46, 47, 50, 51, 52, 55, 60, 61, 62, 65, 68, 71, 72, 74, 75, 76, 79, 80, 83, 84, 86, 87, 88, 92, 95, 98, 99, 101, 102, 103, 104, 105, 108, 109, 114, 117, 120, 125, 130, 135, 136, 137, 143, 148, 152, 156, 161, 165, 168, 172, 176, 177], "summary": {"covered_lines": 75, "num_statements": 75, "percent_covered": 100.0, "percent_covered_display": "100", "missing_lines": 0, "excluded_lines": 0, "num_branches": 0, "num_partial_branches": 0, "covered_branches": 0, "missing_branches": 0}, "missing_lines": [], "excluded_lines": [], "executed_branches": [], "missing_branches": []}, "src\\models\\content_gap_models.py": {"executed_lines": [1, 3, 4, 6, 9, 10, 12, 13, 14, 15, 18, 19, 21, 22, 23, 24, 25, 26, 29, 30, 32, 33, 34, 37, 38, 39, 44, 45, 46, 49, 50, 53, 56, 57, 59, 60, 61, 64, 65, 70, 71, 73, 74, 75, 76, 79, 82, 83, 85, 86, 87, 90, 93, 94, 96, 97, 98, 101, 106, 111, 116, 121, 126, 131, 136, 141, 142, 143, 148, 152, 156, 157], "summary": {"covered_lines": 64, "num_statements": 64, "percent_covered": 100.0, "percent_covered_display": "100", "missing_lines": 0, "excluded_lines": 0, "num_branches": 0, "num_partial_branches": 0, "covered_branches": 0, "missing_branches": 0}, "missing_lines": [], "excluded_lines": [], "executed_branches": [], "missing_branches": []}, "src\\models\\icp_workshop_models.py": {"executed_lines": [1, 7, 8, 10, 13, 14, 16, 17, 18, 19, 20, 21, 24, 29, 30, 32, 33, 36, 37, 40, 43, 44, 46, 47, 50, 51, 54, 59, 60, 62, 65, 68, 69, 72, 77, 78, 80, 83, 84, 85, 88, 93, 94, 97, 98, 102, 105, 108, 111, 114, 117, 122, 125, 128, 131, 136, 137, 139, 140, 141, 144], "summary": {"covered_lines": 53, "num_statements": 53, "percent_covered": 98.18181818181819, "percent_covered_display": "98", "missing_lines": 0, "excluded_lines": 0, "num_branches": 2, "num_partial_branches": 1, "covered_branches": 1, "missing_branches": 1}, "missing_lines": [], "excluded_lines": [], "executed_branches": [[98, 98], [98, 102]], "missing_branches": [[98, -98]]}, "src\\models\\market_trends_models.py": {"executed_lines": [1, 3, 4, 6, 9, 10, 12, 13, 14, 15, 16, 19, 20, 22, 23, 24, 27, 28, 30, 31, 32, 33, 36, 37, 40, 41, 42, 45, 48, 51, 52, 54, 55, 56, 57, 60, 61, 63, 64, 65, 66, 67, 70, 71, 73, 74, 75, 76, 79, 80, 82, 83, 84, 87, 92, 95, 100, 105, 110, 114, 119, 120, 123, 125, 126], "summary": {"covered_lines": 57, "num_statements": 57, "percent_covered": 100.0, "percent_covered_display": "100", "missing_lines": 0, "excluded_lines": 0, "num_branches": 0, "num_partial_branches": 0, "covered_branches": 0, "missing_branches": 0}, "missing_lines": [], "excluded_lines": [], "executed_branches": [], "missing_branches": []}, "src\\models\\platform_strategy_models.py": {"executed_lines": [1, 3, 4, 6, 9, 10, 12, 13, 14, 15, 16, 17, 18, 19, 20, 21, 22, 25, 26, 28, 29, 30, 31, 32, 33, 34, 37, 38, 40, 41, 42, 43, 46, 47, 49, 50, 51, 52, 53, 54, 57, 58, 60, 61, 62, 65, 66, 69, 72, 73, 76, 77, 78, 79, 82, 83, 85, 88, 91, 94, 97, 100, 101, 103, 104, 107, 108, 111, 112, 114, 115, 116, 117, 120, 121, 123, 124, 125, 126, 129, 130, 133, 138, 143, 148, 151, 154, 159, 163, 167, 172, 176, 180, 181], "summary": {"covered_lines": 84, "num_statements": 84, "percent_covered": 100.0, "percent_covered_display": "100", "missing_lines": 0, "excluded_lines": 0, "num_branches": 0, "num_partial_branches": 0, "covered_branches": 0, "missing_branches": 0}, "missing_lines": [], "excluded_lines": [], "executed_branches": [], "missing_branches": []}, "src\\models\\post.py": {"executed_lines": [1, 3, 4, 6, 8, 11, 12, 15, 16, 17, 18, 21, 22, 23, 26, 31, 34, 37, 40, 41, 44, 45, 47, 48, 49, 55, 68, 69, 88, 93], "summary": {"covered_lines": 28, "num_statements": 54, "percent_covered": 45.0, "percent_covered_display": "45", "missing_lines": 26, "excluded_lines": 0, "num_branches": 26, "num_partial_branches": 0, "covered_branches": 8, "missing_branches": 18}, "missing_lines": [51, 52, 53, 57, 59, 60, 61, 62, 65, 66, 71, 72, 86, 90, 91, 95, 97, 98, 99, 102, 103, 104, 105, 106, 107, 109], "excluded_lines": [], "executed_branches": [[47, 48], [47, 49], [48, 47], [48, 49], [49, 48], [49, 55], [69, 68], [69, 88]], "missing_branches": [[51, 52], [51, 53], [57, -55], [57, 59], [59, 60], [59, 61], [61, 62], [61, 65], [65, -55], [65, 66], [86, -86], [86, -68], [97, 98], [97, 109], [103, 104], [103, 105], [106, 107], [106, 109]]}, "src\\models\\posting_schedule.py": {"executed_lines": [], "summary": {"covered_lines": 0, "num_statements": 94, "percent_covered": 0.0, "percent_covered_display": "0", "missing_lines": 94, "excluded_lines": 0, "num_branches": 24, "num_partial_branches": 0, "covered_branches": 0, "missing_branches": 24}, "missing_lines": [2, 3, 4, 5, 6, 8, 11, 14, 15, 16, 17, 18, 19, 20, 23, 38, 39, 40, 41, 42, 43, 44, 45, 46, 49, 66, 67, 68, 69, 70, 71, 72, 73, 75, 77, 78, 79, 82, 83, 85, 86, 87, 88, 89, 91, 92, 93, 94, 97, 101, 102, 103, 104, 108, 109, 110, 111, 112, 113, 114, 116, 119, 120, 121, 123, 125, 126, 127, 130, 131, 144, 146, 148, 149, 151, 152, 153, 155, 156, 157, 158, 160, 161, 162, 163, 164, 165, 166, 167, 168, 169, 170, 172, 173], "excluded_lines": [], "executed_branches": [], "missing_branches": [[86, 87], [86, 91], [87, 88], [87, 89], [91, 92], [91, 108], [101, 91], [101, 102], [109, 110], [109, 116], [112, 113], [112, 116], [114, -114], [114, 116], [119, 120], [119, 121], [125, 126], [125, 144], [130, 125], [130, 131], [160, 161], [160, 172], [168, 169], [168, 170]]}, "src\\models\\project.py": {"executed_lines": [], "summary": {"covered_lines": 0, "num_statements": 116, "percent_covered": 0.0, "percent_covered_display": "0", "missing_lines": 116, "excluded_lines": 0, "num_branches": 22, "num_partial_branches": 0, "covered_branches": 0, "missing_branches": 22}, "missing_lines": [6, 7, 8, 10, 13, 16, 17, 18, 21, 24, 25, 26, 27, 30, 33, 36, 37, 38, 39, 40, 41, 42, 43, 45, 47, 59, 60, 62, 63, 64, 67, 70, 71, 72, 73, 74, 75, 76, 77, 79, 81, 94, 97, 98, 99, 100, 101, 102, 103, 104, 105, 107, 109, 120, 121, 123, 124, 125, 126, 127, 128, 130, 132, 133, 135, 137, 138, 141, 144, 145, 146, 147, 148, 149, 151, 152, 154, 156, 157, 159, 161, 162, 164, 166, 168, 169, 170, 172, 174, 175, 176, 178, 180, 190, 191, 194, 195, 198, 201, 202, 203, 204, 205, 206, 207, 209, 211, 212, 213, 215, 216, 217, 218, 220, 221, 223], "excluded_lines": [], "executed_branches": [], "missing_branches": [[60, -30], [60, 59], [121, 120], [121, 130], [124, 125], [124, 126], [152, 151], [152, 156], [157, 156], [157, 161], [162, 161], [162, 166], [169, -166], [169, 170], [191, -141], [191, 190], [215, 216], [215, 220], [217, 218], [217, 220], [220, 221], [220, 223]]}, "src\\models\\qa_report.py": {"executed_lines": [], "summary": {"covered_lines": 0, "num_statements": 123, "percent_covered": 0.0, "percent_covered_display": "0", "missing_lines": 123, "excluded_lines": 0, "num_branches": 43, "num_partial_branches": 0, "covered_branches": 0, "missing_branches": 43}, "missing_lines": [6, 7, 9, 12, 16, 17, 18, 23, 24, 27, 28, 29, 30, 31, 36, 37, 41, 48, 51, 52, 53, 54, 55, 56, 59, 60, 61, 62, 63, 64, 67, 68, 69, 70, 71, 72, 73, 74, 75, 76, 77, 78, 81, 82, 83, 84, 85, 86, 87, 88, 89, 90, 95, 96, 97, 98, 99, 100, 101, 104, 105, 106, 107, 108, 109, 110, 111, 112, 113, 114, 115, 116, 117, 118, 119, 120, 121, 122, 125, 126, 127, 128, 129, 132, 133, 134, 135, 136, 137, 138, 139, 142, 145, 146, 147, 148, 151, 152, 155, 156, 157, 158, 159, 160, 161, 162, 163, 166, 167, 168, 169, 170, 173, 174, 175, 176, 177, 178, 181, 183, 185, 192, 193], "excluded_lines": [], "executed_branches": [], "missing_branches": [[73, 74], [73, 78], [76, 77], [76, 78], [87, 88], [87, 96], [90, -90], [90, 95], [90, 96], [96, 97], [96, 101], [99, 100], [99, 101], [111, 112], [111, 117], [114, 115], [114, 117], [115, 114], [115, 116], [117, 118], [117, 122], [120, 121], [120, 122], [133, 134], [133, 138], [136, 137], [136, 138], [145, 146], [145, 166], [156, 157], [156, 161], [159, 160], [159, 161], [166, 167], [166, 183], [169, 170], [169, 173], [173, 174], [173, 175], [175, 176], [175, 177], [177, 178], [177, 181]]}, "src\\models\\quality_profile.py": {"executed_lines": [], "summary": {"covered_lines": 0, "num_statements": 54, "percent_covered": 0.0, "percent_covered_display": "0", "missing_lines": 54, "excluded_lines": 0, "num_branches": 20, "num_partial_branches": 0, "covered_branches": 0, "missing_branches": 20}, "missing_lines": [8, 11, 35, 36, 39, 45, 50, 51, 54, 60, 63, 64, 66, 67, 69, 70, 73, 75, 76, 78, 79, 82, 84, 87, 102, 104, 106, 107, 120, 121, 123, 124, 125, 127, 128, 129, 130, 131, 132, 133, 134, 136, 142, 143, 145, 146, 148, 149, 153, 229, 241, 242, 243, 244], "excluded_lines": [], "executed_branches": [], "missing_branches": [[67, 66], [67, 75], [69, 70], [69, 73], [76, 75], [76, 84], [78, 79], [78, 82], [107, 106], [107, 136], [124, 125], [124, 127], [128, 129], [128, 130], [131, 132], [131, 133], [148, -136], [148, 149], [241, 242], [241, 244]]}, "src\\models\\question.py": {"executed_lines": [], "summary": {"covered_lines": 0, "num_statements": 23, "percent_covered": 0.0, "percent_covered_display": "0", "missing_lines": 23, "excluded_lines": 0, "num_branches": 4, "num_partial_branches": 0, "covered_branches": 0, "missing_branches": 4}, "missing_lines": [3, 4, 6, 9, 12, 13, 14, 15, 18, 21, 22, 23, 24, 25, 26, 28, 39, 41, 42, 44, 46, 47, 49], "excluded_lines": [], "executed_branches": [], "missing_branches": [[41, 42], [41, 44], [46, 47], [46, 49]]}, "src\\models\\research_models.py": {"executed_lines": [1, 3, 4, 6, 9, 10, 12, 13, 14, 15, 16, 17, 18, 19, 20, 21, 22, 23, 26, 27, 29, 30, 31, 32, 33, 34, 35, 36, 37, 38, 41, 42, 44, 45, 46, 47, 48, 49, 52, 53, 55, 56, 57, 58, 59, 60, 63, 64, 66, 67, 68, 69, 70, 73, 74, 76, 77, 78, 81, 82, 84, 85, 86, 89, 90, 92, 93, 94, 97, 98, 101, 104, 105, 106, 107, 110, 113, 114, 115, 118, 119, 120, 123, 124, 125, 128, 129, 132, 133, 134, 135, 138, 139, 142, 143, 144, 147, 148, 150, 153, 154, 157, 160, 161, 164], "summary": {"covered_lines": 94, "num_statements": 94, "percent_covered": 100.0, "percent_covered_display": "100", "missing_lines": 0, "excluded_lines": 0, "num_branches": 0, "num_partial_branches": 0, "covered_branches": 0, "missing_branches": 0}, "missing_lines": [], "excluded_lines": [], "executed_branches": [], "missing_branches": []}, "src\\models\\seo_keyword.py": {"executed_lines": [], "summary": {"covered_lines": 0, "num_statements": 51, "percent_covered": 0.0, "percent_covered_display": "0", "missing_lines": 51, "excluded_lines": 0, "num_branches": 0, "num_partial_branches": 0, "covered_branches": 0, "missing_branches": 0}, "missing_lines": [6, 7, 9, 12, 15, 16, 17, 18, 21, 24, 25, 26, 29, 32, 33, 34, 35, 38, 41, 42, 45, 49, 54, 59, 64, 67, 71, 73, 75, 77, 79, 81, 84, 87, 88, 89, 92, 93, 96, 99, 100, 103, 106, 109, 114, 115, 116, 119, 120, 122, 124], "excluded_lines": [], "executed_branches": [], "missing_branches": []}, "src\\models\\seo_models.py": {"executed_lines": [1, 3, 4, 6, 9, 10, 12, 13, 14, 15, 18, 19, 21, 22, 23, 26, 27, 29, 30, 31, 32, 33, 34, 35, 36, 41, 42, 44, 45, 46, 47, 50, 53, 54, 56, 57, 60, 63, 66, 67, 69, 70, 71, 74, 79, 84, 89, 94, 99, 104, 106, 107], "summary": {"covered_lines": 45, "num_statements": 45, "percent_covered": 100.0, "percent_covered_display": "100", "missing_lines": 0, "excluded_lines": 0, "num_branches": 0, "num_partial_branches": 0, "covered_branches": 0, "missing_branches": 0}, "missing_lines": [], "excluded_lines": [], "executed_branches": [], "missing_branches": []}, "src\\models\\story_mining_models.py": {"executed_lines": [1, 7, 8, 10, 13, 14, 16, 17, 18, 19, 20, 23, 28, 29, 31, 32, 35, 36, 39, 40, 45, 46, 48, 49, 52, 55, 56, 59, 64, 65, 67, 68, 71, 72, 75, 78, 81, 82, 84, 87, 90, 91, 92, 95, 100, 101, 103, 106, 109, 112, 115, 120, 121, 123, 126, 127, 128, 133, 134, 137, 138, 142, 145, 148, 149, 150, 153, 154, 157, 162, 165, 168, 173, 174, 176, 177, 178, 181, 184], "summary": {"covered_lines": 69, "num_statements": 69, "percent_covered": 98.59154929577464, "percent_covered_display": "99", "missing_lines": 0, "excluded_lines": 0, "num_branches": 2, "num_partial_branches": 1, "covered_branches": 1, "missing_branches": 1}, "missing_lines": [], "excluded_lines": [], "executed_branches": [[138, 138], [138, 142]], "missing_branches": [[138, -138]]}, "src\\models\\template.py": {"executed_lines": [], "summary": {"covered_lines": 0, "num_statements": 52, "percent_covered": 0.0, "percent_covered_display": "0", "missing_lines": 52, "excluded_lines": 0, "num_branches": 10, "num_partial_branches": 0, "covered_branches": 0, "missing_branches": 10}, "missing_lines": [2, 3, 5, 8, 11, 12, 13, 16, 19, 20, 21, 22, 23, 24, 25, 26, 27, 28, 29, 30, 31, 32, 33, 36, 40, 41, 42, 45, 46, 49, 50, 53, 54, 55, 58, 62, 64, 66, 67, 68, 69, 70, 71, 73, 75, 77, 79, 80, 81, 82, 84, 85], "excluded_lines": [], "executed_branches": [], "missing_branches": [[66, 67], [66, 68], [68, 69], [68, 70], [70, 71], [70, 73], [79, 80], [79, 81], [81, 82], [81, 84]]}, "src\\models\\voice_guide.py": {"executed_lines": [], "summary": {"covered_lines": 0, "num_statements": 147, "percent_covered": 0.0, "percent_covered_display": "0", "missing_lines": 147, "excluded_lines": 0, "num_branches": 76, "num_partial_branches": 0, "covered_branches": 0, "missing_branches": 76}, "missing_lines": [3, 4, 6, 9, 12, 13, 14, 15, 18, 22, 23, 24, 27, 28, 33, 36, 39, 42, 47, 48, 51, 56, 57, 58, 61, 67, 70, 73, 78, 81, 84, 87, 90, 91, 96, 99, 103, 105, 108, 109, 112, 115, 116, 117, 118, 120, 121, 122, 125, 126, 128, 129, 131, 132, 133, 136, 137, 138, 139, 140, 141, 142, 143, 145, 147, 148, 149, 150, 152, 153, 155, 156, 157, 159, 160, 161, 163, 164, 165, 167, 170, 171, 172, 173, 174, 177, 178, 181, 182, 183, 184, 185, 186, 187, 189, 192, 193, 194, 195, 197, 198, 200, 201, 202, 203, 204, 205, 207, 208, 209, 210, 211, 212, 215, 216, 217, 218, 219, 222, 223, 224, 225, 226, 227, 229, 230, 231, 232, 234, 237, 238, 240, 241, 242, 243, 245, 246, 247, 248, 250, 251, 252, 253, 254, 256, 257, 261], "excluded_lines": [], "executed_branches": [], "missing_branches": [[116, 117], [116, 120], [125, 126], [125, 167], [128, 129], [128, 131], [131, 132], [131, 147], [136, 137], [136, 138], [138, 139], [138, 140], [140, 141], [140, 142], [142, 143], [142, 145], [147, 148], [147, 152], [152, 153], [152, 167], [156, 157], [156, 159], [160, 161], [160, 163], [164, 165], [164, 167], [170, 171], [170, 181], [173, 174], [173, 181], [177, 173], [177, 178], [181, 182], [181, 192], [185, 186], [185, 189], [186, 185], [186, 187], [192, 193], [192, 215], [200, 201], [200, 207], [201, -201], [201, 202], [203, 204], [203, 207], [204, 203], [204, 205], [207, 208], [207, 215], [208, -208], [208, 209], [210, 211], [210, 215], [211, 210], [211, 212], [215, 216], [215, 222], [218, 219], [218, 222], [229, 230], [229, 231], [231, 232], [231, 234], [240, 241], [240, 245], [242, 243], [242, 245], [245, 246], [245, 250], [247, 248], [247, 250], [250, 251], [250, 256], [253, 254], [253, 256]]}, "src\\models\\voice_sample.py": {"executed_lines": [], "summary": {"covered_lines": 0, "num_statements": 145, "percent_covered": 0.0, "percent_covered_display": "0", "missing_lines": 145, "excluded_lines": 0, "num_branches": 86, "num_partial_branches": 0, "covered_branches": 0, "missing_branches": 86}, "missing_lines": [8, 9, 11, 14, 17, 18, 19, 20, 21, 22, 23, 25, 26, 27, 29, 30, 31, 32, 34, 35, 36, 38, 39, 40, 41, 42, 44, 45, 47, 48, 49, 51, 53, 63, 64, 66, 67, 68, 71, 74, 75, 76, 77, 78, 81, 84, 85, 86, 87, 90, 91, 92, 93, 96, 97, 98, 101, 102, 104, 105, 106, 107, 108, 109, 110, 111, 113, 115, 116, 118, 119, 120, 121, 122, 123, 125, 127, 129, 140, 147, 148, 149, 150, 151, 152, 153, 154, 155, 156, 159, 160, 161, 162, 163, 164, 167, 168, 169, 170, 171, 172, 175, 176, 177, 178, 179, 180, 183, 195, 197, 199, 220, 223, 224, 225, 226, 228, 230, 232, 234, 235, 237, 239, 240, 242, 243, 244, 246, 247, 249, 251, 254, 255, 257, 258, 260, 262, 264, 265, 266, 267, 268, 269, 270, 271], "excluded_lines": [], "executed_branches": [], "missing_branches": [[25, 26], [25, 27], [26, 25], [26, 27], [27, 26], [27, 34], [30, 31], [30, 32], [34, 35], [34, 36], [35, 34], [35, 36], [36, 35], [36, 44], [38, 39], [38, 40], [40, 41], [40, 42], [45, 44], [45, 51], [47, 48], [47, 49], [64, -14], [64, 63], [66, 67], [66, 68], [102, 101], [102, 115], [104, 105], [104, 106], [106, 107], [106, 108], [108, 109], [108, 110], [110, 111], [110, 113], [116, 115], [116, 127], [118, 119], [118, 120], [120, 121], [120, 122], [122, 123], [122, 125], [147, 148], [147, 159], [148, 147], [148, 149], [151, 152], [151, 156], [154, 155], [154, 156], [159, 160], [159, 167], [162, 163], [162, 164], [167, 168], [167, 175], [170, 171], [170, 172], [175, 176], [175, 183], [178, 179], [178, 180], [232, -232], [232, -228], [235, 234], [235, 239], [240, 239], [240, 246], [242, 243], [242, 244], [247, 246], [247, 251], [249, -249], [249, -246], [254, 255], [254, 257], [257, 258], [257, 260], [265, 266], [265, 267], [267, 268], [267, 269], [269, 270], [269, 271]]}, "src\\utils\\__init__.py": {"executed_lines": [1], "summary": {"covered_lines": 0, "num_statements": 0, "percent_covered": 100.0, "percent_covered_display": "100", "missing_lines": 0, "excluded_lines": 0, "num_branches": 0, "num_partial_branches": 0, "covered_branches": 0, "missing_branches": 0}, "missing_lines": [], "excluded_lines": [], "executed_branches": [], "missing_branches": []}, "src\\utils\\analytics_tracker.py": {"executed_lines": [], "summary": {"covered_lines": 0, "num_statements": 109, "percent_covered": 0.0, "percent_covered_display": "0", "missing_lines": 109, "excluded_lines": 0, "num_branches": 30, "num_partial_branches": 0, "covered_branches": 0, "missing_branches": 30}, "missing_lines": [3, 4, 5, 7, 8, 9, 11, 12, 13, 14, 16, 17, 18, 21, 25, 44, 47, 66, 68, 69, 70, 71, 72, 77, 78, 79, 81, 83, 85, 87, 88, 91, 94, 96, 102, 131, 133, 134, 136, 138, 141, 144, 145, 148, 153, 154, 157, 158, 159, 160, 161, 162, 165, 167, 173, 176, 179, 184, 185, 188, 189, 192, 195, 198, 199, 208, 209, 212, 213, 214, 215, 220, 221, 223, 224, 226, 227, 231, 232, 234, 235, 237, 238, 240, 241, 243, 244, 246, 247, 249, 250, 251, 254, 255, 258, 259, 262, 263, 265, 273, 274, 277, 279, 280, 284, 287, 290, 291, 292], "excluded_lines": [], "executed_branches": [], "missing_branches": [[68, 69], [68, 70], [70, 71], [70, 81], [71, 72], [71, 79], [87, 88], [87, 133], [94, 87], [94, 96], [96, -96], [96, 102], [157, 158], [157, 165], [165, 167], [165, 208], [167, -167], [167, 173], [184, 185], [184, 188], [188, 189], [188, 192], [208, 209], [208, 212], [254, 255], [254, 258], [273, 274], [273, 277], [290, 291], [290, 292]]}, "src\\utils\\anthropic_client.py": {"executed_lines": [1, 7, 8, 9, 10, 11, 12, 14, 16, 22, 23, 24, 30, 31, 32, 35, 36, 37, 39, 40, 41, 42, 43, 44, 45, 46, 47, 49, 64, 65, 67, 119, 153, 198, 270, 275, 474, 673, 693, 730, 769, 814, 833, 866, 869], "summary": {"covered_lines": 42, "num_statements": 286, "percent_covered": 10.75794621026895, "percent_covered_display": "11", "missing_lines": 244, "excluded_lines": 0, "num_branches": 123, "num_partial_branches": 0, "covered_branches": 2, "missing_branches": 121}, "missing_lines": [51, 59, 60, 61, 85, 86, 87, 88, 90, 91, 93, 94, 97, 98, 100, 111, 114, 115, 116, 117, 128, 129, 132, 133, 139, 141, 148, 149, 151, 159, 160, 172, 173, 174, 177, 179, 219, 220, 222, 223, 224, 225, 226, 227, 228, 229, 230, 233, 234, 235, 236, 244, 246, 258, 259, 262, 263, 266, 268, 272, 273, 307, 308, 310, 311, 314, 315, 316, 317, 320, 321, 322, 323, 325, 328, 332, 334, 335, 337, 346, 347, 348, 349, 351, 354, 355, 358, 359, 360, 373, 374, 377, 378, 381, 383, 385, 387, 388, 389, 392, 400, 405, 407, 408, 409, 412, 421, 428, 429, 430, 431, 433, 435, 436, 439, 448, 449, 452, 455, 456, 457, 458, 459, 466, 467, 469, 470, 472, 506, 507, 509, 510, 513, 514, 515, 516, 519, 520, 521, 522, 524, 527, 531, 533, 534, 536, 545, 546, 547, 548, 550, 553, 554, 557, 558, 559, 572, 573, 576, 577, 580, 582, 584, 586, 587, 588, 591, 599, 604, 606, 607, 608, 611, 620, 627, 628, 629, 630, 632, 634, 635, 638, 647, 648, 651, 654, 655, 656, 657, 658, 665, 666, 668, 669, 671, 684, 685, 687, 689, 712, 713, 716, 718, 726, 728, 749, 750, 753, 755, 763, 765, 778, 781, 782, 783, 784, 785, 786, 789, 790, 791, 794, 795, 796, 798, 799, 800, 803, 804, 807, 808, 810, 812, 826, 828, 831, 845, 847, 849, 860, 862, 872, 873, 874], "excluded_lines": [], "executed_branches": [[35, 36], [35, 37]], "missing_branches": [[59, 60], [59, 61], [90, 91], [90, 93], [97, 98], [97, 100], [132, 133], [132, 141], [159, 160], [159, 172], [173, 174], [173, 177], [222, 223], [222, 225], [225, 226], [225, 228], [228, 229], [228, 233], [234, 235], [234, 246], [262, 263], [262, 266], [310, 311], [310, 314], [314, 315], [314, 320], [316, 317], [316, 320], [320, -320], [320, 321], [321, 322], [321, 323], [334, 335], [334, 452], [346, 347], [346, 348], [348, 349], [348, 351], [354, 355], [354, 385], [358, 359], [358, 377], [377, 378], [377, 381], [387, 388], [387, 407], [407, 408], [407, 435], [428, 429], [428, 433], [430, 431], [430, 433], [455, 456], [455, 469], [469, 470], [469, 472], [509, 510], [509, 513], [513, 514], [513, 519], [515, 516], [515, 519], [519, -519], [519, 520], [520, 521], [520, 522], [533, 534], [533, 651], [545, 546], [545, 547], [547, 548], [547, 550], [553, 554], [553, 584], [557, 558], [557, 576], [576, 577], [576, 580], [586, 587], [586, 606], [606, 607], [606, 634], [627, 628], [627, 632], [629, 630], [629, 632], [654, 655], [654, 668], [668, 669], [668, 671], [684, 685], [684, 687], [712, 713], [712, 716], [749, 750], [749, 753], [782, 783], [782, 789], [783, 782], [783, 784], [785, 782], [785, 786], [789, 790], [789, 812], [790, 791], [790, 794], [794, 795], [794, 803], [795, 796], [795, 798], [798, -798], [798, 799], [798, 800], [803, 804], [803, 807], [807, 808], [807, 810], [826, 828], [826, 831], [872, 873], [872, 874]]}, "src\\utils\\connection_diagnostics.py": {"executed_lines": [1, 11, 12, 13, 14, 15, 16, 17, 18, 20, 23, 24, 26, 27, 28, 29, 30, 31, 32, 33, 34, 35, 36, 37, 38, 41, 42, 43, 45, 46, 47, 48, 49, 52, 53, 54, 55, 58, 59, 60, 61, 62, 65, 66, 67, 70, 71, 73, 103, 179, 180, 182, 183, 185, 193, 212, 233, 272, 329, 414, 498, 501, 509, 538], "summary": {"covered_lines": 60, "num_statements": 204, "percent_covered": 22.22222222222222, "percent_covered_display": "22", "missing_lines": 144, "excluded_lines": 0, "num_branches": 75, "num_partial_branches": 0, "covered_branches": 2, "missing_branches": 73}, "missing_lines": [75, 105, 118, 119, 121, 128, 129, 131, 138, 139, 140, 141, 142, 143, 144, 145, 147, 156, 157, 163, 164, 166, 167, 175, 176, 191, 202, 203, 204, 205, 206, 207, 208, 209, 210, 222, 223, 224, 225, 226, 227, 228, 229, 230, 231, 245, 246, 247, 248, 249, 250, 251, 252, 254, 255, 257, 258, 259, 260, 261, 262, 263, 264, 265, 266, 267, 268, 269, 270, 281, 282, 285, 286, 289, 290, 292, 293, 295, 296, 299, 300, 301, 302, 305, 306, 308, 309, 312, 313, 316, 317, 320, 321, 324, 325, 327, 338, 412, 434, 442, 443, 444, 446, 449, 450, 451, 452, 455, 456, 457, 458, 461, 462, 463, 464, 465, 467, 470, 471, 472, 473, 476, 477, 478, 479, 482, 483, 484, 485, 486, 487, 488, 489, 490, 491, 492, 494, 504, 505, 506, 528, 529, 544, 545], "excluded_lines": [], "executed_branches": [[41, 42], [41, 43]], "missing_branches": [[118, 119], [118, 121], [128, 129], [128, 131], [138, 139], [138, 140], [140, 141], [140, 142], [142, 143], [142, 144], [144, 145], [144, 147], [156, 157], [156, 166], [163, 164], [163, 166], [166, 167], [166, 175], [248, -233], [248, 249], [249, 248], [249, 250], [252, 254], [252, 262], [255, 257], [255, 262], [263, 264], [263, 267], [285, 286], [285, 289], [289, 290], [289, 292], [292, 293], [292, 295], [295, 296], [295, 299], [299, 300], [299, 305], [300, 301], [300, 302], [305, 306], [305, 308], [308, 309], [308, 312], [312, 313], [312, 316], [316, 317], [316, 320], [320, -320], [320, 321], [320, 324], [324, 325], [324, 327], [455, 456], [455, 467], [461, 462], [461, 467], [470, 471], [470, 482], [476, 477], [476, 478], [478, 479], [478, 482], [482, 483], [482, 484], [484, 485], [484, 487], [487, 488], [487, 490], [490, 491], [490, 494], [504, 505], [504, 506]]}, "src\\utils\\cost_dashboard.py": {"executed_lines": [], "summary": {"covered_lines": 0, "num_statements": 146, "percent_covered": 0.0, "percent_covered_display": "0", "missing_lines": 146, "excluded_lines": 0, "num_branches": 30, "num_partial_branches": 0, "covered_branches": 0, "missing_branches": 30}, "missing_lines": [23, 24, 25, 27, 28, 29, 31, 32, 35, 38, 44, 45, 47, 53, 55, 56, 57, 60, 61, 63, 80, 82, 85, 86, 87, 92, 99, 101, 102, 103, 106, 110, 111, 112, 113, 114, 115, 117, 118, 127, 129, 131, 133, 134, 135, 138, 140, 141, 142, 143, 144, 145, 147, 148, 149, 150, 152, 153, 155, 156, 157, 158, 160, 170, 171, 180, 183, 184, 188, 201, 203, 204, 205, 207, 221, 222, 224, 234, 235, 237, 238, 239, 241, 243, 245, 246, 248, 249, 250, 251, 252, 253, 254, 255, 259, 260, 261, 262, 264, 265, 267, 268, 269, 270, 271, 272, 273, 282, 283, 285, 286, 287, 288, 289, 291, 292, 293, 295, 296, 297, 306, 307, 309, 310, 312, 314, 316, 317, 318, 319, 320, 321, 323, 324, 325, 327, 333, 334, 335, 337, 341, 343, 344, 347, 349, 350], "excluded_lines": [], "executed_branches": [], "missing_branches": [[55, 56], [55, 60], [85, -47], [85, 86], [101, 102], [101, 106], [117, 118], [117, 127], [133, 134], [133, 138], [152, 153], [152, 170], [203, 204], [203, 207], [241, 243], [241, 282], [245, 246], [245, 248], [267, 268], [267, 306], [272, 273], [272, 306], [295, 296], [295, 306], [306, 307], [306, 309], [316, 317], [316, 318], [318, 319], [318, 323]]}, "src\\utils\\cost_tracker.py": {"executed_lines": [1, 26, 27, 28, 29, 30, 31, 33, 37, 65, 66, 67, 69, 70, 71, 72, 73, 74, 75, 76, 77, 78, 80, 87, 88, 89, 91, 92, 93, 94, 95, 96, 97, 98, 99, 101, 109, 110, 112, 127, 173, 239, 274, 332, 378, 401, 454, 482, 517, 552, 555], "summary": {"covered_lines": 47, "num_statements": 154, "percent_covered": 28.021978021978022, "percent_covered_display": "28", "missing_lines": 107, "excluded_lines": 0, "num_branches": 28, "num_partial_branches": 0, "covered_branches": 4, "missing_branches": 24}, "missing_lines": [82, 83, 84, 103, 104, 105, 106, 118, 119, 121, 122, 124, 125, 129, 130, 133, 151, 152, 155, 170, 171, 197, 201, 202, 204, 225, 226, 227, 229, 235, 237, 259, 260, 261, 263, 265, 272, 283, 284, 286, 303, 304, 306, 308, 320, 341, 342, 344, 358, 359, 360, 375, 376, 384, 385, 387, 396, 397, 399, 413, 414, 416, 417, 419, 420, 421, 422, 423, 424, 426, 428, 442, 443, 445, 462, 463, 465, 474, 475, 477, 484, 485, 488, 497, 498, 500, 501, 503, 506, 507, 510, 511, 512, 525, 526, 527, 533, 534, 536, 537, 544, 545, 546, 548, 558, 559, 560], "excluded_lines": [], "executed_branches": [[65, 66], [65, 67], [87, 88], [87, 89]], "missing_branches": [[118, 119], [118, 121], [259, 260], [259, 263], [306, 308], [306, 320], [359, 360], [359, 375], [419, 420], [419, 422], [422, 423], [422, 426], [500, 501], [500, 503], [510, -482], [510, 511], [525, 526], [525, 533], [536, 537], [536, 544], [545, 546], [545, 548], [558, 559], [558, 560]]}, "src\\utils\\docx_generator.py": {"executed_lines": [], "summary": {"covered_lines": 0, "num_statements": 198, "percent_covered": 0.0, "percent_covered_display": "0", "missing_lines": 198, "excluded_lines": 2, "num_branches": 68, "num_partial_branches": 0, "covered_branches": 0, "missing_branches": 68}, "missing_lines": [7, 8, 9, 15, 16, 17, 18, 21, 28, 31, 33, 34, 36, 71, 74, 77, 80, 83, 84, 85, 87, 88, 90, 91, 93, 94, 97, 98, 100, 101, 103, 106, 107, 109, 112, 113, 114, 115, 116, 117, 120, 121, 122, 123, 124, 125, 128, 129, 130, 131, 132, 133, 135, 138, 139, 142, 143, 144, 145, 146, 147, 148, 151, 154, 155, 156, 157, 158, 161, 162, 165, 166, 167, 168, 169, 170, 173, 175, 178, 181, 186, 189, 190, 193, 194, 197, 198, 201, 202, 205, 206, 209, 210, 211, 213, 216, 218, 226, 227, 230, 232, 235, 237, 242, 245, 246, 249, 250, 253, 254, 256, 259, 262, 265, 266, 269, 276, 277, 280, 281, 282, 283, 284, 285, 287, 288, 291, 293, 295, 298, 302, 303, 304, 305, 306, 307, 308, 309, 310, 311, 313, 314, 315, 316, 317, 319, 321, 324, 327, 328, 329, 330, 331, 332, 333, 334, 336, 337, 338, 340, 343, 345, 348, 351, 352, 353, 354, 355, 356, 357, 359, 362, 363, 364, 365, 367, 370, 373, 374, 375, 382, 383, 384, 391, 392, 393, 400, 401, 402, 404, 405, 407, 408, 415, 418, 421, 422, 423], "excluded_lines": [12, 13], "executed_branches": [], "missing_branches": [[87, 88], [87, 90], [90, 91], [90, 93], [93, 94], [93, 97], [112, 113], [112, 120], [120, 121], [120, 128], [128, -103], [128, 129], [226, 227], [226, 230], [245, -232], [245, 246], [249, 250], [249, 253], [253, 245], [253, 254], [276, 277], [276, 280], [281, 282], [281, 287], [283, 284], [283, 285], [302, -293], [302, 303], [303, 304], [303, 305], [305, 306], [305, 307], [307, 308], [307, 309], [309, 310], [309, 311], [311, 313], [311, 316], [316, 302], [316, 317], [327, -319], [327, 328], [328, 329], [328, 330], [330, 331], [330, 332], [332, 333], [332, 334], [334, 336], [334, 337], [337, 327], [337, 338], [356, 357], [356, 359], [373, 374], [373, 382], [382, 383], [382, 391], [391, 392], [391, 400], [400, -340], [400, 401], [404, 405], [404, 407], [407, -340], [407, 408], [421, 422], [421, 423]]}, "src\\utils\\enhanced_response_cache.py": {"executed_lines": [], "summary": {"covered_lines": 0, "num_statements": 169, "percent_covered": 0.0, "percent_covered_display": "0", "missing_lines": 169, "excluded_lines": 0, "num_branches": 58, "num_partial_branches": 0, "covered_branches": 0, "missing_branches": 58}, "missing_lines": [10, 11, 12, 13, 14, 16, 17, 20, 21, 23, 24, 25, 27, 28, 29, 32, 35, 36, 37, 38, 39, 40, 41, 42, 44, 46, 47, 48, 49, 51, 53, 54, 55, 56, 58, 60, 61, 62, 64, 66, 67, 68, 70, 88, 90, 91, 92, 93, 94, 95, 96, 99, 102, 110, 111, 113, 114, 115, 116, 117, 119, 121, 124, 127, 128, 130, 131, 132, 134, 136, 144, 145, 146, 147, 149, 159, 160, 161, 163, 164, 167, 168, 170, 172, 174, 175, 179, 181, 183, 184, 187, 199, 218, 221, 222, 224, 225, 226, 229, 230, 233, 236, 238, 244, 246, 248, 250, 251, 252, 253, 254, 256, 272, 273, 274, 275, 276, 280, 283, 284, 285, 287, 290, 291, 292, 293, 294, 297, 298, 299, 300, 301, 305, 306, 307, 
[...]
53, 159, 160, 162, 163, 165, 168, 171, 172, 173, 180, 182, 184, 186, 188, 189, 190, 192, 193, 195, 196, 197, 198, 200, 201, 202, 204, 206, 208, 209, 213, 215, 216, 218, 219, 220, 222, 225, 228, 235, 236, 237, 239, 241, 242, 243, 245, 247, 248, 249, 251, 253, 255, 261, 262, 266, 269, 273, 275, 277, 281, 282, 300, 301, 305, 306, 316, 317], "excluded_lines": [], "executed_branches": [], "missing_branches": [[103, 104], [103, 107], [107, 108], [107, 111], [123, 124], [123, 127], [127, 128], [127, 131], [134, -113], [134, 135], [150, -137], [150, 151], [162, -153], [162, 163], [171, 172], [171, 184], [192, 193], [192, 195], [195, 196], [195, 200], [200, 201], [200, 204], [208, 209], [208, 213], [215, 216], [215, 218], [218, 219], [218, 222], [247, 248], [247, 251], [282, 281], [282, 305], [300, -281], [300, 301], [306, -1], [306, 305], [316, -305], [316, 317]]}, "src\\utils\\response_cache.py": {"executed_lines": [1, 22, 23, 24, 25, 26, 28, 31, 32, 51, 64, 66, 67, 70, 72, 73, 74, 76, 77, 78, 79, 84, 113, 172, 205, 226], "summary": {"covered_lines": 24, "num_statements": 101, "percent_covered": 19.424460431654676, "percent_covered_display": "19", "missing_lines": 77, "excluded_lines": 0, "num_branches": 38, "num_partial_branches": 3, "covered_branches": 3, "missing_branches": 35}, "missing_lines": [68, 80, 81, 82, 101, 108, 111, 124, 125, 127, 128, 130, 131, 133, 134, 135, 138, 139, 140, 141, 143, 144, 145, 146, 149, 150, 151, 152, 153, 155, 156, 157, 159, 160, 162, 163, 164, 165, 166, 168, 169, 170, 183, 184, 186, 187, 189, 190, 197, 198, 200, 202, 203, 213, 214, 216, 217, 218, 219, 220, 221, 222, 224, 236, 237, 243, 244, 246, 247, 248, 249, 250, 251, 252, 253, 254, 256], "excluded_lines": [], "executed_branches": [[64, 66], [67, 70], [76, 77]], "missing_branches": [[64, 72], [67, 68], [76, -51], [124, 125], [124, 127], [130, 131], [130, 133], [134, 135], [134, 138], [138, 139], [138, 143], [143, 144], [143, 149], [150, 151], [150, 155], [159, 160], [159, 168], [183, 184], [183, 186], [197, 198], [197, 200], [213, 214], [213, 216], [217, 218], [217, 224], [236, 237], [236, 243], [244, -244], [244, 246], [247, 248], [247, 256], [249, 247], [249, 250], [251, 249], [251, 252]]}, "src\\utils\\schedule_generator.py": {"executed_lines": [], "summary": {"covered_lines": 0, "num_statements": 112, "percent_covered": 0.0, "percent_covered_display": "0", "missing_lines": 112, "excluded_lines": 0, "num_branches": 42, "num_partial_branches": 0, "covered_branches": 0, "missing_branches": 42}, "missing_lines": [3, 4, 6, 7, 8, 9, 12, 17, 47, 55, 58, 86, 89, 90, 93, 101, 103, 104, 106, 108, 111, 114, 115, 116, 117, 118, 119, 122, 123, 124, 125, 128, 129, 130, 133, 136, 145, 147, 159, 162, 163, 164, 166, 167, 170, 171, 172, 173, 174, 175, 176, 177, 180, 185, 196, 198, 200, 202, 204, 205, 206, 207, 208, 209, 210, 213, 214, 216, 218, 234, 235, 236, 239, 240, 241, 247, 248, 250, 252, 253, 256, 259, 260, 261, 263, 265, 268, 270, 272, 273, 274, 275, 278, 281, 283, 284, 285, 288, 290, 293, 294, 295, 297, 299, 300, 301, 303, 307, 310, 313, 314, 315], "excluded_lines": [], "executed_branches": [], "missing_branches": [[89, 90], [89, 93], [103, 104], [103, 162], [104, 106], [104, 108], [124, 125], [124, 128], [129, 130], [129, 133], [162, 163], [162, 166], [163, -163], [163, 164], [171, 172], [171, 180], [175, 176], [175, 177], [180, -180], [180, 185], [204, 205], [204, 213], [205, 204], [205, 206], [213, 214], [213, 216], [240, 241], [240, 247], [250, 252], [250, 303], [263, 265], [263, 297], [270, 272], [270, 288], [281, 283], [281, 290], [293, 263], [293, 294], [297, 250], [297, 299], [313, 314], [313, 315]]}, "src\\utils\\template_cache.py": {"executed_lines": [], "summary": {"covered_lines": 0, "num_statements": 86, "percent_covered": 0.0, "percent_covered_display": "0", "missing_lines": 86, "excluded_lines": 0, "num_branches": 36, "num_partial_branches": 0, "covered_branches": 0, "missing_branches": 36}, "missing_lines": [10, 11, 12, 13, 14, 16, 17, 20, 23, 32, 33, 34, 36, 48, 49, 52, 53, 54, 55, 56, 57, 59, 62, 72, 80, 81, 82, 83, 84, 85, 87, 97, 98, 99, 100, 102, 105, 106, 107, 108, 109, 112, 113, 115, 116, 118, 127, 129, 134, 135, 138, 141, 142, 143, 145, 150, 157, 158, 159, 160, 162, 164, 165, 166, 167, 168, 170, 171, 173, 174, 176, 177, 179, 180, 181, 182, 183, 185, 192, 193, 204, 207, 220, 221, 222, 226], "excluded_lines": [], "executed_branches": [], "missing_branches": [[48, 49], [48, 52], [54, 55], [54, 59], [97, -87], [97, 98], [98, 99], [98, 102], [105, 106], [105, 112], [127, -118], [127, 129], [134, 135], [134, 138], [141, 142], [141, 145], [157, -150], [157, 158], [158, 157], [158, 159], [164, -162], [164, 165], [171, 170], [171, 176], [173, -170], [173, 174], [177, 176], [177, 185], [179, -176], [179, 180], [181, 182], [181, 183], [192, -185], [192, 193], [220, 221], [220, 226]]}, "src\\utils\\template_loader.py": {"executed_lines": [], "summary": {"covered_lines": 0, "num_statements": 156, "percent_covered": 0.0, "percent_covered_display": "0", "missing_lines": 156, "excluded_lines": 0, "num_branches": 54, "num_partial_branches": 0, "covered_branches": 0, "missing_branches": 54}, "missing_lines": [3, 4, 5, 6, 8, 9, 10, 11, 12, 13, 16, 17, 18, 19, 20, 23, 27, 45, 52, 54, 55, 57, 59, 60, 62, 63, 65, 68, 71, 72, 73, 74, 75, 77, 80, 82, 85, 87, 88, 89, 92, 93, 94, 95, 97, 100, 101, 104, 105, 106, 107, 109, 112, 115, 118, 121, 122, 125, 137, 140, 142, 144, 146, 147, 148, 151, 152, 154, 157, 160, 161, 163, 165, 203, 205, 206, 207, 208, 210, 212, 215, 216, 217, 220, 221, 222, 223, 225, 227, 229, 238, 239, 241, 243, 244, 245, 247, 249, 251, 253, 254, 255, 256, 258, 260, 262, 264, 266, 286, 287, 289, 292, 295, 296, 299, 300, 302, 303, 306, 307, 308, 309, 310, 311, 312, 313, 316, 321, 322, 323, 324, 325, 328, 333, 334, 335, 336, 337, 340, 341, 342, 345, 346, 349, 352, 353, 355, 362, 363, 368, 372, 373, 374, 375, 376, 377], "excluded_lines": [], "executed_branches": [], "missing_branches": [[52, 54], [52, 57], [59, 60], [59, 62], [72, 73], [72, 77], [87, 88], [87, 140], [93, 94], [93, 97], [105, 106], [105, 109], [146, 147], [146, 151], [147, 146], [147, 148], [163, 165], [163, 210], [165, 203], [165, 205], [206, 163], [206, 207], [220, 221], [220, 222], [222, 223], [222, 225], [239, -239], [239, -227], [245, -245], [245, -241], [253, 254], [253, 256], [254, 253], [254, 255], [306, 307], [306, 316], [308, 309], [308, 316], [310, 308], [310, 311], [321, 322], [321, 328], [323, 321], [323, 324], [333, 334], [333, 340], [335, 333], [335, 336], [341, 342], [341, 345], [345, 346], [345, 349], [362, 363], [362, 368]]}, "src\\utils\\voice_matcher.py": {"executed_lines": [], "summary": {"covered_lines": 0, "num_statements": 109, "percent_covered": 0.0, "percent_covered_display": "0", "missing_lines": 109, "excluded_lines": 0, "num_branches": 60, "num_partial_branches": 0, "covered_branches": 0, "missing_branches": 60}, "missing_lines": [7, 8, 10, 11, 12, 13, 16, 27, 29, 31, 44, 45, 47, 48, 51, 54, 55, 56, 59, 62, 63, 64, 67, 70, 71, 72, 75, 78, 79, 80, 83, 86, 89, 93, 105, 110, 111, 112, 113, 115, 116, 119, 121, 129, 134, 137, 138, 140, 143, 145, 153, 158, 161, 164, 166, 167, 168, 170, 173, 175, 183, 187, 188, 197, 199, 202, 205, 207, 215, 224, 225, 226, 229, 230, 233, 234, 235, 236, 239, 240, 241, 244, 245, 248, 249, 253, 256, 257, 258, 261, 262, 265, 266, 268, 271, 272, 273, 274, 275, 276, 281, 282, 283, 284, 285, 288, 291, 292, 294], "excluded_lines": [], "executed_branches": [], "missing_branches": [[44, 45], [44, 47], [47, 48], [47, 51], [55, 56], [55, 62], [63, 64], [63, 70], [71, 72], [71, 78], [79, 80], [79, 86], [111, 112], [111, 115], [137, 138], [137, 140], [158, -158], [158, 161], [187, 188], [187, 197], [197, -197], [197, 199], [199, -199], [199, 202], [229, 230], [229, 233], [233, 234], [233, 235], [235, 236], [235, 239], [239, 240], [239, 256], [240, 241], [240, 244], [244, 245], [244, 256], [248, 249], [248, 253], [256, 257], [256, 271], [257, 258], [257, 261], [261, 262], [261, 271], [265, 266], [265, 268], [271, 272], [271, 281], [272, 273], [272, 274], [274, 275], [274, 281], [281, 282], [281, 291], [282, 283], [282, 284], [284, 285], [284, 291], [291, 292], [291, 294]]}, "src\\utils\\voice_metrics.py": {"executed_lines": [], "summary": {"covered_lines": 0, "num_statements": 91, "percent_covered": 0.0, "percent_covered_display": "0", "missing_lines": 91, "excluded_lines": 0, "num_branches": 50, "num_partial_branches": 0, "covered_branches": 0, "missing_branches": 50}, "missing_lines": [12, 13, 14, 17, 25, 27, 142, 161, 162, 165, 166, 169, 171, 172, 175, 178, 179, 182, 185, 187, 188, 189, 199, 202, 204, 205, 207, 208, 209, 211, 212, 213, 214, 215, 218, 219, 222, 224, 239, 240, 242, 243, 246, 247, 248, 251, 252, 253, 254, 261, 267, 269, 286, 287, 289, 290, 293, 294, 297, 299, 300, 301, 302, 304, 306, 313, 327, 330, 331, 334, 335, 338, 339, 344, 345, 346, 347, 350, 351, 352, 353, 354, 357, 358, 362, 364, 374, 375, 376, 377, 381], "excluded_lines": [], "executed_branches": [], "missing_branches": [[161, 162], [161, 165], [171, 172], [171, 175], [175, -175], [175, 178], [187, 188], [187, 189], [188, 187], [188, 189], [189, 188], [189, 224], [204, 205], [204, 207], [211, 212], [211, 218], [213, 214], [213, 215], [218, 219], [218, 222], [242, 243], [242, 267], [246, 247], [246, 251], [247, -247], [247, 248], [252, 253], [252, 261], [289, 290], [289, 293], [299, 300], [299, 301], [301, 302], [301, 304], [330, 331], [330, 334], [334, 335], [334, 338], [338, 339], [338, 344], [344, 345], [344, 346], [346, 347], [346, 350], [351, 352], [351, 362], [353, 354], [353, 357], [357, 358], [357, 362]]}, "src\\validators\\__init__.py": {"executed_lines": [1, 3, 4, 5, 6, 8], "summary": {"covered_lines": 5, "num_statements": 5, "percent_covered": 100.0, "percent_covered_display": "100", "missing_lines": 0, "excluded_lines": 0, "num_branches": 0, "num_partial_branches": 0, "covered_branches": 0, "missing_branches": 0}, "missing_lines": [], "excluded_lines": [], "executed_branches": [], "missing_branches": []}, "src\\validators\\cta_validator.py": {"executed_lines": [1, 6, 7, 8, 10, 11, 12, 15, 16, 19, 28, 44, 54, 110, 124, 152], "summary": {"covered_lines": 14, "num_statements": 60, "percent_covered": 16.666666666666668, "percent_covered_display": "17", "missing_lines": 46, "excluded_lines": 0, "num_branches": 24, "num_partial_branches": 0, "covered_branches": 0, "missing_branches": 24}, "missing_lines": [52, 70, 73, 74, 76, 78, 79, 82, 85, 86, 88, 89, 90, 91, 96, 97, 98, 100, 112, 113, 114, 115, 116, 117, 118, 119, 120, 121, 122, 134, 136, 138, 139, 142, 143, 144, 145, 146, 148, 150, 163, 164, 170, 171, 174, 176], "excluded_lines": [], "executed_branches": [], "missing_branches": [[73, 74], [73, 76], [88, 89], [88, 96], [89, 88], [89, 90], [96, -96], [96, 97], [97, 98], [97, 100], [112, 113], [112, 114], [115, 116], [115, 122], [116, 117], [116, 118], [136, 138], [136, 150], [143, 144], [143, 148], [144, 143], [144, 145], [163, 164], [163, 170]]}, "src\\validators\\headline_validator.py": {"executed_lines": [1, 7, 8, 10, 11, 12, 15, 16, 19, 28, 70, 108, 110, 120, 189, 203, 250], "summary": {"covered_lines": 15, "num_statements": 69, "percent_covered": 14.563106796116505, "percent_covered_display": "15", "missing_lines": 54, "excluded_lines": 0, "num_branches": 34, "num_partial_branches": 0, "covered_branches": 0, "missing_branches": 34}, "missing_lines": [118, 137, 140, 141, 143, 145, 146, 147, 149, 151, 152, 155, 156, 166, 167, 168, 174, 176, 191, 192, 193, 194, 195, 196, 197, 198, 199, 200, 201, 213, 214, 217, 218, 221, 222, 223, 224, 227, 228, 229, 230, 233, 234, 237, 238, 239, 240, 244, 245, 246, 248, 260, 262, 277], "excluded_lines": [], "executed_branches": [], "missing_branches": [[140, 141], [140, 143], [149, 151], [149, 174], [166, 149], [166, 167], [174, -174], [174, 176], [191, 192], [191, 193], [194, 195], [194, 201], [195, 196], [195, 197], [217, 218], [217, 221], [221, 222], [221, 227], [222, 221], [222, 223], [227, 228], [227, 233], [228, 227], [228, 229], [233, 234], [233, 237], [237, 238], [237, 244], [238, 237], [238, 239], [245, 246], [245, 248], [262, -262], [262, 277]]}, "src\\validators\\hook_validator.py": {"executed_lines": [1, 7, 8, 10, 11, 12, 13, 16, 17, 19, 24, 25, 31, 50, 118, 144, 163, 236, 257, 291, 372], "summary": {"covered_lines": 19, "num_statements": 125, "percent_covered": 10.614525139664805, "percent_covered_display": "11", "missing_lines": 106, "excluded_lines": 0, "num_branches": 54, "num_partial_branches": 0, "covered_branches": 0, "missing_branches": 54}, "missing_lines": [20, 21, 46, 47, 48, 68, 71, 72, 75, 76, 77, 80, 83, 86, 87, 93, 94, 97, 98, 100, 101, 106, 108, 128, 129, 132, 133, 135, 136, 137, 138, 139, 140, 142, 154, 155, 157, 158, 159, 161, 176, 178, 180, 181, 183, 185, 187, 188, 189, 190, 191, 193, 194, 205, 206, 210, 212, 218, 220, 221, 223, 224, 234, 251, 252, 255, 270, 272, 273, 274, 276, 277, 289, 307, 309, 313, 314, 317, 318, 319, 321, 323, 324, 325, 327, 328, 329, 332, 333, 335, 336, 337, 339, 340, 341, 344, 346, 347, 350, 351, 354, 356, 357, 368, 370, 384], "excluded_lines": [], "executed_branches": [], "missing_branches": [[86, 87], [86, 93], [93, 94], [93, 97], [100, 101], [100, 106], [128, 129], [128, 132], [133, 135], [133, 142], [135, 136], [135, 137], [155, 157], [155, 161], [176, 178], [176, 180], [183, 185], [183, 234], [185, 187], [185, 205], [193, 183], [193, 194], [210, 212], [210, 218], [223, 183], [223, 224], [251, 252], [251, 255], [272, 273], [272, 289], [273, 272], [273, 274], [276, 273], [276, 277], [307, 309], [307, 313], [317, 318], [317, 332], [318, 319], [318, 321], [324, 325], [324, 327], [335, 336], [335, 370], [336, 337], [336, 339], [340, 341], [340, 344], [346, 335], [346, 347], [350, 351], [350, 354], [356, 346], [356, 357]]}, "src\\validators\\keyword_validator.py": {"executed_lines": [], "summary": {"covered_lines": 0, "num_statements": 64, "percent_covered": 0.0, "percent_covered_display": "0", "missing_lines": 64, "excluded_lines": 0, "num_branches": 24, "num_partial_branches": 0, "covered_branches": 0, "missing_branches": 24}, "missing_lines": [6, 7, 9, 10, 11, 14, 17, 31, 32, 33, 35, 45, 48, 49, 50, 51, 54, 55, 56, 57, 59, 60, 63, 64, 65, 70, 71, 75, 76, 78, 89, 94, 96, 107, 108, 111, 114, 117, 122, 123, 126, 127, 128, 130, 143, 145, 159, 161, 162, 165, 166, 167, 169, 171, 172, 173, 174, 175, 176, 179, 182, 184, 191, 193], "excluded_lines": [], "executed_branches": [], "missing_branches": [[49, 50], [49, 54], [55, -55], [55, 56], [56, -56], [56, 57], [57, -57], [57, 59], [64, 65], [64, 70], [70, 71], [70, 75], [75, 76], [75, 78], [122, -122], [122, 123], [161, 162], [161, 193], [169, 161], [169, 171], [173, 174], [173, 175], [175, 176], [175, 179]]}, "src\\validators\\length_validator.py": {"executed_lines": [1, 6, 7, 9, 10, 11, 12, 15, 16, 18, 42, 118, 143, 167, 196, 223], "summary": {"covered_lines": 14, "num_statements": 97, "percent_covered": 9.655172413793103, "percent_covered_display": "10", "missing_lines": 83, "excluded_lines": 0, "num_branches": 48, "num_partial_branches": 0, "covered_branches": 0, "missing_branches": 48}, "missing_lines": [36, 37, 38, 39, 40, 56, 57, 60, 63, 64, 65, 66, 67, 68, 70, 71, 72, 73, 75, 78, 79, 80, 81, 86, 87, 88, 89, 94, 95, 96, 101, 102, 105, 107, 128, 129, 132, 133, 135, 136, 139, 141, 153, 154, 155, 156, 157, 158, 159, 160, 161, 162, 165, 178, 179, 181, 182, 183, 186, 187, 188, 189, 190, 191, 194, 210, 213, 216, 217, 218, 219, 221, 233, 234, 237, 238, 240, 241, 242, 243, 244, 245, 247], "excluded_lines": [], "executed_branches": [], "missing_branches": [[63, 64], [63, 70], [79, 80], [79, 86], [80, 81], [80, 86], [87, 88], [87, 94], [88, 89], [88, 94], [95, 96], [95, 101], [101, -101], [101, 102], [128, 129], [128, 132], [133, 135], [133, 139], [153, 154], [153, 155], [155, 156], [155, 157], [157, 158], [157, 159], [159, 160], [159, 161], [161, 162], [161, 165], [178, 179], [178, 194], [179, 181], [179, 186], [182, 178], [182, 183], [187, 178], [187, 188], [190, 178], [190, 191], [216, 217], [216, 221], [218, 216], [218, 219], [233, 234], [233, 237], [238, 240], [238, 247], [240, 241], [240, 242]]}, "src\\validators\\prompt_injection_defense.py": {"executed_lines": [1, 16, 17, 18, 19, 21, 24, 25, 26, 28, 29, 30, 31, 34, 35, 47, 75, 91, 98, 105, 108, 109, 110, 112, 152, 200, 201, 206, 216, 222, 223, 226, 228, 262, 263, 266, 295, 309, 333, 334], "summary": {"covered_lines": 35, "num_statements": 96, "percent_covered": 25.694444444444443, "percent_covered_display": "26", "missing_lines": 61, "excluded_lines": 0, "num_branches": 48, "num_partial_branches": 0, "covered_branches": 2, "missing_branches": 46}, "missing_lines": [119, 120, 123, 124, 125, 126, 127, 130, 131, 132, 133, 134, 135, 138, 139, 140, 141, 142, 143, 146, 147, 148, 150, 163, 165, 166, 171, 177, 179, 181, 182, 185, 186, 189, 190, 192, 235, 238, 239, 240, 241, 244, 245, 246, 247, 249, 251, 252, 257, 280, 281, 284, 286, 287, 292, 305, 306, 322, 324, 325, 330], "excluded_lines": [], "executed_branches": [[24, 25], [24, 26]], "missing_branches": [[123, 124], [123, 130], [125, 123], [125, 126], [130, 131], [130, 138], [132, 130], [132, 133], [134, 130], [134, 135], [138, 139], [138, 146], [140, 138], [140, 141], [142, 138], [142, 143], [147, 148], [147, 150], [165, 166], [165, 171], [179, 181], [179, 189], [181, 182], [181, 185], [185, 186], [185, 192], [186, -186], [186, 185], [189, 190], [189, 192], [190, -190], [190, 189], [238, 239], [238, 244], [240, 238], [240, 241], [244, 245], [244, 249], [246, 244], [246, 247], [251, 252], [251, 257], [286, 287], [286, 292], [324, 325], [324, 330]]}, "src\\validators\\research_input_validator.py": {"executed_lines": [1, 17, 18, 20, 23, 24, 27, 28, 54, 55, 56, 58, 67, 130, 193, 243, 279, 315, 369, 394, 430], "summary": {"covered_lines": 18, "num_statements": 132, "percent_covered": 8.49056603773585, "percent_covered_display": "8", "missing_lines": 114, "excluded_lines": 0, "num_branches": 80, "num_partial_branches": 0, "covered_branches": 0, "missing_branches": 80}, "missing_lines": [65, 96, 97, 98, 99, 102, 103, 106, 107, 110, 111, 115, 116, 121, 122, 123, 124, 125, 127, 128, 157, 158, 159, 160, 163, 164, 167, 170, 171, 175, 176, 181, 182, 183, 184, 185, 186, 187, 188, 189, 191, 218, 219, 220, 221, 224, 225, 228, 229, 230, 231, 236, 237, 241, 259, 260, 261, 262, 265, 266, 269, 270, 271, 274, 275, 277, 295, 296, 297, 298, 301, 302, 305, 306, 307, 310, 311, 313, 340, 341, 342, 343, 346, 347, 348, 349, 350, 351, 353, 358, 359, 361, 362, 364, 365, 382, 383, 385, 407, 408, 411, 416, 417, 418, 425, 427, 443, 444, 447, 452, 453, 454, 461, 463], "excluded_lines": [], "executed_branches": [], "missing_branches": [[96, 97], [96, 102], [97, 98], [97, 99], [102, 103], [102, 106], [110, 111], [110, 115], [115, 116], [115, 121], [121, 122], [121, 127], [157, 158], [157, 163], [158, 159], [158, 160], [163, 164], [163, 167], [170, 171], [170, 175], [175, 176], [175, 181], [181, 182], [181, 191], [183, 184], [183, 189], [218, 219], [218, 224], [219, 220], [219, 221], [224, 225], [224, 228], [228, 229], [228, 236], [230, 231], [230, 236], [236, 237], [236, 241], [259, 260], [259, 265], [260, 261], [260, 262], [265, 266], [265, 269], [270, 271], [270, 274], [274, 275], [274, 277], [295, 296], [295, 301], [296, 297], [296, 298], [301, 302], [301, 305], [306, 307], [306, 310], [310, 311], [310, 313], [340, 341], [340, 346], [341, 342], [341, 343], [346, 347], [346, 358], [347, 348], [347, 353], [358, 359], [358, 361], [361, 362], [361, 364], [382, 383], [382, 385], [407, 408], [407, 411], [417, 418], [417, 427], [443, 444], [443, 447], [453, 454], [453, 463]]}}, "totals": {"covered_lines": 1323, "num_statements": 8220, "percent_covered": 12.512530757313405, "percent_covered_display": "13", "missing_lines": 6897, "excluded_lines": 23, "num_branches": 2753, "num_partial_branches": 10, "covered_branches": 50, "missing_branches": 2703}}
